#
# There is insufficient memory for the Java Runtime Environment to continue.
# Native memory allocation (mmap) failed to map 1073741824 bytes for committing reserved memory.
# Possible reasons:
#   The system is out of physical RAM or swap space
#   The process is running with CompressedOops enabled, and the Java Heap may be blocking the growth of the native heap
# Possible solutions:
#   Reduce memory load on the system
#   Increase physical memory or swap space
#   Check if swap backing store is full
#   Decrease Java heap size (-Xmx/-Xms)
#   Decrease number of Java threads
#   Decrease Java thread stack sizes (-Xss)
#   Set larger code cache with -XX:ReservedCodeCacheSize=
# This output file may be truncated or incomplete.
#
#  Out of Memory Error (os_linux.cpp:3229), pid=109232, tid=109604
#
# JRE version:  (11.0.21+9) (build )
# Java VM: OpenJDK 64-Bit Server VM (11.0.21+9-LTS, mixed mode, sharing, tiered, compressed oops, g1 gc, linux-amd64)
# Core dump will be written. Default location: Core dumps may be processed with "/usr/lib/systemd/systemd-coredump %P %u %g %s %t %c %h" (or dumping to /home/ec2-user/kafka_2.13-3.6.0/core.109232)
#

---------------  S U M M A R Y ------------

Command Line: -Xmx1G -Xms1G -XX:+UseG1GC -XX:MaxGCPauseMillis=20 -XX:InitiatingHeapOccupancyPercent=35 -XX:+ExplicitGCInvokesConcurrent -XX:MaxInlineLevel=15 -Djava.awt.headless=true -Xlog:gc*:file=/home/ec2-user/kafka_2.13-3.6.0/bin/../logs/kafkaServer-gc.log:time,tags:filecount=10,filesize=100M -Dcom.sun.management.jmxremote -Dcom.sun.management.jmxremote.authenticate=false -Dcom.sun.management.jmxremote.ssl=false -Dkafka.logs.dir=/home/ec2-user/kafka_2.13-3.6.0/bin/../logs -Dlog4j.configuration=file:./bin/../config/log4j.properties kafka.Kafka server.properties

Host: Intel(R) Xeon(R) CPU E5-2686 v4 @ 2.30GHz, 1 cores, 949M, Amazon Linux release 2023 (Amazon Linux)
Time: Wed Nov  8 13:15:10 2023 UTC elapsed time: 0.016254 seconds (0d 0h 0m 0s)

---------------  T H R E A D  ---------------

Current thread (0x00007fab3c019800):  JavaThread "Unknown thread" [_thread_in_vm, id=109604, stack(0x00007fab45300000,0x00007fab45400000)]

Stack: [0x00007fab45300000,0x00007fab45400000],  sp=0x00007fab453fe0a0,  free space=1016k
Native frames: (J=compiled Java code, A=aot compiled Java code, j=interpreted, Vv=VM code, C=native code)
V  [libjvm.so+0xea5057]  VMError::report_and_die(int, char const*, char const*, __va_list_tag*, Thread*, unsigned char*, void*, void*, char const*, int, unsigned long)+0x1c7
V  [libjvm.so+0xea5e0d]  VMError::report_and_die(Thread*, char const*, int, unsigned long, VMErrorType, char const*, __va_list_tag*)+0x2d
V  [libjvm.so+0x6ad7f6]  report_vm_out_of_memory(char const*, int, unsigned long, VMErrorType, char const*, ...)+0xc6
V  [libjvm.so+0xc1b51b]  os::pd_commit_memory_or_exit(char*, unsigned long, unsigned long, bool, char const*)+0xeb
V  [libjvm.so+0xc140dd]  os::commit_memory_or_exit(char*, unsigned long, unsigned long, bool, char const*)+0x1d
V  [libjvm.so+0x7c516e]  G1PageBasedVirtualSpace::commit_preferred_pages(unsigned long, unsigned long)+0x6e
V  [libjvm.so+0x7c5558]  G1PageBasedVirtualSpace::commit(unsigned long, unsigned long)+0x198
V  [libjvm.so+0x7d0443]  G1RegionsLargerThanCommitSizeMapper::commit_regions(unsigned int, unsigned long, WorkGang*)+0x43
V  [libjvm.so+0x856d24]  HeapRegionManager::commit_regions(unsigned int, unsigned long, WorkGang*)+0x54
V  [libjvm.so+0x857954]  HeapRegionManager::make_regions_available(unsigned int, unsigned int, WorkGang*)+0x34
V  [libjvm.so+0x857f89]  HeapRegionManager::expand_by(unsigned int, WorkGang*)+0x69
V  [libjvm.so+0x78002f]  G1CollectedHeap::expand(unsigned long, WorkGang*, double*)+0xdf
V  [libjvm.so+0x78070d]  G1CollectedHeap::initialize()+0x66d
V  [libjvm.so+0xe60f11]  Universe::initialize_heap()+0x41
V  [libjvm.so+0xe611c6]  universe_init()+0x46
V  [libjvm.so+0x876ba8]  init_globals()+0x58
V  [libjvm.so+0xe391f0]  Threads::create_vm(JavaVMInitArgs*, bool*)+0x4d0
V  [libjvm.so+0x91f571]  JNI_CreateJavaVM+0x51
C  [libjli.so+0x4909]  JavaMain+0x89
C  [libjli.so+0x93f9]  ThreadJavaMain+0x9


---------------  P R O C E S S  ---------------

Threads class SMR info:
_java_thread_list=0x0000556fb02d4420, length=0, elements={
}

Java Threads: ( => current thread )

Other Threads:
  0x00007fab3c032000 GCTaskThread "GC Thread#0" [stack: 0x00007fab43100000,0x00007fab43200000] [id=109605]
  0x00007fab3c04d800 ConcurrentGCThread "G1 Main Marker" [stack: 0x00007fab408fe000,0x00007fab409fe000] [id=109606]
  0x00007fab3c04f800 ConcurrentGCThread "G1 Conc#0" [stack: 0x00007fab407fd000,0x00007fab408fd000] [id=109607]

[error occurred during error reporting (printing all threads), id 0xb, SIGSEGV (0xb) at pc=0x00007fab4479dfe0]

VM state:not at safepoint (not fully initialized)

VM Mutex/Monitor currently owned by a thread:  ([mutex/lock_event])
[0x00007fab3c0167f0] Heap_lock - owner thread: 0x00007fab3c019800

Heap address: 0x00000000c0000000, size: 1024 MB, Compressed Oops mode: Non-zero based: 0x00000000c0000000
Narrow klass base: 0x0000000000000000, Narrow klass shift: 0

GC Heap History (0 events):
No events

Deoptimization events (0 events):
No events

Classes redefined (0 events):
No events

Internal exceptions (0 events):
No events

Events (2 events):
Event: 0.003 Protecting memory [0x00007fab45300000,0x00007fab45304000] with protection modes 0
Event: 0.003 Loaded shared library /usr/lib/jvm/java-11-amazon-corretto.x86_64/lib/libzip.so


Dynamic libraries:
556faec04000-556faec05000 r--p 00000000 ca:01 41945877                   /usr/lib/jvm/java-11-amazon-corretto.x86_64/bin/java
556faec05000-556faec06000 r-xp 00001000 ca:01 41945877                   /usr/lib/jvm/java-11-amazon-corretto.x86_64/bin/java
556faec06000-556faec07000 r--p 00002000 ca:01 41945877                   /usr/lib/jvm/java-11-amazon-corretto.x86_64/bin/java
556faec07000-556faec08000 r--p 00002000 ca:01 41945877                   /usr/lib/jvm/java-11-amazon-corretto.x86_64/bin/java
556faec08000-556faec09000 rw-p 00003000 ca:01 41945877                   /usr/lib/jvm/java-11-amazon-corretto.x86_64/bin/java
556fb02ba000-556fb02db000 rw-p 00000000 00:00 0                          [heap]
7fab16000000-7fab18000000 rw-p 00000000 00:00 0 
7fab18000000-7fab18021000 rw-p 00000000 00:00 0 
7fab18021000-7fab1c000000 ---p 00000000 00:00 0 
7fab1c000000-7fab1c021000 rw-p 00000000 00:00 0 
7fab1c021000-7fab20000000 ---p 00000000 00:00 0 
7fab20000000-7fab20021000 rw-p 00000000 00:00 0 
7fab20021000-7fab24000000 ---p 00000000 00:00 0 
7fab24600000-7fab24870000 rwxp 00000000 00:00 0 
7fab24870000-7fab24b8f000 ---p 00000000 00:00 0 
7fab24b8f000-7fab24dff000 rwxp 00000000 00:00 0 
7fab24dff000-7fab2c0c7000 ---p 00000000 00:00 0 
7fab2c0c7000-7fab2c337000 rwxp 00000000 00:00 0 
7fab2c337000-7fab33600000 ---p 00000000 00:00 0 
7fab33600000-7fab3be22000 r--s 00000000 ca:01 33567539                   /usr/lib/jvm/java-11-amazon-corretto.x86_64/lib/modules
7fab3c000000-7fab3c061000 rw-p 00000000 00:00 0 
7fab3c061000-7fab40000000 ---p 00000000 00:00 0 
7fab40341000-7fab407fc000 rw-p 00000000 00:00 0 
7fab407fc000-7fab407fd000 ---p 00000000 00:00 0 
7fab407fd000-7fab408fd000 rw-p 00000000 00:00 0 
7fab408fd000-7fab408fe000 ---p 00000000 00:00 0 
7fab408fe000-7fab409fe000 rw-p 00000000 00:00 0 
7fab409fe000-7fab42ffe000 ---p 00000000 00:00 0 
7fab42ffe000-7fab430ff000 rw-p 00000000 00:00 0 
7fab430ff000-7fab43100000 ---p 00000000 00:00 0 
7fab43100000-7fab43200000 rw-p 00000000 00:00 0 
7fab43200000-7fab43ad4000 r--s 00000000 ca:01 8545375                    /var/lib/sss/mc/passwd
7fab43b15000-7fab43b1a000 rw-p 00000000 00:00 0 
7fab43b1a000-7fab43c00000 ---p 00000000 00:00 0 
7fab43c00000-7fab43c99000 r--p 00000000 ca:01 8524901                    /usr/lib64/libstdc++.so.6.0.29
7fab43c99000-7fab43d9a000 r-xp 00099000 ca:01 8524901                    /usr/lib64/libstdc++.so.6.0.29
7fab43d9a000-7fab43e0d000 r--p 0019a000 ca:01 8524901                    /usr/lib64/libstdc++.so.6.0.29
7fab43e0d000-7fab43e1a000 r--p 0020c000 ca:01 8524901                    /usr/lib64/libstdc++.so.6.0.29
7fab43e1a000-7fab43e1b000 rw-p 00219000 ca:01 8524901                    /usr/lib64/libstdc++.so.6.0.29
7fab43e1b000-7fab43e1e000 rw-p 00000000 00:00 0 
7fab43eb8000-7fab43ee0000 rw-p 00000000 00:00 0 
7fab43ee0000-7fab43fc6000 ---p 00000000 00:00 0 
7fab43fc6000-7fab43fcb000 rw-p 00000000 00:00 0 
7fab43fcb000-7fab43fd2000 ---p 00000000 00:00 0 
7fab43fd2000-7fab43fe0000 r--p 00000000 ca:01 33567518                   /usr/lib/jvm/java-11-amazon-corretto.x86_64/lib/libjava.so
7fab43fe0000-7fab43ff6000 r-xp 0000e000 ca:01 33567518                   /usr/lib/jvm/java-11-amazon-corretto.x86_64/lib/libjava.so
7fab43ff6000-7fab43ffd000 r--p 00024000 ca:01 33567518                   /usr/lib/jvm/java-11-amazon-corretto.x86_64/lib/libjava.so
7fab43ffd000-7fab43ffe000 r--p 0002a000 ca:01 33567518                   /usr/lib/jvm/java-11-amazon-corretto.x86_64/lib/libjava.so
7fab43ffe000-7fab43fff000 rw-p 0002b000 ca:01 33567518                   /usr/lib/jvm/java-11-amazon-corretto.x86_64/lib/libjava.so
7fab43fff000-7fab44000000 rw-p 00000000 00:00 0 
7fab44000000-7fab44284000 r--p 00000000 ca:01 1282871                    /usr/lib/jvm/java-11-amazon-corretto.x86_64/lib/server/libjvm.so
7fab44284000-7fab44f18000 r-xp 00284000 ca:01 1282871                    /usr/lib/jvm/java-11-amazon-corretto.x86_64/lib/server/libjvm.so
7fab44f18000-7fab45177000 r--p 00f18000 ca:01 1282871                    /usr/lib/jvm/java-11-amazon-corretto.x86_64/lib/server/libjvm.so
7fab45177000-7fab4523b000 r--p 01177000 ca:01 1282871                    /usr/lib/jvm/java-11-amazon-corretto.x86_64/lib/server/libjvm.so
7fab4523b000-7fab45276000 rw-p 0123b000 ca:01 1282871                    /usr/lib/jvm/java-11-amazon-corretto.x86_64/lib/server/libjvm.so
7fab45276000-7fab452cd000 rw-p 00000000 00:00 0 
7fab452ce000-7fab452d0000 r--p 00000000 ca:01 33567538                   /usr/lib/jvm/java-11-amazon-corretto.x86_64/lib/libzip.so
7fab452d0000-7fab452d4000 r-xp 00002000 ca:01 33567538                   /usr/lib/jvm/java-11-amazon-corretto.x86_64/lib/libzip.so
7fab452d4000-7fab452d6000 r--p 00006000 ca:01 33567538                   /usr/lib/jvm/java-11-amazon-corretto.x86_64/lib/libzip.so
7fab452d6000-7fab452d7000 r--p 00007000 ca:01 33567538                   /usr/lib/jvm/java-11-amazon-corretto.x86_64/lib/libzip.so
7fab452d7000-7fab452d8000 rw-p 00000000 00:00 0 
7fab452d8000-7fab452e0000 rw-s 00000000 00:1c 3236                       /tmp/hsperfdata_ec2-user/109232
7fab452e0000-7fab452e2000 r--p 00000000 ca:01 9455124                    /usr/lib64/libnss_sss.so.2
7fab452e2000-7fab452e9000 r-xp 00002000 ca:01 9455124                    /usr/lib64/libnss_sss.so.2
7fab452e9000-7fab452eb000 r--p 00009000 ca:01 9455124                    /usr/lib64/libnss_sss.so.2
7fab452eb000-7fab452ec000 r--p 0000a000 ca:01 9455124                    /usr/lib64/libnss_sss.so.2
7fab452ec000-7fab452ed000 rw-p 0000b000 ca:01 9455124                    /usr/lib64/libnss_sss.so.2
7fab452ed000-7fab452f2000 r--p 00000000 ca:01 33567537                   /usr/lib/jvm/java-11-amazon-corretto.x86_64/lib/libverify.so
7fab452f2000-7fab452fb000 r-xp 00005000 ca:01 33567537                   /usr/lib/jvm/java-11-amazon-corretto.x86_64/lib/libverify.so
7fab452fb000-7fab452fd000 r--p 0000e000 ca:01 33567537                   /usr/lib/jvm/java-11-amazon-corretto.x86_64/lib/libverify.so
7fab452fd000-7fab452ff000 r--p 0000f000 ca:01 33567537                   /usr/lib/jvm/java-11-amazon-corretto.x86_64/lib/libverify.so
7fab452ff000-7fab45300000 rw-p 00000000 00:00 0 
7fab45300000-7fab45304000 ---p 00000000 00:00 0 
7fab45304000-7fab45400000 rw-p 00000000 00:00 0 
7fab45400000-7fab45428000 r--p 00000000 ca:01 8524744                    /usr/lib64/libc.so.6
7fab45428000-7fab4559d000 r-xp 00028000 ca:01 8524744                    /usr/lib64/libc.so.6
7fab4559d000-7fab455f5000 r--p 0019d000 ca:01 8524744                    /usr/lib64/libc.so.6
7fab455f5000-7fab455f9000 r--p 001f5000 ca:01 8524744                    /usr/lib64/libc.so.6
7fab455f9000-7fab455fb000 rw-p 001f9000 ca:01 8524744                    /usr/lib64/libc.so.6
7fab455fb000-7fab45608000 rw-p 00000000 00:00 0 
7fab4560d000-7fab4560f000 r--p 00000000 ca:01 33567521                   /usr/lib/jvm/java-11-amazon-corretto.x86_64/lib/libjimage.so
7fab4560f000-7fab45612000 r-xp 00002000 ca:01 33567521                   /usr/lib/jvm/java-11-amazon-corretto.x86_64/lib/libjimage.so
7fab45612000-7fab45613000 r--p 00005000 ca:01 33567521                   /usr/lib/jvm/java-11-amazon-corretto.x86_64/lib/libjimage.so
7fab45613000-7fab45614000 r--p 00006000 ca:01 33567521                   /usr/lib/jvm/java-11-amazon-corretto.x86_64/lib/libjimage.so
7fab45614000-7fab45615000 rw-p 00007000 ca:01 33567521                   /usr/lib/jvm/java-11-amazon-corretto.x86_64/lib/libjimage.so
7fab45615000-7fab45616000 r--p 00000000 ca:01 8524754                    /usr/lib64/librt.so.1
7fab45616000-7fab45617000 r-xp 00001000 ca:01 8524754                    /usr/lib64/librt.so.1
7fab45617000-7fab45618000 r--p 00002000 ca:01 8524754                    /usr/lib64/librt.so.1
7fab45618000-7fab45619000 r--p 00002000 ca:01 8524754                    /usr/lib64/librt.so.1
7fab45619000-7fab4561a000 rw-p 00003000 ca:01 8524754                    /usr/lib64/librt.so.1
7fab4561a000-7fab4561d000 r--p 00000000 ca:01 8519859                    /usr/lib64/libgcc_s-11-20230605.so.1
7fab4561d000-7fab4562f000 r-xp 00003000 ca:01 8519859                    /usr/lib64/libgcc_s-11-20230605.so.1
7fab4562f000-7fab45632000 r--p 00015000 ca:01 8519859                    /usr/lib64/libgcc_s-11-20230605.so.1
7fab45632000-7fab45633000 r--p 00018000 ca:01 8519859                    /usr/lib64/libgcc_s-11-20230605.so.1
7fab45633000-7fab45634000 rw-p 00019000 ca:01 8519859                    /usr/lib64/libgcc_s-11-20230605.so.1
7fab45634000-7fab45641000 r--p 00000000 ca:01 8524747                    /usr/lib64/libm.so.6
7fab45641000-7fab456b1000 r-xp 0000d000 ca:01 8524747                    /usr/lib64/libm.so.6
7fab456b1000-7fab4570d000 r--p 0007d000 ca:01 8524747                    /usr/lib64/libm.so.6
7fab4570d000-7fab4570e000 r--p 000d8000 ca:01 8524747                    /usr/lib64/libm.so.6
7fab4570e000-7fab4570f000 rw-p 000d9000 ca:01 8524747                    /usr/lib64/libm.so.6
7fab4570f000-7fab45712000 rw-p 00000000 00:00 0 
7fab45712000-7fab45715000 r--p 00000000 ca:01 50343939                   /usr/lib/jvm/java-11-amazon-corretto.x86_64/lib/jli/libjli.so
7fab45715000-7fab4571f000 r-xp 00003000 ca:01 50343939                   /usr/lib/jvm/java-11-amazon-corretto.x86_64/lib/jli/libjli.so
7fab4571f000-7fab45722000 r--p 0000d000 ca:01 50343939                   /usr/lib/jvm/java-11-amazon-corretto.x86_64/lib/jli/libjli.so
7fab45722000-7fab45723000 r--p 00010000 ca:01 50343939                   /usr/lib/jvm/java-11-amazon-corretto.x86_64/lib/jli/libjli.so
7fab45723000-7fab45724000 rw-p 00011000 ca:01 50343939                   /usr/lib/jvm/java-11-amazon-corretto.x86_64/lib/jli/libjli.so
7fab45724000-7fab45727000 r--p 00000000 ca:01 8524787                    /usr/lib64/libz.so.1.2.11
7fab45727000-7fab45736000 r-xp 00003000 ca:01 8524787                    /usr/lib64/libz.so.1.2.11
7fab45736000-7fab4573c000 r--p 00012000 ca:01 8524787                    /usr/lib64/libz.so.1.2.11
7fab4573c000-7fab4573d000 r--p 00018000 ca:01 8524787                    /usr/lib64/libz.so.1.2.11
7fab4573d000-7fab4573e000 rw-p 00000000 00:00 0 
7fab45740000-7fab45741000 ---p 00000000 00:00 0 
7fab45741000-7fab45742000 r--p 00000000 00:00 0 
7fab45742000-7fab45744000 rw-p 00000000 00:00 0 
7fab45744000-7fab45746000 r--p 00000000 ca:01 8524740                    /usr/lib64/ld-linux-x86-64.so.2
7fab45746000-7fab4576c000 r-xp 00002000 ca:01 8524740                    /usr/lib64/ld-linux-x86-64.so.2
7fab4576c000-7fab45777000 r--p 00028000 ca:01 8524740                    /usr/lib64/ld-linux-x86-64.so.2
7fab45777000-7fab45779000 r--p 00033000 ca:01 8524740                    /usr/lib64/ld-linux-x86-64.so.2
7fab45779000-7fab4577b000 rw-p 00035000 ca:01 8524740                    /usr/lib64/ld-linux-x86-64.so.2
7ffc1ca86000-7ffc1caa9000 rw-p 00000000 00:00 0                          [stack]
7ffc1cb4f000-7ffc1cb53000 r--p 00000000 00:00 0                          [vvar]
7ffc1cb53000-7ffc1cb55000 r-xp 00000000 00:00 0                          [vdso]
ffffffffff600000-ffffffffff601000 --xp 00000000 00:00 0                  [vsyscall]


VM Arguments:
jvm_args: -Xmx1G -Xms1G -XX:+UseG1GC -XX:MaxGCPauseMillis=20 -XX:InitiatingHeapOccupancyPercent=35 -XX:+ExplicitGCInvokesConcurrent -XX:MaxInlineLevel=15 -Djava.awt.headless=true -Xlog:gc*:file=/home/ec2-user/kafka_2.13-3.6.0/bin/../logs/kafkaServer-gc.log:time,tags:filecount=10,filesize=100M -Dcom.sun.management.jmxremote -Dcom.sun.management.jmxremote.authenticate=false -Dcom.sun.management.jmxremote.ssl=false -Dkafka.logs.dir=/home/ec2-user/kafka_2.13-3.6.0/bin/../logs -Dlog4j.configuration=file:./bin/../config/log4j.properties 
java_command: kafka.Kafka server.properties
java_class_path (initial): /home/ec2-user/kafka_2.13-3.6.0/bin/../libs/activation-1.1.1.jar:/home/ec2-user/kafka_2.13-3.6.0/bin/../libs/aopalliance-repackaged-2.6.1.jar:/home/ec2-user/kafka_2.13-3.6.0/bin/../libs/argparse4j-0.7.0.jar:/home/ec2-user/kafka_2.13-3.6.0/bin/../libs/audience-annotations-0.12.0.jar:/home/ec2-user/kafka_2.13-3.6.0/bin/../libs/caffeine-2.9.3.jar:/home/ec2-user/kafka_2.13-3.6.0/bin/../libs/checker-qual-3.19.0.jar:/home/ec2-user/kafka_2.13-3.6.0/bin/../libs/commons-beanutils-1.9.4.jar:/home/ec2-user/kafka_2.13-3.6.0/bin/../libs/commons-cli-1.4.jar:/home/ec2-user/kafka_2.13-3.6.0/bin/../libs/commons-collections-3.2.2.jar:/home/ec2-user/kafka_2.13-3.6.0/bin/../libs/commons-digester-2.1.jar:/home/ec2-user/kafka_2.13-3.6.0/bin/../libs/commons-io-2.11.0.jar:/home/ec2-user/kafka_2.13-3.6.0/bin/../libs/commons-lang3-3.8.1.jar:/home/ec2-user/kafka_2.13-3.6.0/bin/../libs/commons-logging-1.2.jar:/home/ec2-user/kafka_2.13-3.6.0/bin/../libs/commons-validator-1.7.jar:/home/ec2-user/kafka_2.13-3.6.0/bin/../libs/connect-api-3.6.0.jar:/home/ec2-user/kafka_2.13-3.6.0/bin/../libs/connect-basic-auth-extension-3.6.0.jar:/home/ec2-user/kafka_2.13-3.6.0/bin/../libs/connect-json-3.6.0.jar:/home/ec2-user/kafka_2.13-3.6.0/bin/../libs/connect-mirror-3.6.0.jar:/home/ec2-user/kafka_2.13-3.6.0/bin/../libs/connect-mirror-client-3.6.0.jar:/home/ec2-user/kafka_2.13-3.6.0/bin/../libs/connect-runtime-3.6.0.jar:/home/ec2-user/kafka_2.13-3.6.0/bin/../libs/connect-transforms-3.6.0.jar:/home/ec2-user/kafka_2.13-3.6.0/bin/../libs/error_prone_annotations-2.10.0.jar:/home/ec2-user/kafka_2.13-3.6.0/bin/../libs/hk2-api-2.6.1.jar:/home/ec2-user/kafka_2.13-3.6.0/bin/../libs/hk2-locator-2.6.1.jar:/home/ec2-user/kafka_2.13-3.6.0/bin/../libs/hk2-utils-2.6.1.jar:/home/ec2-user/kafka_2.13-3.6.0/bin/../libs/jackson-annotations-2.13.5.jar:/home/ec2-user/kafka_2.13-3.6.0/bin/../libs/jackson-core-2.13.5.jar:/home/ec2-user/kafka_2.13-3.6.0/bin/../libs/jackson-databind-2.13.5.jar:/home/ec2-user/k
Launcher Type: SUN_STANDARD

[Global flags]
     intx CICompilerCount                          = 2                                         {product} {ergonomic}
     uint ConcGCThreads                            = 1                                         {product} {ergonomic}
     bool ExplicitGCInvokesConcurrent              = true                                      {product} {command line}
     uint G1ConcRefinementThreads                  = 1                                         {product} {ergonomic}
   size_t G1HeapRegionSize                         = 1048576                                   {product} {ergonomic}
    uintx GCDrainStackTargetSize                   = 64                                        {product} {ergonomic}
   size_t InitialHeapSize                          = 1073741824                                {product} {command line}
    uintx InitiatingHeapOccupancyPercent           = 35                                        {product} {command line}
     bool ManagementServer                         = true                                      {product} {command line}
   size_t MarkStackSize                            = 4194304                                   {product} {ergonomic}
    uintx MaxGCPauseMillis                         = 20                                        {product} {command line}
   size_t MaxHeapSize                              = 1073741824                                {product} {command line}
     intx MaxInlineLevel                           = 15                                        {product} {command line}
   size_t MinHeapDeltaBytes                        = 1048576                                   {product} {ergonomic}
    uintx NonNMethodCodeHeapSize                   = 5825164                                {pd product} {ergonomic}
    uintx NonProfiledCodeHeapSize                  = 122916538                              {pd product} {ergonomic}
    uintx ProfiledCodeHeapSize                     = 122916538                              {pd product} {ergonomic}
    uintx ReservedCodeCacheSize                    = 251658240                              {pd product} {ergonomic}
     bool SegmentedCodeCache                       = true                                      {product} {ergonomic}
     bool UseCompressedClassPointers               = true                                 {lp64_product} {ergonomic}
     bool UseCompressedOops                        = true                                 {lp64_product} {ergonomic}
     bool UseG1GC                                  = true                                      {product} {command line}

Logging:
Log output configuration:
 #0: stdout all=warning uptime,level,tags
 #1: stderr all=off uptime,level,tags
 #2: file=/home/ec2-user/kafka_2.13-3.6.0/bin/../logs/kafkaServer-gc.log all=off,gc*=info time,tags filecount=10,filesize=100M (reconfigured)

Environment Variables:
PATH=/home/ec2-user/.local/bin:/home/ec2-user/bin:/usr/local/bin:/usr/bin:/usr/local/sbin:/usr/sbin
SHELL=/bin/bash
LANG=C.UTF-8
TERM=xterm-256color

Signal Handlers:
SIGSEGV: [libjvm.so+0xea5e60], sa_mask[0]=11111111011111111101111111111110, sa_flags=SA_RESTART|SA_SIGINFO
SIGBUS: [libjvm.so+0xea5e60], sa_mask[0]=11111111011111111101111111111110, sa_flags=SA_RESTART|SA_SIGINFO
SIGFPE: [libjvm.so+0xea5e60], sa_mask[0]=11111111011111111101111111111110, sa_flags=SA_RESTART|SA_SIGINFO
SIGPIPE: [libjvm.so+0xc15f10], sa_mask[0]=11111111011111111101111111111110, sa_flags=SA_RESTART|SA_SIGINFO
SIGXFSZ: [libjvm.so+0xc15f10], sa_mask[0]=11111111011111111101111111111110, sa_flags=SA_RESTART|SA_SIGINFO
SIGILL: [libjvm.so+0xea5e60], sa_mask[0]=11111111011111111101111111111110, sa_flags=SA_RESTART|SA_SIGINFO
SIGUSR2: [libjvm.so+0xc15db0], sa_mask[0]=00000000000000000000000000000000, sa_flags=SA_RESTART|SA_SIGINFO
SIGHUP: SIG_DFL, sa_mask[0]=00000000000000000000000000000000, sa_flags=none
SIGINT: SIG_DFL, sa_mask[0]=00000000000000000000000000000000, sa_flags=none
SIGTERM: SIG_DFL, sa_mask[0]=00000000000000000000000000000000, sa_flags=none
SIGQUIT: SIG_DFL, sa_mask[0]=00000000000000000000000000000000, sa_flags=none


---------------  S Y S T E M  ---------------

OS:Amazon Linux release 2023 (Amazon Linux)
uname:Linux 6.1.59-84.139.amzn2023.x86_64 #1 SMP PREEMPT_DYNAMIC Tue Oct 24 20:57:25 UTC 2023 x86_64
OS uptime: 2 days 0:30 hours
libc:glibc 2.34 NPTL 2.34 
rlimit (soft/hard): STACK 8192k/10240k , CORE infinity/infinity , NPROC infinity/infinity , NOFILE 65535/65535 , AS infinity/infinity , CPU infinity/infinity , DATA infinity/infinity , FSIZE infinity/infinity , MEMLOCK infinity/infinity
load average:0.01 0.00 0.00

/proc/meminfo:
MemTotal:         972192 kB
MemFree:          349116 kB
MemAvailable:     575844 kB
Buffers:              24 kB
Cached:           326044 kB
SwapCached:            0 kB
Active:           251876 kB
Inactive:         181240 kB
Active(anon):        744 kB
Inactive(anon):   109248 kB
Active(file):     251132 kB
Inactive(file):    71992 kB
Unevictable:           0 kB
Mlocked:               0 kB
SwapTotal:             0 kB
SwapFree:              0 kB
Zswap:                 0 kB
Zswapped:              0 kB
Dirty:               368 kB
Writeback:             0 kB
AnonPages:        107008 kB
Mapped:            89136 kB
Shmem:              2912 kB
KReclaimable:      62284 kB
Slab:             133996 kB
SReclaimable:      62284 kB
SUnreclaim:        71712 kB
KernelStack:        2696 kB
PageTables:         3176 kB
SecPageTables:         0 kB
NFS_Unstable:          0 kB
Bounce:                0 kB
WritebackTmp:          0 kB
CommitLimit:      486096 kB
Committed_AS:     817524 kB
VmallocTotal:   34359738367 kB
VmallocUsed:       14748 kB
VmallocChunk:          0 kB
Percpu:            10240 kB
HardwareCorrupted:     0 kB
AnonHugePages:         0 kB
ShmemHugePages:        0 kB
ShmemPmdMapped:        0 kB
FileHugePages:         0 kB
FilePmdMapped:         0 kB
HugePages_Total:       0
HugePages_Free:        0
HugePages_Rsvd:        0
HugePages_Surp:        0
Hugepagesize:       2048 kB
Hugetlb:               0 kB
DirectMap4k:       96256 kB
DirectMap2M:      952320 kB

/sys/kernel/mm/transparent_hugepage/enabled:
always [madvise] never
/sys/kernel/mm/transparent_hugepage/defrag (defrag/compaction efforts parameter):
always defer defer+madvise [madvise] never

Process Memory:
Virtual Size: 765728K (peak: 1810488K)
Resident Set Size: 19132K (peak: 19132K) (anon: 5824K, file: 13276K, shmem: 32K)
Swapped out: 0K
C-Heap outstanding allocations: 6383K, retained: 424K
glibc malloc tunables: (default)

/proc/sys/kernel/threads-max (system-wide limit on the number of threads):
7432
/proc/sys/vm/max_map_count (maximum number of memory map areas a process may have):
65530
/proc/sys/kernel/pid_max (system-wide limit on number of process identifiers):
4194304

container (cgroup) information:
container_type: cgroupv2
cpu_cpuset_cpus: not supported
cpu_memory_nodes: not supported
active_processor_count: 1
cpu_quota: no quota
cpu_period: 100000
cpu_shares: no shares
memory_limit_in_bytes: unlimited
memory_and_swap_limit_in_bytes: unlimited
memory_soft_limit_in_bytes: unlimited
memory_usage_in_bytes: 102652 k
memory_max_usage_in_bytes: not supported
memory_swap_current_in_bytes: unlimited
memory_swap_max_limit_in_bytes: unlimited
maximum number of tasks: unlimited
current number of tasks: 9

Xen hardware-assisted virtualization detected
Steal ticks since vm start: 0
Steal ticks percentage since vm start:  0.000

CPU:total 1 (initial active 1) (1 cores per cpu, 1 threads per core) family 6 model 79 stepping 1 microcode 0xb000040, cmov, cx8, fxsr, mmx, sse, sse2, sse3, ssse3, sse4.1, sse4.2, popcnt, avx, avx2, aes, clmul, erms, lzcnt, tsc, bmi1, bmi2, fma
CPU Model and flags from /proc/cpuinfo:
model name	: Intel(R) Xeon(R) CPU E5-2686 v4 @ 2.30GHz
flags		: fpu vme de pse tsc msr pae mce cx8 apic sep mtrr pge mca cmov pat pse36 clflush mmx fxsr sse sse2 ht syscall nx rdtscp lm constant_tsc rep_good nopl xtopology cpuid tsc_known_freq pni pclmulqdq ssse3 fma cx16 pcid sse4_1 sse4_2 x2apic movbe popcnt tsc_deadline_timer aes xsave avx f16c rdrand hypervisor lahf_lm abm cpuid_fault invpcid_single pti fsgsbase bmi1 avx2 smep bmi2 erms invpcid xsaveopt
Online cpus:
0
Offline cpus:
1-14
BIOS frequency limitation:
<Not Available>
Frequency switch latency (ns):
<Not Available>
Available cpu frequencies:
<Not Available>
Current governor:
<Not Available>
Core performance/turbo boost:
<Not Available>

Memory: 4k page, physical 972192k(349116k free), swap 0k(0k free)

vm_info: OpenJDK 64-Bit Server VM (11.0.21+9-LTS) for linux-amd64 JRE (11.0.21+9-LTS), built on Oct 12 2023 00:14:55 by "" with gcc 11.4.1 20230605 (Red Hat 11.4.1-2)

END.
