#
# There is insufficient memory for the Java Runtime Environment to continue.
# Native memory allocation (mmap) failed to map 1073741824 bytes for committing reserved memory.
# Possible reasons:
#   The system is out of physical RAM or swap space
#   The process is running with CompressedOops enabled, and the Java Heap may be blocking the growth of the native heap
# Possible solutions:
#   Reduce memory load on the system
#   Increase physical memory or swap space
#   Check if swap backing store is full
#   Decrease Java heap size (-Xmx/-Xms)
#   Decrease number of Java threads
#   Decrease Java thread stack sizes (-Xss)
#   Set larger code cache with -XX:ReservedCodeCacheSize=
# This output file may be truncated or incomplete.
#
#  Out of Memory Error (os_linux.cpp:3229), pid=109716, tid=110087
#
# JRE version:  (11.0.21+9) (build )
# Java VM: OpenJDK 64-Bit Server VM (11.0.21+9-LTS, mixed mode, sharing, tiered, compressed oops, g1 gc, linux-amd64)
# Core dump will be written. Default location: Core dumps may be processed with "/usr/lib/systemd/systemd-coredump %P %u %g %s %t %c %h" (or dumping to /home/ec2-user/kafka_2.13-3.6.0/core.109716)
#

---------------  S U M M A R Y ------------

Command Line: -Xmx1G -Xms1G -XX:+UseG1GC -XX:MaxGCPauseMillis=20 -XX:InitiatingHeapOccupancyPercent=35 -XX:+ExplicitGCInvokesConcurrent -XX:MaxInlineLevel=15 -Djava.awt.headless=true -Xlog:gc*:file=/home/ec2-user/kafka_2.13-3.6.0/bin/../logs/kafkaServer-gc.log:time,tags:filecount=10,filesize=100M -Dcom.sun.management.jmxremote -Dcom.sun.management.jmxremote.authenticate=false -Dcom.sun.management.jmxremote.ssl=false -Dkafka.logs.dir=/home/ec2-user/kafka_2.13-3.6.0/bin/../logs -Dlog4j.configuration=file:./bin/../config/log4j.properties kafka.Kafka server.properties

Host: Intel(R) Xeon(R) CPU E5-2686 v4 @ 2.30GHz, 1 cores, 949M, Amazon Linux release 2023 (Amazon Linux)
Time: Wed Nov  8 13:18:21 2023 UTC elapsed time: 0.013724 seconds (0d 0h 0m 0s)

---------------  T H R E A D  ---------------

Current thread (0x00007f977c019800):  JavaThread "Unknown thread" [_thread_in_vm, id=110087, stack(0x00007f9782d00000,0x00007f9782e00000)]

Stack: [0x00007f9782d00000,0x00007f9782e00000],  sp=0x00007f9782dfe0a0,  free space=1016k
Native frames: (J=compiled Java code, A=aot compiled Java code, j=interpreted, Vv=VM code, C=native code)
V  [libjvm.so+0xea5057]  VMError::report_and_die(int, char const*, char const*, __va_list_tag*, Thread*, unsigned char*, void*, void*, char const*, int, unsigned long)+0x1c7
V  [libjvm.so+0xea5e0d]  VMError::report_and_die(Thread*, char const*, int, unsigned long, VMErrorType, char const*, __va_list_tag*)+0x2d
V  [libjvm.so+0x6ad7f6]  report_vm_out_of_memory(char const*, int, unsigned long, VMErrorType, char const*, ...)+0xc6
V  [libjvm.so+0xc1b51b]  os::pd_commit_memory_or_exit(char*, unsigned long, unsigned long, bool, char const*)+0xeb
V  [libjvm.so+0xc140dd]  os::commit_memory_or_exit(char*, unsigned long, unsigned long, bool, char const*)+0x1d
V  [libjvm.so+0x7c516e]  G1PageBasedVirtualSpace::commit_preferred_pages(unsigned long, unsigned long)+0x6e
V  [libjvm.so+0x7c5558]  G1PageBasedVirtualSpace::commit(unsigned long, unsigned long)+0x198
V  [libjvm.so+0x7d0443]  G1RegionsLargerThanCommitSizeMapper::commit_regions(unsigned int, unsigned long, WorkGang*)+0x43
V  [libjvm.so+0x856d24]  HeapRegionManager::commit_regions(unsigned int, unsigned long, WorkGang*)+0x54
V  [libjvm.so+0x857954]  HeapRegionManager::make_regions_available(unsigned int, unsigned int, WorkGang*)+0x34
V  [libjvm.so+0x857f89]  HeapRegionManager::expand_by(unsigned int, WorkGang*)+0x69
V  [libjvm.so+0x78002f]  G1CollectedHeap::expand(unsigned long, WorkGang*, double*)+0xdf
V  [libjvm.so+0x78070d]  G1CollectedHeap::initialize()+0x66d
V  [libjvm.so+0xe60f11]  Universe::initialize_heap()+0x41
V  [libjvm.so+0xe611c6]  universe_init()+0x46
V  [libjvm.so+0x876ba8]  init_globals()+0x58
V  [libjvm.so+0xe391f0]  Threads::create_vm(JavaVMInitArgs*, bool*)+0x4d0
V  [libjvm.so+0x91f571]  JNI_CreateJavaVM+0x51
C  [libjli.so+0x4909]  JavaMain+0x89
C  [libjli.so+0x93f9]  ThreadJavaMain+0x9


---------------  P R O C E S S  ---------------

Threads class SMR info:
_java_thread_list=0x00005632d4782420, length=0, elements={
}

Java Threads: ( => current thread )

Other Threads:
  0x00007f977c032000 GCTaskThread "GC Thread#0" [stack: 0x00007f9781e15000,0x00007f9781f15000] [id=110088]
  0x00007f977c04d800 ConcurrentGCThread "G1 Main Marker" [stack: 0x00007f9780613000,0x00007f9780713000] [id=110089]
  0x00007f977c04f800 ConcurrentGCThread "G1 Conc#0" [stack: 0x00007f9780512000,0x00007f9780612000] [id=110090]

[error occurred during error reporting (printing all threads), id 0xb, SIGSEGV (0xb) at pc=0x00007f978359dfe0]

VM state:not at safepoint (not fully initialized)

VM Mutex/Monitor currently owned by a thread:  ([mutex/lock_event])
[0x00007f977c016800] Heap_lock - owner thread: 0x00007f977c019800

Heap address: 0x00000000c0000000, size: 1024 MB, Compressed Oops mode: Non-zero based: 0x00000000c0000000
Narrow klass base: 0x0000000000000000, Narrow klass shift: 0

GC Heap History (0 events):
No events

Deoptimization events (0 events):
No events

Classes redefined (0 events):
No events

Internal exceptions (0 events):
No events

Events (2 events):
Event: 0.002 Protecting memory [0x00007f9782d00000,0x00007f9782d04000] with protection modes 0
Event: 0.003 Loaded shared library /usr/lib/jvm/java-11-amazon-corretto.x86_64/lib/libzip.so


Dynamic libraries:
5632d449e000-5632d449f000 r--p 00000000 ca:01 41945877                   /usr/lib/jvm/java-11-amazon-corretto.x86_64/bin/java
5632d449f000-5632d44a0000 r-xp 00001000 ca:01 41945877                   /usr/lib/jvm/java-11-amazon-corretto.x86_64/bin/java
5632d44a0000-5632d44a1000 r--p 00002000 ca:01 41945877                   /usr/lib/jvm/java-11-amazon-corretto.x86_64/bin/java
5632d44a1000-5632d44a2000 r--p 00002000 ca:01 41945877                   /usr/lib/jvm/java-11-amazon-corretto.x86_64/bin/java
5632d44a2000-5632d44a3000 rw-p 00003000 ca:01 41945877                   /usr/lib/jvm/java-11-amazon-corretto.x86_64/bin/java
5632d4768000-5632d4789000 rw-p 00000000 00:00 0                          [heap]
7f9750000000-7f9750021000 rw-p 00000000 00:00 0 
7f9750021000-7f9754000000 ---p 00000000 00:00 0 
7f9758000000-7f9758021000 rw-p 00000000 00:00 0 
7f9758021000-7f975c000000 ---p 00000000 00:00 0 
7f975d000000-7f975f000000 rw-p 00000000 00:00 0 
7f975f000000-7f9760000000 ---p 00000000 00:00 0 
7f9760000000-7f9760021000 rw-p 00000000 00:00 0 
7f9760021000-7f9764000000 ---p 00000000 00:00 0 
7f9764600000-7f9764870000 rwxp 00000000 00:00 0 
7f9764870000-7f9764b8f000 ---p 00000000 00:00 0 
7f9764b8f000-7f9764dff000 rwxp 00000000 00:00 0 
7f9764dff000-7f976c0c7000 ---p 00000000 00:00 0 
7f976c0c7000-7f976c337000 rwxp 00000000 00:00 0 
7f976c337000-7f9773600000 ---p 00000000 00:00 0 
7f9773600000-7f977be22000 r--s 00000000 ca:01 33567539                   /usr/lib/jvm/java-11-amazon-corretto.x86_64/lib/modules
7f977c000000-7f977c061000 rw-p 00000000 00:00 0 
7f977c061000-7f9780000000 ---p 00000000 00:00 0 
7f9780056000-7f9780511000 rw-p 00000000 00:00 0 
7f9780511000-7f9780512000 ---p 00000000 00:00 0 
7f9780512000-7f9780612000 rw-p 00000000 00:00 0 
7f9780612000-7f9780613000 ---p 00000000 00:00 0 
7f9780613000-7f9780713000 rw-p 00000000 00:00 0 
7f9780713000-7f9781d13000 ---p 00000000 00:00 0 
7f9781d13000-7f9781e14000 rw-p 00000000 00:00 0 
7f9781e14000-7f9781e15000 ---p 00000000 00:00 0 
7f9781e15000-7f9781f1a000 rw-p 00000000 00:00 0 
7f9781f1a000-7f9782000000 ---p 00000000 00:00 0 
7f9782000000-7f97828d4000 r--s 00000000 ca:01 8545375                    /var/lib/sss/mc/passwd
7f9782915000-7f978291a000 rw-p 00000000 00:00 0 
7f978291a000-7f9782a00000 ---p 00000000 00:00 0 
7f9782a00000-7f9782a99000 r--p 00000000 ca:01 8524901                    /usr/lib64/libstdc++.so.6.0.29
7f9782a99000-7f9782b9a000 r-xp 00099000 ca:01 8524901                    /usr/lib64/libstdc++.so.6.0.29
7f9782b9a000-7f9782c0d000 r--p 0019a000 ca:01 8524901                    /usr/lib64/libstdc++.so.6.0.29
7f9782c0d000-7f9782c1a000 r--p 0020c000 ca:01 8524901                    /usr/lib64/libstdc++.so.6.0.29
7f9782c1a000-7f9782c1b000 rw-p 00219000 ca:01 8524901                    /usr/lib64/libstdc++.so.6.0.29
7f9782c1b000-7f9782c1e000 rw-p 00000000 00:00 0 
7f9782d00000-7f9782d04000 ---p 00000000 00:00 0 
7f9782d04000-7f9782e00000 rw-p 00000000 00:00 0 
7f9782e00000-7f9783084000 r--p 00000000 ca:01 1282871                    /usr/lib/jvm/java-11-amazon-corretto.x86_64/lib/server/libjvm.so
7f9783084000-7f9783d18000 r-xp 00284000 ca:01 1282871                    /usr/lib/jvm/java-11-amazon-corretto.x86_64/lib/server/libjvm.so
7f9783d18000-7f9783f77000 r--p 00f18000 ca:01 1282871                    /usr/lib/jvm/java-11-amazon-corretto.x86_64/lib/server/libjvm.so
7f9783f77000-7f978403b000 r--p 01177000 ca:01 1282871                    /usr/lib/jvm/java-11-amazon-corretto.x86_64/lib/server/libjvm.so
7f978403b000-7f9784076000 rw-p 0123b000 ca:01 1282871                    /usr/lib/jvm/java-11-amazon-corretto.x86_64/lib/server/libjvm.so
7f9784076000-7f97840cd000 rw-p 00000000 00:00 0 
7f97840ec000-7f9784114000 rw-p 00000000 00:00 0 
7f9784114000-7f978411b000 ---p 00000000 00:00 0 
7f978411b000-7f978411d000 r--p 00000000 ca:01 33567538                   /usr/lib/jvm/java-11-amazon-corretto.x86_64/lib/libzip.so
7f978411d000-7f9784121000 r-xp 00002000 ca:01 33567538                   /usr/lib/jvm/java-11-amazon-corretto.x86_64/lib/libzip.so
7f9784121000-7f9784123000 r--p 00006000 ca:01 33567538                   /usr/lib/jvm/java-11-amazon-corretto.x86_64/lib/libzip.so
7f9784123000-7f9784124000 r--p 00007000 ca:01 33567538                   /usr/lib/jvm/java-11-amazon-corretto.x86_64/lib/libzip.so
7f9784124000-7f9784125000 rw-p 00000000 00:00 0 
7f9784125000-7f9784132000 r--p 00000000 ca:01 8524747                    /usr/lib64/libm.so.6
7f9784132000-7f97841a2000 r-xp 0000d000 ca:01 8524747                    /usr/lib64/libm.so.6
7f97841a2000-7f97841fe000 r--p 0007d000 ca:01 8524747                    /usr/lib64/libm.so.6
7f97841fe000-7f97841ff000 r--p 000d8000 ca:01 8524747                    /usr/lib64/libm.so.6
7f97841ff000-7f9784200000 rw-p 000d9000 ca:01 8524747                    /usr/lib64/libm.so.6
7f9784200000-7f9784228000 r--p 00000000 ca:01 8524744                    /usr/lib64/libc.so.6
7f9784228000-7f978439d000 r-xp 00028000 ca:01 8524744                    /usr/lib64/libc.so.6
7f978439d000-7f97843f5000 r--p 0019d000 ca:01 8524744                    /usr/lib64/libc.so.6
7f97843f5000-7f97843f9000 r--p 001f5000 ca:01 8524744                    /usr/lib64/libc.so.6
7f97843f9000-7f97843fb000 rw-p 001f9000 ca:01 8524744                    /usr/lib64/libc.so.6
7f97843fb000-7f9784408000 rw-p 00000000 00:00 0 
7f978440d000-7f9784415000 rw-s 00000000 00:1c 3242                       /tmp/hsperfdata_ec2-user/109716
7f9784415000-7f9784417000 r--p 00000000 ca:01 9455124                    /usr/lib64/libnss_sss.so.2
7f9784417000-7f978441e000 r-xp 00002000 ca:01 9455124                    /usr/lib64/libnss_sss.so.2
7f978441e000-7f9784420000 r--p 00009000 ca:01 9455124                    /usr/lib64/libnss_sss.so.2
7f9784420000-7f9784421000 r--p 0000a000 ca:01 9455124                    /usr/lib64/libnss_sss.so.2
7f9784421000-7f9784422000 rw-p 0000b000 ca:01 9455124                    /usr/lib64/libnss_sss.so.2
7f9784426000-7f9784428000 r--p 00000000 ca:01 33567521                   /usr/lib/jvm/java-11-amazon-corretto.x86_64/lib/libjimage.so
7f9784428000-7f978442b000 r-xp 00002000 ca:01 33567521                   /usr/lib/jvm/java-11-amazon-corretto.x86_64/lib/libjimage.so
7f978442b000-7f978442c000 r--p 00005000 ca:01 33567521                   /usr/lib/jvm/java-11-amazon-corretto.x86_64/lib/libjimage.so
7f978442c000-7f978442d000 r--p 00006000 ca:01 33567521                   /usr/lib/jvm/java-11-amazon-corretto.x86_64/lib/libjimage.so
7f978442d000-7f978442e000 rw-p 00007000 ca:01 33567521                   /usr/lib/jvm/java-11-amazon-corretto.x86_64/lib/libjimage.so
7f978442e000-7f978443c000 r--p 00000000 ca:01 33567518                   /usr/lib/jvm/java-11-amazon-corretto.x86_64/lib/libjava.so
7f978443c000-7f9784452000 r-xp 0000e000 ca:01 33567518                   /usr/lib/jvm/java-11-amazon-corretto.x86_64/lib/libjava.so
7f9784452000-7f9784459000 r--p 00024000 ca:01 33567518                   /usr/lib/jvm/java-11-amazon-corretto.x86_64/lib/libjava.so
7f9784459000-7f978445a000 r--p 0002a000 ca:01 33567518                   /usr/lib/jvm/java-11-amazon-corretto.x86_64/lib/libjava.so
7f978445a000-7f978445b000 rw-p 0002b000 ca:01 33567518                   /usr/lib/jvm/java-11-amazon-corretto.x86_64/lib/libjava.so
7f978445b000-7f978445c000 rw-p 00000000 00:00 0 
7f978445c000-7f9784461000 r--p 00000000 ca:01 33567537                   /usr/lib/jvm/java-11-amazon-corretto.x86_64/lib/libverify.so
7f9784461000-7f978446a000 r-xp 00005000 ca:01 33567537                   /usr/lib/jvm/java-11-amazon-corretto.x86_64/lib/libverify.so
7f978446a000-7f978446c000 r--p 0000e000 ca:01 33567537                   /usr/lib/jvm/java-11-amazon-corretto.x86_64/lib/libverify.so
7f978446c000-7f978446e000 r--p 0000f000 ca:01 33567537                   /usr/lib/jvm/java-11-amazon-corretto.x86_64/lib/libverify.so
7f978446e000-7f978446f000 rw-p 00000000 00:00 0 
7f978446f000-7f9784470000 r--p 00000000 ca:01 8524754                    /usr/lib64/librt.so.1
7f9784470000-7f9784471000 r-xp 00001000 ca:01 8524754                    /usr/lib64/librt.so.1
7f9784471000-7f9784472000 r--p 00002000 ca:01 8524754                    /usr/lib64/librt.so.1
7f9784472000-7f9784473000 r--p 00002000 ca:01 8524754                    /usr/lib64/librt.so.1
7f9784473000-7f9784474000 rw-p 00003000 ca:01 8524754                    /usr/lib64/librt.so.1
7f9784474000-7f9784477000 r--p 00000000 ca:01 8519859                    /usr/lib64/libgcc_s-11-20230605.so.1
7f9784477000-7f9784489000 r-xp 00003000 ca:01 8519859                    /usr/lib64/libgcc_s-11-20230605.so.1
7f9784489000-7f978448c000 r--p 00015000 ca:01 8519859                    /usr/lib64/libgcc_s-11-20230605.so.1
7f978448c000-7f978448d000 r--p 00018000 ca:01 8519859                    /usr/lib64/libgcc_s-11-20230605.so.1
7f978448d000-7f978448e000 rw-p 00019000 ca:01 8519859                    /usr/lib64/libgcc_s-11-20230605.so.1
7f978448e000-7f9784491000 rw-p 00000000 00:00 0 
7f9784491000-7f9784494000 r--p 00000000 ca:01 50343939                   /usr/lib/jvm/java-11-amazon-corretto.x86_64/lib/jli/libjli.so
7f9784494000-7f978449e000 r-xp 00003000 ca:01 50343939                   /usr/lib/jvm/java-11-amazon-corretto.x86_64/lib/jli/libjli.so
7f978449e000-7f97844a1000 r--p 0000d000 ca:01 50343939                   /usr/lib/jvm/java-11-amazon-corretto.x86_64/lib/jli/libjli.so
7f97844a1000-7f97844a2000 r--p 00010000 ca:01 50343939                   /usr/lib/jvm/java-11-amazon-corretto.x86_64/lib/jli/libjli.so
7f97844a2000-7f97844a3000 rw-p 00011000 ca:01 50343939                   /usr/lib/jvm/java-11-amazon-corretto.x86_64/lib/jli/libjli.so
7f97844a3000-7f97844a6000 r--p 00000000 ca:01 8524787                    /usr/lib64/libz.so.1.2.11
7f97844a6000-7f97844b5000 r-xp 00003000 ca:01 8524787                    /usr/lib64/libz.so.1.2.11
7f97844b5000-7f97844bb000 r--p 00012000 ca:01 8524787                    /usr/lib64/libz.so.1.2.11
7f97844bb000-7f97844bc000 r--p 00018000 ca:01 8524787                    /usr/lib64/libz.so.1.2.11
7f97844bc000-7f97844bd000 rw-p 00000000 00:00 0 
7f97844bf000-7f97844c0000 ---p 00000000 00:00 0 
7f97844c0000-7f97844c1000 r--p 00000000 00:00 0 
7f97844c1000-7f97844c3000 rw-p 00000000 00:00 0 
7f97844c3000-7f97844c5000 r--p 00000000 ca:01 8524740                    /usr/lib64/ld-linux-x86-64.so.2
7f97844c5000-7f97844eb000 r-xp 00002000 ca:01 8524740                    /usr/lib64/ld-linux-x86-64.so.2
7f97844eb000-7f97844f6000 r--p 00028000 ca:01 8524740                    /usr/lib64/ld-linux-x86-64.so.2
7f97844f6000-7f97844f8000 r--p 00033000 ca:01 8524740                    /usr/lib64/ld-linux-x86-64.so.2
7f97844f8000-7f97844fa000 rw-p 00035000 ca:01 8524740                    /usr/lib64/ld-linux-x86-64.so.2
7ffd53dcc000-7ffd53def000 rw-p 00000000 00:00 0                          [stack]
7ffd53df6000-7ffd53dfa000 r--p 00000000 00:00 0                          [vvar]
7ffd53dfa000-7ffd53dfc000 r-xp 00000000 00:00 0                          [vdso]
ffffffffff600000-ffffffffff601000 --xp 00000000 00:00 0                  [vsyscall]


VM Arguments:
jvm_args: -Xmx1G -Xms1G -XX:+UseG1GC -XX:MaxGCPauseMillis=20 -XX:InitiatingHeapOccupancyPercent=35 -XX:+ExplicitGCInvokesConcurrent -XX:MaxInlineLevel=15 -Djava.awt.headless=true -Xlog:gc*:file=/home/ec2-user/kafka_2.13-3.6.0/bin/../logs/kafkaServer-gc.log:time,tags:filecount=10,filesize=100M -Dcom.sun.management.jmxremote -Dcom.sun.management.jmxremote.authenticate=false -Dcom.sun.management.jmxremote.ssl=false -Dkafka.logs.dir=/home/ec2-user/kafka_2.13-3.6.0/bin/../logs -Dlog4j.configuration=file:./bin/../config/log4j.properties 
java_command: kafka.Kafka server.properties
java_class_path (initial): /home/ec2-user/kafka_2.13-3.6.0/bin/../libs/activation-1.1.1.jar:/home/ec2-user/kafka_2.13-3.6.0/bin/../libs/aopalliance-repackaged-2.6.1.jar:/home/ec2-user/kafka_2.13-3.6.0/bin/../libs/argparse4j-0.7.0.jar:/home/ec2-user/kafka_2.13-3.6.0/bin/../libs/audience-annotations-0.12.0.jar:/home/ec2-user/kafka_2.13-3.6.0/bin/../libs/caffeine-2.9.3.jar:/home/ec2-user/kafka_2.13-3.6.0/bin/../libs/checker-qual-3.19.0.jar:/home/ec2-user/kafka_2.13-3.6.0/bin/../libs/commons-beanutils-1.9.4.jar:/home/ec2-user/kafka_2.13-3.6.0/bin/../libs/commons-cli-1.4.jar:/home/ec2-user/kafka_2.13-3.6.0/bin/../libs/commons-collections-3.2.2.jar:/home/ec2-user/kafka_2.13-3.6.0/bin/../libs/commons-digester-2.1.jar:/home/ec2-user/kafka_2.13-3.6.0/bin/../libs/commons-io-2.11.0.jar:/home/ec2-user/kafka_2.13-3.6.0/bin/../libs/commons-lang3-3.8.1.jar:/home/ec2-user/kafka_2.13-3.6.0/bin/../libs/commons-logging-1.2.jar:/home/ec2-user/kafka_2.13-3.6.0/bin/../libs/commons-validator-1.7.jar:/home/ec2-user/kafka_2.13-3.6.0/bin/../libs/connect-api-3.6.0.jar:/home/ec2-user/kafka_2.13-3.6.0/bin/../libs/connect-basic-auth-extension-3.6.0.jar:/home/ec2-user/kafka_2.13-3.6.0/bin/../libs/connect-json-3.6.0.jar:/home/ec2-user/kafka_2.13-3.6.0/bin/../libs/connect-mirror-3.6.0.jar:/home/ec2-user/kafka_2.13-3.6.0/bin/../libs/connect-mirror-client-3.6.0.jar:/home/ec2-user/kafka_2.13-3.6.0/bin/../libs/connect-runtime-3.6.0.jar:/home/ec2-user/kafka_2.13-3.6.0/bin/../libs/connect-transforms-3.6.0.jar:/home/ec2-user/kafka_2.13-3.6.0/bin/../libs/error_prone_annotations-2.10.0.jar:/home/ec2-user/kafka_2.13-3.6.0/bin/../libs/hk2-api-2.6.1.jar:/home/ec2-user/kafka_2.13-3.6.0/bin/../libs/hk2-locator-2.6.1.jar:/home/ec2-user/kafka_2.13-3.6.0/bin/../libs/hk2-utils-2.6.1.jar:/home/ec2-user/kafka_2.13-3.6.0/bin/../libs/jackson-annotations-2.13.5.jar:/home/ec2-user/kafka_2.13-3.6.0/bin/../libs/jackson-core-2.13.5.jar:/home/ec2-user/kafka_2.13-3.6.0/bin/../libs/jackson-databind-2.13.5.jar:/home/ec2-user/k
Launcher Type: SUN_STANDARD

[Global flags]
     intx CICompilerCount                          = 2                                         {product} {ergonomic}
     uint ConcGCThreads                            = 1                                         {product} {ergonomic}
     bool ExplicitGCInvokesConcurrent              = true                                      {product} {command line}
     uint G1ConcRefinementThreads                  = 1                                         {product} {ergonomic}
   size_t G1HeapRegionSize                         = 1048576                                   {product} {ergonomic}
    uintx GCDrainStackTargetSize                   = 64                                        {product} {ergonomic}
   size_t InitialHeapSize                          = 1073741824                                {product} {command line}
    uintx InitiatingHeapOccupancyPercent           = 35                                        {product} {command line}
     bool ManagementServer                         = true                                      {product} {command line}
   size_t MarkStackSize                            = 4194304                                   {product} {ergonomic}
    uintx MaxGCPauseMillis                         = 20                                        {product} {command line}
   size_t MaxHeapSize                              = 1073741824                                {product} {command line}
     intx MaxInlineLevel                           = 15                                        {product} {command line}
   size_t MinHeapDeltaBytes                        = 1048576                                   {product} {ergonomic}
    uintx NonNMethodCodeHeapSize                   = 5825164                                {pd product} {ergonomic}
    uintx NonProfiledCodeHeapSize                  = 122916538                              {pd product} {ergonomic}
    uintx ProfiledCodeHeapSize                     = 122916538                              {pd product} {ergonomic}
    uintx ReservedCodeCacheSize                    = 251658240                              {pd product} {ergonomic}
     bool SegmentedCodeCache                       = true                                      {product} {ergonomic}
     bool UseCompressedClassPointers               = true                                 {lp64_product} {ergonomic}
     bool UseCompressedOops                        = true                                 {lp64_product} {ergonomic}
     bool UseG1GC                                  = true                                      {product} {command line}

Logging:
Log output configuration:
 #0: stdout all=warning uptime,level,tags
 #1: stderr all=off uptime,level,tags
 #2: file=/home/ec2-user/kafka_2.13-3.6.0/bin/../logs/kafkaServer-gc.log all=off,gc*=info time,tags filecount=10,filesize=100M (reconfigured)

Environment Variables:
PATH=/home/ec2-user/.local/bin:/home/ec2-user/bin:/usr/local/bin:/usr/bin:/usr/local/sbin:/usr/sbin
SHELL=/bin/bash
LANG=C.UTF-8
TERM=xterm-256color

Signal Handlers:
SIGSEGV: [libjvm.so+0xea5e60], sa_mask[0]=11111111011111111101111111111110, sa_flags=SA_RESTART|SA_SIGINFO
SIGBUS: [libjvm.so+0xea5e60], sa_mask[0]=11111111011111111101111111111110, sa_flags=SA_RESTART|SA_SIGINFO
SIGFPE: [libjvm.so+0xea5e60], sa_mask[0]=11111111011111111101111111111110, sa_flags=SA_RESTART|SA_SIGINFO
SIGPIPE: [libjvm.so+0xc15f10], sa_mask[0]=11111111011111111101111111111110, sa_flags=SA_RESTART|SA_SIGINFO
SIGXFSZ: [libjvm.so+0xc15f10], sa_mask[0]=11111111011111111101111111111110, sa_flags=SA_RESTART|SA_SIGINFO
SIGILL: [libjvm.so+0xea5e60], sa_mask[0]=11111111011111111101111111111110, sa_flags=SA_RESTART|SA_SIGINFO
SIGUSR2: [libjvm.so+0xc15db0], sa_mask[0]=00000000000000000000000000000000, sa_flags=SA_RESTART|SA_SIGINFO
SIGHUP: SIG_DFL, sa_mask[0]=00000000000000000000000000000000, sa_flags=none
SIGINT: SIG_DFL, sa_mask[0]=00000000000000000000000000000000, sa_flags=none
SIGTERM: SIG_DFL, sa_mask[0]=00000000000000000000000000000000, sa_flags=none
SIGQUIT: SIG_DFL, sa_mask[0]=00000000000000000000000000000000, sa_flags=none


---------------  S Y S T E M  ---------------

OS:Amazon Linux release 2023 (Amazon Linux)
uname:Linux 6.1.59-84.139.amzn2023.x86_64 #1 SMP PREEMPT_DYNAMIC Tue Oct 24 20:57:25 UTC 2023 x86_64
OS uptime: 2 days 0:33 hours
libc:glibc 2.34 NPTL 2.34 
rlimit (soft/hard): STACK 8192k/10240k , CORE infinity/infinity , NPROC infinity/infinity , NOFILE 65535/65535 , AS infinity/infinity , CPU infinity/infinity , DATA infinity/infinity , FSIZE infinity/infinity , MEMLOCK infinity/infinity
load average:0.00 0.00 0.00

/proc/meminfo:
MemTotal:         972192 kB
MemFree:          347596 kB
MemAvailable:     574544 kB
Buffers:              24 kB
Cached:           326260 kB
SwapCached:            0 kB
Active:           262864 kB
Inactive:         170408 kB
Active(anon):        740 kB
Inactive(anon):   109188 kB
Active(file):     262124 kB
Inactive(file):    61220 kB
Unevictable:           0 kB
Mlocked:               0 kB
SwapTotal:             0 kB
SwapFree:              0 kB
Zswap:                 0 kB
Zswapped:              0 kB
Dirty:               364 kB
Writeback:             0 kB
AnonPages:        106944 kB
Mapped:            89140 kB
Shmem:              2912 kB
KReclaimable:      62284 kB
Slab:             133996 kB
SReclaimable:      62284 kB
SUnreclaim:        71712 kB
KernelStack:        2648 kB
PageTables:         3168 kB
SecPageTables:         0 kB
NFS_Unstable:          0 kB
Bounce:                0 kB
WritebackTmp:          0 kB
CommitLimit:      486096 kB
Committed_AS:     817516 kB
VmallocTotal:   34359738367 kB
VmallocUsed:       14700 kB
VmallocChunk:          0 kB
Percpu:            10240 kB
HardwareCorrupted:     0 kB
AnonHugePages:         0 kB
ShmemHugePages:        0 kB
ShmemPmdMapped:        0 kB
FileHugePages:         0 kB
FilePmdMapped:         0 kB
HugePages_Total:       0
HugePages_Free:        0
HugePages_Rsvd:        0
HugePages_Surp:        0
Hugepagesize:       2048 kB
Hugetlb:               0 kB
DirectMap4k:       96256 kB
DirectMap2M:      952320 kB

/sys/kernel/mm/transparent_hugepage/enabled:
always [madvise] never
/sys/kernel/mm/transparent_hugepage/defrag (defrag/compaction efforts parameter):
always defer defer+madvise [madvise] never

Process Memory:
Virtual Size: 765728K (peak: 1842228K)
Resident Set Size: 19148K (peak: 19148K) (anon: 5832K, file: 13284K, shmem: 32K)
Swapped out: 0K
C-Heap outstanding allocations: 6383K, retained: 424K
glibc malloc tunables: (default)

/proc/sys/kernel/threads-max (system-wide limit on the number of threads):
7432
/proc/sys/vm/max_map_count (maximum number of memory map areas a process may have):
65530
/proc/sys/kernel/pid_max (system-wide limit on number of process identifiers):
4194304

container (cgroup) information:
container_type: cgroupv2
cpu_cpuset_cpus: not supported
cpu_memory_nodes: not supported
active_processor_count: 1
cpu_quota: no quota
cpu_period: 100000
cpu_shares: no shares
memory_limit_in_bytes: unlimited
memory_and_swap_limit_in_bytes: unlimited
memory_soft_limit_in_bytes: unlimited
memory_usage_in_bytes: 102924 k
memory_max_usage_in_bytes: not supported
memory_swap_current_in_bytes: unlimited
memory_swap_max_limit_in_bytes: unlimited
maximum number of tasks: unlimited
current number of tasks: 9

Xen hardware-assisted virtualization detected
Steal ticks since vm start: 1
Steal ticks percentage since vm start:  0.500

CPU:total 1 (initial active 1) (1 cores per cpu, 1 threads per core) family 6 model 79 stepping 1 microcode 0xb000040, cmov, cx8, fxsr, mmx, sse, sse2, sse3, ssse3, sse4.1, sse4.2, popcnt, avx, avx2, aes, clmul, erms, lzcnt, tsc, bmi1, bmi2, fma
CPU Model and flags from /proc/cpuinfo:
model name	: Intel(R) Xeon(R) CPU E5-2686 v4 @ 2.30GHz
flags		: fpu vme de pse tsc msr pae mce cx8 apic sep mtrr pge mca cmov pat pse36 clflush mmx fxsr sse sse2 ht syscall nx rdtscp lm constant_tsc rep_good nopl xtopology cpuid tsc_known_freq pni pclmulqdq ssse3 fma cx16 pcid sse4_1 sse4_2 x2apic movbe popcnt tsc_deadline_timer aes xsave avx f16c rdrand hypervisor lahf_lm abm cpuid_fault invpcid_single pti fsgsbase bmi1 avx2 smep bmi2 erms invpcid xsaveopt
Online cpus:
0
Offline cpus:
1-14
BIOS frequency limitation:
<Not Available>
Frequency switch latency (ns):
<Not Available>
Available cpu frequencies:
<Not Available>
Current governor:
<Not Available>
Core performance/turbo boost:
<Not Available>

Memory: 4k page, physical 972192k(347596k free), swap 0k(0k free)

vm_info: OpenJDK 64-Bit Server VM (11.0.21+9-LTS) for linux-amd64 JRE (11.0.21+9-LTS), built on Oct 12 2023 00:14:55 by "" with gcc 11.4.1 20230605 (Red Hat 11.4.1-2)

END.
