[2023-11-14 07:00:47,721] INFO [QuorumController id=1] Creating new QuorumController with clusterId hSCzevIQRUa-ojqTd_8C5w. (org.apache.kafka.controller.QuorumController)
[2023-11-14 07:00:47,729] INFO [QuorumController id=1] Replayed BeginTransactionRecord(name='Bootstrap records') at offset 1. (org.apache.kafka.controller.OffsetControlManager)
[2023-11-14 07:00:47,730] INFO [QuorumController id=1] Replayed a FeatureLevelRecord setting metadata version to 3.6-IV2 (org.apache.kafka.controller.FeatureControlManager)
[2023-11-14 07:00:47,730] INFO [QuorumController id=1] Replayed EndTransactionRecord() at offset 4. (org.apache.kafka.controller.OffsetControlManager)
[2023-11-14 07:00:47,731] INFO [QuorumController id=1] Replayed initial RegisterBrokerRecord for broker 1: RegisterBrokerRecord(brokerId=1, isMigratingZkBroker=false, incarnationId=g9EoeQygSS6o-hycpAfV-g, brokerEpoch=6, endPoints=[BrokerEndpoint(name='PLAINTEXT', host='localhost', port=9092, securityProtocol=0)], features=[BrokerFeature(name='metadata.version', minSupportedVersion=1, maxSupportedVersion=14)], rack=null, fenced=true, inControlledShutdown=false) (org.apache.kafka.controller.ClusterControlManager)
[2023-11-14 07:00:47,732] INFO [QuorumController id=1] Replayed BrokerRegistrationChangeRecord modifying the registration for broker 1: BrokerRegistrationChangeRecord(brokerId=1, brokerEpoch=6, fenced=-1, inControlledShutdown=0) (org.apache.kafka.controller.ClusterControlManager)
[2023-11-14 07:00:47,780] INFO [QuorumController id=1] Replayed BrokerRegistrationChangeRecord modifying the registration for broker 1: BrokerRegistrationChangeRecord(brokerId=1, brokerEpoch=6, fenced=1, inControlledShutdown=0) (org.apache.kafka.controller.ClusterControlManager)
[2023-11-14 07:00:47,780] INFO [QuorumController id=1] Replayed RegisterBrokerRecord establishing a new incarnation of broker 1: RegisterBrokerRecord(brokerId=1, isMigratingZkBroker=false, incarnationId=B5kjYo0kTHe42z7gWer6IQ, brokerEpoch=300, endPoints=[BrokerEndpoint(name='PLAINTEXT', host='localhost', port=9092, securityProtocol=0)], features=[BrokerFeature(name='metadata.version', minSupportedVersion=1, maxSupportedVersion=14)], rack=null, fenced=true, inControlledShutdown=false) (org.apache.kafka.controller.ClusterControlManager)
[2023-11-14 07:00:47,780] INFO [QuorumController id=1] Replayed BrokerRegistrationChangeRecord modifying the registration for broker 1: BrokerRegistrationChangeRecord(brokerId=1, brokerEpoch=300, fenced=-1, inControlledShutdown=0) (org.apache.kafka.controller.ClusterControlManager)
[2023-11-14 07:00:47,783] INFO [QuorumController id=1] Replayed RegisterBrokerRecord establishing a new incarnation of broker 1: RegisterBrokerRecord(brokerId=1, isMigratingZkBroker=false, incarnationId=RbcuvC3fT46_u6HS_Ll5vg, brokerEpoch=384, endPoints=[BrokerEndpoint(name='PLAINTEXT', host='localhost', port=9092, securityProtocol=0)], features=[BrokerFeature(name='metadata.version', minSupportedVersion=1, maxSupportedVersion=14)], rack=null, fenced=true, inControlledShutdown=false) (org.apache.kafka.controller.ClusterControlManager)
[2023-11-14 07:00:47,783] INFO [QuorumController id=1] Replayed BrokerRegistrationChangeRecord modifying the registration for broker 1: BrokerRegistrationChangeRecord(brokerId=1, brokerEpoch=384, fenced=-1, inControlledShutdown=0) (org.apache.kafka.controller.ClusterControlManager)
[2023-11-14 07:00:47,859] INFO [QuorumController id=1] handleCommit[baseOffset=0]: event failed with CorruptRecordException in 130676 microseconds. (org.apache.kafka.controller.QuorumController)
[2023-11-14 07:00:47,862] INFO [QuorumController id=1] handleCommit[baseOffset=711]: event failed with CorruptRecordException in 440 microseconds. (org.apache.kafka.controller.QuorumController)
[2023-11-14 07:00:47,862] INFO [QuorumController id=1] Becoming the active controller at epoch 4, next write offset 712. (org.apache.kafka.controller.QuorumController)
[2023-11-14 07:00:47,906] WARN [QuorumController id=1] Performing controller activation. Loaded ZK migration state of NONE. (org.apache.kafka.controller.QuorumController)
[2023-11-14 07:01:47,604] INFO [QuorumController id=1] Creating new QuorumController with clusterId hSCzevIQRUa-ojqTd_8C5w. (org.apache.kafka.controller.QuorumController)
[2023-11-14 07:01:47,612] INFO [QuorumController id=1] Replayed BeginTransactionRecord(name='Bootstrap records') at offset 1. (org.apache.kafka.controller.OffsetControlManager)
[2023-11-14 07:01:47,613] INFO [QuorumController id=1] Replayed a FeatureLevelRecord setting metadata version to 3.6-IV2 (org.apache.kafka.controller.FeatureControlManager)
[2023-11-14 07:01:47,614] INFO [QuorumController id=1] Replayed EndTransactionRecord() at offset 4. (org.apache.kafka.controller.OffsetControlManager)
[2023-11-14 07:01:47,615] INFO [QuorumController id=1] Replayed initial RegisterBrokerRecord for broker 1: RegisterBrokerRecord(brokerId=1, isMigratingZkBroker=false, incarnationId=g9EoeQygSS6o-hycpAfV-g, brokerEpoch=6, endPoints=[BrokerEndpoint(name='PLAINTEXT', host='localhost', port=9092, securityProtocol=0)], features=[BrokerFeature(name='metadata.version', minSupportedVersion=1, maxSupportedVersion=14)], rack=null, fenced=true, inControlledShutdown=false) (org.apache.kafka.controller.ClusterControlManager)
[2023-11-14 07:01:47,619] INFO [QuorumController id=1] Replayed BrokerRegistrationChangeRecord modifying the registration for broker 1: BrokerRegistrationChangeRecord(brokerId=1, brokerEpoch=6, fenced=-1, inControlledShutdown=0) (org.apache.kafka.controller.ClusterControlManager)
[2023-11-14 07:01:47,695] INFO [QuorumController id=1] Replayed BrokerRegistrationChangeRecord modifying the registration for broker 1: BrokerRegistrationChangeRecord(brokerId=1, brokerEpoch=6, fenced=1, inControlledShutdown=0) (org.apache.kafka.controller.ClusterControlManager)
[2023-11-14 07:01:47,695] INFO [QuorumController id=1] Replayed RegisterBrokerRecord establishing a new incarnation of broker 1: RegisterBrokerRecord(brokerId=1, isMigratingZkBroker=false, incarnationId=B5kjYo0kTHe42z7gWer6IQ, brokerEpoch=300, endPoints=[BrokerEndpoint(name='PLAINTEXT', host='localhost', port=9092, securityProtocol=0)], features=[BrokerFeature(name='metadata.version', minSupportedVersion=1, maxSupportedVersion=14)], rack=null, fenced=true, inControlledShutdown=false) (org.apache.kafka.controller.ClusterControlManager)
[2023-11-14 07:01:47,695] INFO [QuorumController id=1] Replayed BrokerRegistrationChangeRecord modifying the registration for broker 1: BrokerRegistrationChangeRecord(brokerId=1, brokerEpoch=300, fenced=-1, inControlledShutdown=0) (org.apache.kafka.controller.ClusterControlManager)
[2023-11-14 07:01:47,708] INFO [QuorumController id=1] Replayed RegisterBrokerRecord establishing a new incarnation of broker 1: RegisterBrokerRecord(brokerId=1, isMigratingZkBroker=false, incarnationId=RbcuvC3fT46_u6HS_Ll5vg, brokerEpoch=384, endPoints=[BrokerEndpoint(name='PLAINTEXT', host='localhost', port=9092, securityProtocol=0)], features=[BrokerFeature(name='metadata.version', minSupportedVersion=1, maxSupportedVersion=14)], rack=null, fenced=true, inControlledShutdown=false) (org.apache.kafka.controller.ClusterControlManager)
[2023-11-14 07:01:47,708] INFO [QuorumController id=1] Replayed BrokerRegistrationChangeRecord modifying the registration for broker 1: BrokerRegistrationChangeRecord(brokerId=1, brokerEpoch=384, fenced=-1, inControlledShutdown=0) (org.apache.kafka.controller.ClusterControlManager)
[2023-11-14 07:01:47,762] INFO [QuorumController id=1] Becoming the active controller at epoch 5, next write offset 712. (org.apache.kafka.controller.QuorumController)
[2023-11-14 07:01:47,827] WARN [QuorumController id=1] Performing controller activation. Loaded ZK migration state of NONE. (org.apache.kafka.controller.QuorumController)
[2023-11-14 07:12:11,124] INFO [QuorumController id=1] Creating new QuorumController with clusterId hSCzevIQRUa-ojqTd_8C5w. (org.apache.kafka.controller.QuorumController)
[2023-11-14 07:12:11,195] INFO [QuorumController id=1] Replayed BeginTransactionRecord(name='Bootstrap records') at offset 1. (org.apache.kafka.controller.OffsetControlManager)
[2023-11-14 07:12:11,201] INFO [QuorumController id=1] Replayed a FeatureLevelRecord setting metadata version to 3.6-IV2 (org.apache.kafka.controller.FeatureControlManager)
[2023-11-14 07:12:11,201] INFO [QuorumController id=1] Replayed EndTransactionRecord() at offset 4. (org.apache.kafka.controller.OffsetControlManager)
[2023-11-14 07:12:11,216] INFO [QuorumController id=1] Replayed initial RegisterBrokerRecord for broker 1: RegisterBrokerRecord(brokerId=1, isMigratingZkBroker=false, incarnationId=g9EoeQygSS6o-hycpAfV-g, brokerEpoch=6, endPoints=[BrokerEndpoint(name='PLAINTEXT', host='localhost', port=9092, securityProtocol=0)], features=[BrokerFeature(name='metadata.version', minSupportedVersion=1, maxSupportedVersion=14)], rack=null, fenced=true, inControlledShutdown=false) (org.apache.kafka.controller.ClusterControlManager)
[2023-11-14 07:12:11,216] INFO [QuorumController id=1] Replayed BrokerRegistrationChangeRecord modifying the registration for broker 1: BrokerRegistrationChangeRecord(brokerId=1, brokerEpoch=6, fenced=-1, inControlledShutdown=0) (org.apache.kafka.controller.ClusterControlManager)
[2023-11-14 07:12:11,339] INFO [QuorumController id=1] Replayed BrokerRegistrationChangeRecord modifying the registration for broker 1: BrokerRegistrationChangeRecord(brokerId=1, brokerEpoch=6, fenced=1, inControlledShutdown=0) (org.apache.kafka.controller.ClusterControlManager)
[2023-11-14 07:12:11,339] INFO [QuorumController id=1] Replayed RegisterBrokerRecord establishing a new incarnation of broker 1: RegisterBrokerRecord(brokerId=1, isMigratingZkBroker=false, incarnationId=B5kjYo0kTHe42z7gWer6IQ, brokerEpoch=300, endPoints=[BrokerEndpoint(name='PLAINTEXT', host='localhost', port=9092, securityProtocol=0)], features=[BrokerFeature(name='metadata.version', minSupportedVersion=1, maxSupportedVersion=14)], rack=null, fenced=true, inControlledShutdown=false) (org.apache.kafka.controller.ClusterControlManager)
[2023-11-14 07:12:11,339] INFO [QuorumController id=1] Replayed BrokerRegistrationChangeRecord modifying the registration for broker 1: BrokerRegistrationChangeRecord(brokerId=1, brokerEpoch=300, fenced=-1, inControlledShutdown=0) (org.apache.kafka.controller.ClusterControlManager)
[2023-11-14 07:12:11,342] INFO [QuorumController id=1] Replayed RegisterBrokerRecord establishing a new incarnation of broker 1: RegisterBrokerRecord(brokerId=1, isMigratingZkBroker=false, incarnationId=RbcuvC3fT46_u6HS_Ll5vg, brokerEpoch=384, endPoints=[BrokerEndpoint(name='PLAINTEXT', host='localhost', port=9092, securityProtocol=0)], features=[BrokerFeature(name='metadata.version', minSupportedVersion=1, maxSupportedVersion=14)], rack=null, fenced=true, inControlledShutdown=false) (org.apache.kafka.controller.ClusterControlManager)
[2023-11-14 07:12:11,342] INFO [QuorumController id=1] Replayed BrokerRegistrationChangeRecord modifying the registration for broker 1: BrokerRegistrationChangeRecord(brokerId=1, brokerEpoch=384, fenced=-1, inControlledShutdown=0) (org.apache.kafka.controller.ClusterControlManager)
[2023-11-14 07:12:11,437] INFO [QuorumController id=1] Becoming the active controller at epoch 6, next write offset 713. (org.apache.kafka.controller.QuorumController)
[2023-11-14 07:12:11,449] WARN [QuorumController id=1] Performing controller activation. Loaded ZK migration state of NONE. (org.apache.kafka.controller.QuorumController)
[2023-11-14 07:12:13,097] INFO [QuorumController id=1] registerBroker: event failed with DuplicateBrokerRegistrationException in 1231 microseconds. (org.apache.kafka.controller.QuorumController)
[2023-11-14 07:12:13,219] INFO [QuorumController id=1] registerBroker: event failed with DuplicateBrokerRegistrationException in 74 microseconds. (org.apache.kafka.controller.QuorumController)
[2023-11-14 07:12:13,430] INFO [QuorumController id=1] registerBroker: event failed with DuplicateBrokerRegistrationException in 109 microseconds. (org.apache.kafka.controller.QuorumController)
[2023-11-14 07:12:13,829] INFO [QuorumController id=1] registerBroker: event failed with DuplicateBrokerRegistrationException in 64 microseconds. (org.apache.kafka.controller.QuorumController)
[2023-11-14 07:12:14,644] INFO [QuorumController id=1] registerBroker: event failed with DuplicateBrokerRegistrationException in 58 microseconds. (org.apache.kafka.controller.QuorumController)
[2023-11-14 07:12:16,237] INFO [QuorumController id=1] registerBroker: event failed with DuplicateBrokerRegistrationException in 61 microseconds. (org.apache.kafka.controller.QuorumController)
[2023-11-14 07:12:19,380] INFO [QuorumController id=1] registerBroker: event failed with DuplicateBrokerRegistrationException in 63 microseconds. (org.apache.kafka.controller.QuorumController)
[2023-11-14 07:12:25,734] INFO [QuorumController id=1] Replayed RegisterBrokerRecord establishing a new incarnation of broker 1: RegisterBrokerRecord(brokerId=1, isMigratingZkBroker=false, incarnationId=68ZK5CPrSt-MTgrnNNdl3Q, brokerEpoch=741, endPoints=[BrokerEndpoint(name='PLAINTEXT', host='localhost', port=9092, securityProtocol=0)], features=[BrokerFeature(name='metadata.version', minSupportedVersion=1, maxSupportedVersion=14)], rack=null, fenced=true, inControlledShutdown=false) (org.apache.kafka.controller.ClusterControlManager)
[2023-11-14 07:12:25,793] INFO [QuorumController id=1] The request from broker 1 to unfence has been granted because it has caught up with the offset of its register broker record 741. (org.apache.kafka.controller.BrokerHeartbeatManager)
[2023-11-14 07:12:25,807] INFO [QuorumController id=1] Replayed BrokerRegistrationChangeRecord modifying the registration for broker 1: BrokerRegistrationChangeRecord(brokerId=1, brokerEpoch=741, fenced=-1, inControlledShutdown=0) (org.apache.kafka.controller.ClusterControlManager)
