[2023-11-17T08:57:37.757+0000][gc,heap] Heap region size: 1M
[2023-11-17T08:57:37.769+0000][gc     ] Using G1
[2023-11-17T08:57:37.769+0000][gc,heap,coops] Heap address: 0x00000000e0000000, size: 512 MB, Compressed Oops mode: 32-bit
[2023-11-17T08:57:37.770+0000][gc,cds       ] Mark closed archive regions in map: [0x00000000fff00000, 0x00000000fff6bff8]
[2023-11-17T08:57:37.770+0000][gc,cds       ] Mark open archive regions in map: [0x00000000ffe00000, 0x00000000ffe47ff8]
[2023-11-17T08:57:38.681+0000][gc,start     ] GC(0) Pause Young (Normal) (G1 Evacuation Pause)
[2023-11-17T08:57:38.681+0000][gc,task      ] GC(0) Using 2 workers of 2 for evacuation
[2023-11-17T08:57:38.696+0000][gc,phases    ] GC(0)   Pre Evacuate Collection Set: 0.0ms
[2023-11-17T08:57:38.696+0000][gc,phases    ] GC(0)   Evacuate Collection Set: 14.4ms
[2023-11-17T08:57:38.696+0000][gc,phases    ] GC(0)   Post Evacuate Collection Set: 0.4ms
[2023-11-17T08:57:38.696+0000][gc,phases    ] GC(0)   Other: 0.3ms
[2023-11-17T08:57:38.696+0000][gc,heap      ] GC(0) Eden regions: 25->0(21)
[2023-11-17T08:57:38.696+0000][gc,heap      ] GC(0) Survivor regions: 0->4(4)
[2023-11-17T08:57:38.696+0000][gc,heap      ] GC(0) Old regions: 2->5
[2023-11-17T08:57:38.696+0000][gc,heap      ] GC(0) Humongous regions: 0->0
[2023-11-17T08:57:38.696+0000][gc,metaspace ] GC(0) Metaspace: 7776K(8192K)->7776K(8192K) NonClass: 6929K(7168K)->6929K(7168K) Class: 847K(1024K)->847K(1024K)
[2023-11-17T08:57:38.696+0000][gc           ] GC(0) Pause Young (Normal) (G1 Evacuation Pause) 25M->6M(512M) 15.287ms
[2023-11-17T08:57:38.696+0000][gc,cpu       ] GC(0) User=0.02s Sys=0.01s Real=0.02s
[2023-11-17T08:57:39.058+0000][gc,start     ] GC(1) Pause Young (Normal) (G1 Evacuation Pause)
[2023-11-17T08:57:39.058+0000][gc,task      ] GC(1) Using 2 workers of 2 for evacuation
[2023-11-17T08:57:39.074+0000][gc,phases    ] GC(1)   Pre Evacuate Collection Set: 0.0ms
[2023-11-17T08:57:39.075+0000][gc,phases    ] GC(1)   Evacuate Collection Set: 15.6ms
[2023-11-17T08:57:39.075+0000][gc,phases    ] GC(1)   Post Evacuate Collection Set: 0.3ms
[2023-11-17T08:57:39.075+0000][gc,phases    ] GC(1)   Other: 0.1ms
[2023-11-17T08:57:39.075+0000][gc,heap      ] GC(1) Eden regions: 21->0(24)
[2023-11-17T08:57:39.075+0000][gc,heap      ] GC(1) Survivor regions: 4->1(4)
[2023-11-17T08:57:39.075+0000][gc,heap      ] GC(1) Old regions: 5->9
[2023-11-17T08:57:39.075+0000][gc,heap      ] GC(1) Humongous regions: 0->0
[2023-11-17T08:57:39.075+0000][gc,metaspace ] GC(1) Metaspace: 13025K(13568K)->13025K(13568K) NonClass: 11478K(11776K)->11478K(11776K) Class: 1546K(1792K)->1546K(1792K)
[2023-11-17T08:57:39.075+0000][gc           ] GC(1) Pause Young (Normal) (G1 Evacuation Pause) 27M->7M(512M) 16.160ms
[2023-11-17T08:57:39.075+0000][gc,cpu       ] GC(1) User=0.03s Sys=0.00s Real=0.02s
[2023-11-17T08:57:39.489+0000][gc,start     ] GC(2) Pause Young (Normal) (G1 Evacuation Pause)
[2023-11-17T08:57:39.489+0000][gc,task      ] GC(2) Using 2 workers of 2 for evacuation
[2023-11-17T08:57:39.495+0000][gc,phases    ] GC(2)   Pre Evacuate Collection Set: 0.0ms
[2023-11-17T08:57:39.495+0000][gc,phases    ] GC(2)   Evacuate Collection Set: 5.6ms
[2023-11-17T08:57:39.495+0000][gc,phases    ] GC(2)   Post Evacuate Collection Set: 0.3ms
[2023-11-17T08:57:39.495+0000][gc,phases    ] GC(2)   Other: 0.2ms
[2023-11-17T08:57:39.495+0000][gc,heap      ] GC(2) Eden regions: 24->0(23)
[2023-11-17T08:57:39.495+0000][gc,heap      ] GC(2) Survivor regions: 1->2(4)
[2023-11-17T08:57:39.495+0000][gc,heap      ] GC(2) Old regions: 9->9
[2023-11-17T08:57:39.495+0000][gc,heap      ] GC(2) Humongous regions: 0->0
[2023-11-17T08:57:39.495+0000][gc,metaspace ] GC(2) Metaspace: 17776K(18432K)->17776K(18432K) NonClass: 15732K(16128K)->15732K(16128K) Class: 2044K(2304K)->2044K(2304K)
[2023-11-17T08:57:39.495+0000][gc           ] GC(2) Pause Young (Normal) (G1 Evacuation Pause) 31M->8M(512M) 6.141ms
[2023-11-17T08:57:39.495+0000][gc,cpu       ] GC(2) User=0.01s Sys=0.00s Real=0.01s
[2023-11-17T08:57:39.673+0000][gc,start     ] GC(3) Pause Young (Concurrent Start) (Metadata GC Threshold)
[2023-11-17T08:57:39.673+0000][gc,task      ] GC(3) Using 2 workers of 2 for evacuation
[2023-11-17T08:57:39.681+0000][gc,phases    ] GC(3)   Pre Evacuate Collection Set: 0.1ms
[2023-11-17T08:57:39.681+0000][gc,phases    ] GC(3)   Evacuate Collection Set: 7.4ms
[2023-11-17T08:57:39.681+0000][gc,phases    ] GC(3)   Post Evacuate Collection Set: 0.3ms
[2023-11-17T08:57:39.681+0000][gc,phases    ] GC(3)   Other: 0.2ms
[2023-11-17T08:57:39.681+0000][gc,heap      ] GC(3) Eden regions: 17->0(23)
[2023-11-17T08:57:39.681+0000][gc,heap      ] GC(3) Survivor regions: 2->2(4)
[2023-11-17T08:57:39.681+0000][gc,heap      ] GC(3) Old regions: 9->9
[2023-11-17T08:57:39.681+0000][gc,heap      ] GC(3) Humongous regions: 0->0
[2023-11-17T08:57:39.681+0000][gc,metaspace ] GC(3) Metaspace: 20649K(21248K)->20649K(21248K) NonClass: 18368K(18688K)->18368K(18688K) Class: 2280K(2560K)->2280K(2560K)
[2023-11-17T08:57:39.681+0000][gc           ] GC(3) Pause Young (Concurrent Start) (Metadata GC Threshold) 25M->9M(512M) 8.124ms
[2023-11-17T08:57:39.681+0000][gc,cpu       ] GC(3) User=0.01s Sys=0.00s Real=0.01s
[2023-11-17T08:57:39.681+0000][gc           ] GC(4) Concurrent Cycle
[2023-11-17T08:57:39.681+0000][gc,marking   ] GC(4) Concurrent Clear Claimed Marks
[2023-11-17T08:57:39.682+0000][gc,marking   ] GC(4) Concurrent Clear Claimed Marks 0.048ms
[2023-11-17T08:57:39.682+0000][gc,marking   ] GC(4) Concurrent Scan Root Regions
[2023-11-17T08:57:39.685+0000][gc,marking   ] GC(4) Concurrent Scan Root Regions 3.860ms
[2023-11-17T08:57:39.685+0000][gc,marking   ] GC(4) Concurrent Mark (1.937s)
[2023-11-17T08:57:39.685+0000][gc,marking   ] GC(4) Concurrent Mark From Roots
[2023-11-17T08:57:39.685+0000][gc,task      ] GC(4) Using 1 workers of 1 for marking
[2023-11-17T08:57:39.707+0000][gc,marking   ] GC(4) Concurrent Mark From Roots 21.325ms
[2023-11-17T08:57:39.707+0000][gc,marking   ] GC(4) Concurrent Preclean
[2023-11-17T08:57:39.707+0000][gc,marking   ] GC(4) Concurrent Preclean 0.102ms
[2023-11-17T08:57:39.707+0000][gc,marking   ] GC(4) Concurrent Mark (1.937s, 1.958s) 21.487ms
[2023-11-17T08:57:39.707+0000][gc,start     ] GC(4) Pause Remark
[2023-11-17T08:57:39.711+0000][gc,stringtable] GC(4) Cleaned string and symbol table, strings: 5873 processed, 9 removed, symbols: 48089 processed, 40 removed
[2023-11-17T08:57:39.712+0000][gc            ] GC(4) Pause Remark 10M->10M(512M) 4.456ms
[2023-11-17T08:57:39.712+0000][gc,cpu        ] GC(4) User=0.00s Sys=0.00s Real=0.00s
[2023-11-17T08:57:39.712+0000][gc,marking    ] GC(4) Concurrent Rebuild Remembered Sets
[2023-11-17T08:57:39.718+0000][gc,marking    ] GC(4) Concurrent Rebuild Remembered Sets 6.669ms
[2023-11-17T08:57:39.718+0000][gc,start      ] GC(4) Pause Cleanup
[2023-11-17T08:57:39.719+0000][gc            ] GC(4) Pause Cleanup 10M->10M(512M) 0.153ms
[2023-11-17T08:57:39.719+0000][gc,cpu        ] GC(4) User=0.00s Sys=0.00s Real=0.00s
[2023-11-17T08:57:39.719+0000][gc,marking    ] GC(4) Concurrent Cleanup for Next Mark
[2023-11-17T08:57:39.728+0000][gc,marking    ] GC(4) Concurrent Cleanup for Next Mark 9.582ms
[2023-11-17T08:57:39.728+0000][gc            ] GC(4) Concurrent Cycle 46.771ms
[2023-11-17T08:57:40.401+0000][gc,start      ] GC(5) Pause Young (Normal) (G1 Evacuation Pause)
[2023-11-17T08:57:40.401+0000][gc,task       ] GC(5) Using 2 workers of 2 for evacuation
[2023-11-17T08:57:40.418+0000][gc,phases     ] GC(5)   Pre Evacuate Collection Set: 0.0ms
[2023-11-17T08:57:40.418+0000][gc,phases     ] GC(5)   Evacuate Collection Set: 16.2ms
[2023-11-17T08:57:40.418+0000][gc,phases     ] GC(5)   Post Evacuate Collection Set: 0.5ms
[2023-11-17T08:57:40.418+0000][gc,phases     ] GC(5)   Other: 0.2ms
[2023-11-17T08:57:40.418+0000][gc,heap       ] GC(5) Eden regions: 23->0(21)
[2023-11-17T08:57:40.418+0000][gc,heap       ] GC(5) Survivor regions: 2->4(4)
[2023-11-17T08:57:40.418+0000][gc,heap       ] GC(5) Old regions: 9->9
[2023-11-17T08:57:40.418+0000][gc,heap       ] GC(5) Humongous regions: 0->0
[2023-11-17T08:57:40.418+0000][gc,metaspace  ] GC(5) Metaspace: 23357K(24448K)->23357K(24448K) NonClass: 20631K(21248K)->20631K(21248K) Class: 2726K(3200K)->2726K(3200K)
[2023-11-17T08:57:40.418+0000][gc            ] GC(5) Pause Young (Normal) (G1 Evacuation Pause) 32M->10M(512M) 17.024ms
[2023-11-17T08:57:40.418+0000][gc,cpu        ] GC(5) User=0.03s Sys=0.00s Real=0.02s
[2023-11-17T08:57:40.687+0000][gc,start      ] GC(6) Pause Young (Normal) (G1 Evacuation Pause)
[2023-11-17T08:57:40.687+0000][gc,task       ] GC(6) Using 2 workers of 2 for evacuation
[2023-11-17T08:57:40.698+0000][gc,phases     ] GC(6)   Pre Evacuate Collection Set: 0.0ms
[2023-11-17T08:57:40.698+0000][gc,phases     ] GC(6)   Evacuate Collection Set: 10.6ms
[2023-11-17T08:57:40.698+0000][gc,phases     ] GC(6)   Post Evacuate Collection Set: 0.4ms
[2023-11-17T08:57:40.698+0000][gc,phases     ] GC(6)   Other: 0.1ms
[2023-11-17T08:57:40.698+0000][gc,heap       ] GC(6) Eden regions: 21->0(22)
[2023-11-17T08:57:40.698+0000][gc,heap       ] GC(6) Survivor regions: 4->3(4)
[2023-11-17T08:57:40.698+0000][gc,heap       ] GC(6) Old regions: 9->10
[2023-11-17T08:57:40.698+0000][gc,heap       ] GC(6) Humongous regions: 0->0
[2023-11-17T08:57:40.698+0000][gc,metaspace  ] GC(6) Metaspace: 23366K(24448K)->23366K(24448K) NonClass: 20640K(21248K)->20640K(21248K) Class: 2726K(3200K)->2726K(3200K)
[2023-11-17T08:57:40.698+0000][gc            ] GC(6) Pause Young (Normal) (G1 Evacuation Pause) 31M->10M(512M) 11.277ms
[2023-11-17T08:57:40.698+0000][gc,cpu        ] GC(6) User=0.03s Sys=0.00s Real=0.01s
[2023-11-17T08:57:40.984+0000][gc,start      ] GC(7) Pause Young (Normal) (G1 Evacuation Pause)
[2023-11-17T08:57:40.984+0000][gc,task       ] GC(7) Using 2 workers of 2 for evacuation
[2023-11-17T08:57:41.001+0000][gc,phases     ] GC(7)   Pre Evacuate Collection Set: 0.0ms
[2023-11-17T08:57:41.001+0000][gc,phases     ] GC(7)   Evacuate Collection Set: 16.0ms
[2023-11-17T08:57:41.001+0000][gc,phases     ] GC(7)   Post Evacuate Collection Set: 1.1ms
[2023-11-17T08:57:41.001+0000][gc,phases     ] GC(7)   Other: 0.2ms
[2023-11-17T08:57:41.001+0000][gc,heap       ] GC(7) Eden regions: 22->0(22)
[2023-11-17T08:57:41.001+0000][gc,heap       ] GC(7) Survivor regions: 3->3(4)
[2023-11-17T08:57:41.001+0000][gc,heap       ] GC(7) Old regions: 10->10
[2023-11-17T08:57:41.001+0000][gc,heap       ] GC(7) Humongous regions: 0->0
[2023-11-17T08:57:41.001+0000][gc,metaspace  ] GC(7) Metaspace: 23366K(24448K)->23366K(24448K) NonClass: 20640K(21248K)->20640K(21248K) Class: 2726K(3200K)->2726K(3200K)
[2023-11-17T08:57:41.001+0000][gc            ] GC(7) Pause Young (Normal) (G1 Evacuation Pause) 32M->10M(512M) 17.731ms
[2023-11-17T08:57:41.001+0000][gc,cpu        ] GC(7) User=0.03s Sys=0.00s Real=0.02s
[2023-11-17T08:57:41.446+0000][gc,start      ] GC(8) Pause Young (Normal) (G1 Evacuation Pause)
[2023-11-17T08:57:41.446+0000][gc,task       ] GC(8) Using 2 workers of 2 for evacuation
[2023-11-17T08:57:41.452+0000][gc,phases     ] GC(8)   Pre Evacuate Collection Set: 0.0ms
[2023-11-17T08:57:41.452+0000][gc,phases     ] GC(8)   Evacuate Collection Set: 5.7ms
[2023-11-17T08:57:41.452+0000][gc,phases     ] GC(8)   Post Evacuate Collection Set: 0.3ms
[2023-11-17T08:57:41.452+0000][gc,phases     ] GC(8)   Other: 0.1ms
[2023-11-17T08:57:41.452+0000][gc,heap       ] GC(8) Eden regions: 22->0(22)
[2023-11-17T08:57:41.452+0000][gc,heap       ] GC(8) Survivor regions: 3->3(4)
[2023-11-17T08:57:41.452+0000][gc,heap       ] GC(8) Old regions: 10->10
[2023-11-17T08:57:41.452+0000][gc,heap       ] GC(8) Humongous regions: 0->0
[2023-11-17T08:57:41.452+0000][gc,metaspace  ] GC(8) Metaspace: 27346K(28416K)->27346K(28416K) NonClass: 24218K(24832K)->24218K(24832K) Class: 3127K(3584K)->3127K(3584K)
[2023-11-17T08:57:41.452+0000][gc            ] GC(8) Pause Young (Normal) (G1 Evacuation Pause) 32M->11M(512M) 6.214ms
[2023-11-17T08:57:41.452+0000][gc,cpu        ] GC(8) User=0.01s Sys=0.00s Real=0.00s
[2023-11-17T08:57:41.926+0000][gc,start      ] GC(9) Pause Young (Normal) (G1 Evacuation Pause)
[2023-11-17T08:57:41.926+0000][gc,task       ] GC(9) Using 2 workers of 2 for evacuation
[2023-11-17T08:57:41.937+0000][gc,phases     ] GC(9)   Pre Evacuate Collection Set: 0.0ms
[2023-11-17T08:57:41.937+0000][gc,phases     ] GC(9)   Evacuate Collection Set: 9.7ms
[2023-11-17T08:57:41.937+0000][gc,phases     ] GC(9)   Post Evacuate Collection Set: 0.5ms
[2023-11-17T08:57:41.937+0000][gc,phases     ] GC(9)   Other: 0.3ms
[2023-11-17T08:57:41.937+0000][gc,heap       ] GC(9) Eden regions: 22->0(22)
[2023-11-17T08:57:41.937+0000][gc,heap       ] GC(9) Survivor regions: 3->3(4)
[2023-11-17T08:57:41.937+0000][gc,heap       ] GC(9) Old regions: 10->12
[2023-11-17T08:57:41.937+0000][gc,heap       ] GC(9) Humongous regions: 9->9
[2023-11-17T08:57:41.937+0000][gc,metaspace  ] GC(9) Metaspace: 30982K(32256K)->30982K(32256K) NonClass: 27450K(28160K)->27450K(28160K) Class: 3531K(4096K)->3531K(4096K)
[2023-11-17T08:57:41.937+0000][gc            ] GC(9) Pause Young (Normal) (G1 Evacuation Pause) 42M->21M(512M) 10.536ms
[2023-11-17T08:57:41.937+0000][gc,cpu        ] GC(9) User=0.02s Sys=0.00s Real=0.01s
[2023-11-17T08:57:42.106+0000][gc,heap,exit  ] Heap
[2023-11-17T08:57:42.106+0000][gc,heap,exit  ]  garbage-first heap   total 524288K, used 32583K [0x00000000e0000000, 0x0000000100000000)
[2023-11-17T08:57:42.106+0000][gc,heap,exit  ]   region size 1024K, 14 young (14336K), 3 survivors (3072K)
[2023-11-17T08:57:42.106+0000][gc,heap,exit  ]  Metaspace       used 31599K, capacity 32758K, committed 32768K, reserved 1077248K
[2023-11-17T08:57:42.106+0000][gc,heap,exit  ]   class space    used 3607K, capacity 4096K, committed 4096K, reserved 1048576K
