[2023-11-14 07:00:44,570] INFO Registered kafka:type=kafka.Log4jController MBean (kafka.utils.Log4jControllerRegistration$)
[2023-11-14 07:00:45,314] INFO Setting -D jdk.tls.rejectClientInitiatedRenegotiation=true to disable client-initiated TLS renegotiation (org.apache.zookeeper.common.X509Util)
[2023-11-14 07:00:45,643] INFO Registered signal handlers for TERM, INT, HUP (org.apache.kafka.common.utils.LoggingSignalHandler)
[2023-11-14 07:00:45,646] INFO [ControllerServer id=1] Starting controller (kafka.server.ControllerServer)
[2023-11-14 07:00:45,703] INFO authorizerStart completed for endpoint CONTROLLER. Endpoint is now READY. (org.apache.kafka.server.network.EndpointReadyFutures)
[2023-11-14 07:00:46,522] INFO Updated connection-accept-rate max connection creation rate to 2147483647 (kafka.network.ConnectionQuotas)
[2023-11-14 07:00:46,629] INFO [SocketServer listenerType=CONTROLLER, nodeId=1] Created data-plane acceptor and processors for endpoint : ListenerName(CONTROLLER) (kafka.network.SocketServer)
[2023-11-14 07:00:46,631] INFO [SharedServer id=1] Starting SharedServer (kafka.server.SharedServer)
[2023-11-14 07:00:46,798] INFO [LogLoader partition=__cluster_metadata-0, dir=/usr/local/kafka/kraft-combined-logs] Recovering unflushed segment 0. 0/1 recovered for __cluster_metadata-0. (kafka.log.LogLoader)
[2023-11-14 07:00:46,800] INFO [LogLoader partition=__cluster_metadata-0, dir=/usr/local/kafka/kraft-combined-logs] Loading producer state till offset 0 with message format version 2 (kafka.log.UnifiedLog$)
[2023-11-14 07:00:46,802] INFO [LogLoader partition=__cluster_metadata-0, dir=/usr/local/kafka/kraft-combined-logs] Reloading from producer snapshot and rebuilding producer state from offset 0 (kafka.log.UnifiedLog$)
[2023-11-14 07:00:46,803] INFO Deleted producer state snapshot /usr/local/kafka/kraft-combined-logs/__cluster_metadata-0/00000000000000000354.snapshot (org.apache.kafka.storage.internals.log.SnapshotFile)
[2023-11-14 07:00:46,803] INFO [LogLoader partition=__cluster_metadata-0, dir=/usr/local/kafka/kraft-combined-logs] Producer state recovery took 1ms for snapshot load and 0ms for segment recovery from offset 0 (kafka.log.UnifiedLog$)
[2023-11-14 07:00:46,893] INFO [ProducerStateManager partition=__cluster_metadata-0]Wrote producer snapshot at offset 711 with 0 producer ids in 2 ms. (org.apache.kafka.storage.internals.log.ProducerStateManager)
[2023-11-14 07:00:46,920] INFO [LogLoader partition=__cluster_metadata-0, dir=/usr/local/kafka/kraft-combined-logs] Loading producer state till offset 711 with message format version 2 (kafka.log.UnifiedLog$)
[2023-11-14 07:00:46,920] INFO [LogLoader partition=__cluster_metadata-0, dir=/usr/local/kafka/kraft-combined-logs] Reloading from producer snapshot and rebuilding producer state from offset 711 (kafka.log.UnifiedLog$)
[2023-11-14 07:00:46,921] INFO [ProducerStateManager partition=__cluster_metadata-0]Loading producer state from snapshot file 'SnapshotFile(offset=711, file=/usr/local/kafka/kraft-combined-logs/__cluster_metadata-0/00000000000000000711.snapshot)' (org.apache.kafka.storage.internals.log.ProducerStateManager)
[2023-11-14 07:00:46,922] INFO [LogLoader partition=__cluster_metadata-0, dir=/usr/local/kafka/kraft-combined-logs] Producer state recovery took 1ms for snapshot load and 0ms for segment recovery from offset 711 (kafka.log.UnifiedLog$)
[2023-11-14 07:00:46,994] INFO Initialized snapshots with IDs SortedSet() from /usr/local/kafka/kraft-combined-logs/__cluster_metadata-0 (kafka.raft.KafkaMetadataLog$)
[2023-11-14 07:00:47,027] INFO [raft-expiration-reaper]: Starting (kafka.raft.TimingWheelExpirationService$ExpiredOperationReaper)
[2023-11-14 07:00:47,450] INFO [RaftManager id=1] Completed transition to ResignedState(localId=1, epoch=3, voters=[1], electionTimeoutMs=1632, unackedVoters=[], preferredSuccessors=[]) from null (org.apache.kafka.raft.QuorumState)
[2023-11-14 07:00:47,458] INFO [RaftManager id=1] Completed transition to CandidateState(localId=1, epoch=4, retries=1, voteStates={1=GRANTED}, highWatermark=Optional.empty, electionTimeoutMs=1374) from ResignedState(localId=1, epoch=3, voters=[1], electionTimeoutMs=1632, unackedVoters=[], preferredSuccessors=[]) (org.apache.kafka.raft.QuorumState)
[2023-11-14 07:00:47,477] INFO [RaftManager id=1] Completed transition to Leader(localId=1, epoch=4, epochStartOffset=711, highWatermark=Optional.empty, voterStates={1=ReplicaState(nodeId=1, endOffset=Optional.empty, lastFetchTimestamp=-1, lastCaughtUpTimestamp=-1, hasAcknowledgedLeader=true)}) from CandidateState(localId=1, epoch=4, retries=1, voteStates={1=GRANTED}, highWatermark=Optional.empty, electionTimeoutMs=1374) (org.apache.kafka.raft.QuorumState)
[2023-11-14 07:00:47,516] INFO [kafka-1-raft-outbound-request-thread]: Starting (kafka.raft.RaftSendThread)
[2023-11-14 07:00:47,531] INFO [kafka-1-raft-io-thread]: Starting (kafka.raft.KafkaRaftManager$RaftIoThread)
[2023-11-14 07:00:47,585] INFO [RaftManager id=1] High watermark set to LogOffsetMetadata(offset=712, metadata=Optional[(segmentBaseOffset=0,relativePositionInSegment=51445)]) for the first time for epoch 4 based on indexOfHw 0 and voters [ReplicaState(nodeId=1, endOffset=Optional[LogOffsetMetadata(offset=712, metadata=Optional[(segmentBaseOffset=0,relativePositionInSegment=51445)])], lastFetchTimestamp=-1, lastCaughtUpTimestamp=-1, hasAcknowledgedLeader=true)] (org.apache.kafka.raft.LeaderState)
[2023-11-14 07:00:47,597] INFO [MetadataLoader id=1] initializeNewPublishers: The loader is still catching up because we have loaded up to offset -1, but the high water mark is 712 (org.apache.kafka.image.loader.MetadataLoader)
[2023-11-14 07:00:47,601] INFO [ControllerServer id=1] Waiting for controller quorum voters future (kafka.server.ControllerServer)
[2023-11-14 07:00:47,601] INFO [ControllerServer id=1] Finished waiting for controller quorum voters future (kafka.server.ControllerServer)
[2023-11-14 07:00:47,607] INFO [RaftManager id=1] Registered the listener org.apache.kafka.image.loader.MetadataLoader@1782802139 (org.apache.kafka.raft.KafkaRaftClient)
[2023-11-14 07:00:47,635] INFO [MetadataLoader id=1] maybePublishMetadata(LOG_DELTA): The loader is still catching up because we have loaded up to offset 0, but the high water mark is 712 (org.apache.kafka.image.loader.MetadataLoader)
[2023-11-14 07:00:47,726] INFO [RaftManager id=1] Registered the listener org.apache.kafka.controller.QuorumController$QuorumMetaLogListener@1864412493 (org.apache.kafka.raft.KafkaRaftClient)
[2023-11-14 07:00:47,776] INFO [controller-1-ThrottledChannelReaper-Fetch]: Starting (kafka.server.ClientQuotaManager$ThrottledChannelReaper)
[2023-11-14 07:00:47,791] INFO [controller-1-ThrottledChannelReaper-Produce]: Starting (kafka.server.ClientQuotaManager$ThrottledChannelReaper)
[2023-11-14 07:00:47,806] INFO [controller-1-ThrottledChannelReaper-Request]: Starting (kafka.server.ClientQuotaManager$ThrottledChannelReaper)
[2023-11-14 07:00:47,820] INFO [controller-1-ThrottledChannelReaper-ControllerMutation]: Starting (kafka.server.ClientQuotaManager$ThrottledChannelReaper)
[2023-11-14 07:00:47,857] INFO [MetadataLoader id=1] maybePublishMetadata(LOG_DELTA): The loader finished catching up to the current high water mark of 712 (org.apache.kafka.image.loader.MetadataLoader)
[2023-11-14 07:00:47,872] INFO [MetadataLoader id=1] InitializeNewPublishers: initializing SnapshotGenerator with a snapshot at offset 711 (org.apache.kafka.image.loader.MetadataLoader)
[2023-11-14 07:00:47,919] INFO [ExpirationReaper-1-AlterAcls]: Starting (kafka.server.DelayedOperationPurgatory$ExpiredOperationReaper)
[2023-11-14 07:00:47,947] INFO [MetadataLoader id=1] InitializeNewPublishers: initializing FeaturesPublisher with a snapshot at offset 711 (org.apache.kafka.image.loader.MetadataLoader)
[2023-11-14 07:00:47,947] INFO [MetadataLoader id=1] InitializeNewPublishers: initializing DynamicConfigPublisher controller id=1 with a snapshot at offset 711 (org.apache.kafka.image.loader.MetadataLoader)
[2023-11-14 07:00:47,950] INFO [MetadataLoader id=1] InitializeNewPublishers: initializing DynamicClientQuotaPublisher controller id=1 with a snapshot at offset 711 (org.apache.kafka.image.loader.MetadataLoader)
[2023-11-14 07:00:47,951] INFO [MetadataLoader id=1] InitializeNewPublishers: initializing ScramPublisher controller id=1 with a snapshot at offset 711 (org.apache.kafka.image.loader.MetadataLoader)
[2023-11-14 07:00:47,953] INFO [MetadataLoader id=1] InitializeNewPublishers: initializing DelegationTokenPublisher controller id=1 with a snapshot at offset 711 (org.apache.kafka.image.loader.MetadataLoader)
[2023-11-14 07:00:47,955] INFO [MetadataLoader id=1] InitializeNewPublishers: initializing ControllerMetadataMetricsPublisher with a snapshot at offset 711 (org.apache.kafka.image.loader.MetadataLoader)
[2023-11-14 07:00:47,955] INFO [MetadataLoader id=1] InitializeNewPublishers: initializing AclPublisher controller id=1 with a snapshot at offset 711 (org.apache.kafka.image.loader.MetadataLoader)
[2023-11-14 07:00:47,956] INFO [ControllerServer id=1] Waiting for the controller metadata publishers to be installed (kafka.server.ControllerServer)
[2023-11-14 07:00:47,956] INFO [ControllerServer id=1] Finished waiting for the controller metadata publishers to be installed (kafka.server.ControllerServer)
[2023-11-14 07:00:47,956] INFO [SocketServer listenerType=CONTROLLER, nodeId=1] Enabling request processing. (kafka.network.SocketServer)
[2023-11-14 07:00:47,973] ERROR Unable to start acceptor for ListenerName(CONTROLLER) (kafka.network.DataPlaneAcceptor)
org.apache.kafka.common.KafkaException: Socket server failed to bind to 0.0.0.0:9093: Address already in use.
	at kafka.network.Acceptor.openServerSocket(SocketServer.scala:734)
	at kafka.network.Acceptor.liftedTree1$1(SocketServer.scala:637)
	at kafka.network.Acceptor.start(SocketServer.scala:632)
	at kafka.network.SocketServer.$anonfun$enableRequestProcessing$2(SocketServer.scala:222)
	at java.base/java.util.concurrent.CompletableFuture.uniWhenComplete(CompletableFuture.java:859)
	at java.base/java.util.concurrent.CompletableFuture.uniWhenCompleteStage(CompletableFuture.java:883)
	at java.base/java.util.concurrent.CompletableFuture.whenComplete(CompletableFuture.java:2257)
	at kafka.network.SocketServer.chainAcceptorFuture$1(SocketServer.scala:215)
	at kafka.network.SocketServer.$anonfun$enableRequestProcessing$5(SocketServer.scala:229)
	at java.base/java.util.concurrent.ConcurrentHashMap$ValuesView.forEach(ConcurrentHashMap.java:4770)
	at kafka.network.SocketServer.enableRequestProcessing(SocketServer.scala:229)
	at kafka.server.ControllerServer.startup(ControllerServer.scala:389)
	at kafka.server.KafkaRaftServer.$anonfun$startup$1(KafkaRaftServer.scala:95)
	at kafka.server.KafkaRaftServer.$anonfun$startup$1$adapted(KafkaRaftServer.scala:95)
	at scala.Option.foreach(Option.scala:437)
	at kafka.server.KafkaRaftServer.startup(KafkaRaftServer.scala:95)
	at kafka.Kafka$.main(Kafka.scala:113)
	at kafka.Kafka.main(Kafka.scala)
Caused by: java.net.BindException: Address already in use
	at java.base/sun.nio.ch.Net.bind0(Native Method)
	at java.base/sun.nio.ch.Net.bind(Net.java:459)
	at java.base/sun.nio.ch.Net.bind(Net.java:448)
	at java.base/sun.nio.ch.ServerSocketChannelImpl.bind(ServerSocketChannelImpl.java:227)
	at java.base/sun.nio.ch.ServerSocketAdaptor.bind(ServerSocketAdaptor.java:80)
	at kafka.network.Acceptor.openServerSocket(SocketServer.scala:730)
	... 17 more
[2023-11-14 07:00:47,984] INFO [ControllerServer id=1] Waiting for all of the authorizer futures to be completed (kafka.server.ControllerServer)
[2023-11-14 07:00:47,984] INFO [ControllerServer id=1] Finished waiting for all of the authorizer futures to be completed (kafka.server.ControllerServer)
[2023-11-14 07:00:47,984] INFO [ControllerServer id=1] Waiting for all of the SocketServer Acceptors to be started (kafka.server.ControllerServer)
[2023-11-14 07:00:47,984] ERROR [ControllerServer id=1] Received a fatal error while waiting for all of the SocketServer Acceptors to be started (kafka.server.ControllerServer)
java.lang.RuntimeException: Unable to start acceptor for ListenerName(CONTROLLER)
	at kafka.network.Acceptor.liftedTree1$1(SocketServer.scala:652)
	at kafka.network.Acceptor.start(SocketServer.scala:632)
	at kafka.network.SocketServer.$anonfun$enableRequestProcessing$2(SocketServer.scala:222)
	at java.base/java.util.concurrent.CompletableFuture.uniWhenComplete(CompletableFuture.java:859)
	at java.base/java.util.concurrent.CompletableFuture.uniWhenCompleteStage(CompletableFuture.java:883)
	at java.base/java.util.concurrent.CompletableFuture.whenComplete(CompletableFuture.java:2257)
	at kafka.network.SocketServer.chainAcceptorFuture$1(SocketServer.scala:215)
	at kafka.network.SocketServer.$anonfun$enableRequestProcessing$5(SocketServer.scala:229)
	at java.base/java.util.concurrent.ConcurrentHashMap$ValuesView.forEach(ConcurrentHashMap.java:4770)
	at kafka.network.SocketServer.enableRequestProcessing(SocketServer.scala:229)
	at kafka.server.ControllerServer.startup(ControllerServer.scala:389)
	at kafka.server.KafkaRaftServer.$anonfun$startup$1(KafkaRaftServer.scala:95)
	at kafka.server.KafkaRaftServer.$anonfun$startup$1$adapted(KafkaRaftServer.scala:95)
	at scala.Option.foreach(Option.scala:437)
	at kafka.server.KafkaRaftServer.startup(KafkaRaftServer.scala:95)
	at kafka.Kafka$.main(Kafka.scala:113)
	at kafka.Kafka.main(Kafka.scala)
Caused by: org.apache.kafka.common.KafkaException: Socket server failed to bind to 0.0.0.0:9093: Address already in use.
	at kafka.network.Acceptor.openServerSocket(SocketServer.scala:734)
	at kafka.network.Acceptor.liftedTree1$1(SocketServer.scala:637)
	... 16 more
Caused by: java.net.BindException: Address already in use
	at java.base/sun.nio.ch.Net.bind0(Native Method)
	at java.base/sun.nio.ch.Net.bind(Net.java:459)
	at java.base/sun.nio.ch.Net.bind(Net.java:448)
	at java.base/sun.nio.ch.ServerSocketChannelImpl.bind(ServerSocketChannelImpl.java:227)
	at java.base/sun.nio.ch.ServerSocketAdaptor.bind(ServerSocketAdaptor.java:80)
	at kafka.network.Acceptor.openServerSocket(SocketServer.scala:730)
	... 17 more
[2023-11-14 07:00:47,985] ERROR Encountered fatal fault: caught exception (org.apache.kafka.server.fault.ProcessTerminatingFaultHandler)
java.lang.RuntimeException: Received a fatal error while waiting for all of the SocketServer Acceptors to be started
	at org.apache.kafka.server.util.FutureUtils.waitWithLogging(FutureUtils.java:68)
	at kafka.server.ControllerServer.startup(ControllerServer.scala:399)
	at kafka.server.KafkaRaftServer.$anonfun$startup$1(KafkaRaftServer.scala:95)
	at kafka.server.KafkaRaftServer.$anonfun$startup$1$adapted(KafkaRaftServer.scala:95)
	at scala.Option.foreach(Option.scala:437)
	at kafka.server.KafkaRaftServer.startup(KafkaRaftServer.scala:95)
	at kafka.Kafka$.main(Kafka.scala:113)
	at kafka.Kafka.main(Kafka.scala)
Caused by: java.lang.RuntimeException: Unable to start acceptor for ListenerName(CONTROLLER)
	at kafka.network.Acceptor.liftedTree1$1(SocketServer.scala:652)
	at kafka.network.Acceptor.start(SocketServer.scala:632)
	at kafka.network.SocketServer.$anonfun$enableRequestProcessing$2(SocketServer.scala:222)
	at java.base/java.util.concurrent.CompletableFuture.uniWhenComplete(CompletableFuture.java:859)
	at java.base/java.util.concurrent.CompletableFuture.uniWhenCompleteStage(CompletableFuture.java:883)
	at java.base/java.util.concurrent.CompletableFuture.whenComplete(CompletableFuture.java:2257)
	at kafka.network.SocketServer.chainAcceptorFuture$1(SocketServer.scala:215)
	at kafka.network.SocketServer.$anonfun$enableRequestProcessing$5(SocketServer.scala:229)
	at java.base/java.util.concurrent.ConcurrentHashMap$ValuesView.forEach(ConcurrentHashMap.java:4770)
	at kafka.network.SocketServer.enableRequestProcessing(SocketServer.scala:229)
	at kafka.server.ControllerServer.startup(ControllerServer.scala:389)
	... 6 more
Caused by: org.apache.kafka.common.KafkaException: Socket server failed to bind to 0.0.0.0:9093: Address already in use.
	at kafka.network.Acceptor.openServerSocket(SocketServer.scala:734)
	at kafka.network.Acceptor.liftedTree1$1(SocketServer.scala:637)
	... 16 more
Caused by: java.net.BindException: Address already in use
	at java.base/sun.nio.ch.Net.bind0(Native Method)
	at java.base/sun.nio.ch.Net.bind(Net.java:459)
	at java.base/sun.nio.ch.Net.bind(Net.java:448)
	at java.base/sun.nio.ch.ServerSocketChannelImpl.bind(ServerSocketChannelImpl.java:227)
	at java.base/sun.nio.ch.ServerSocketAdaptor.bind(ServerSocketAdaptor.java:80)
	at kafka.network.Acceptor.openServerSocket(SocketServer.scala:730)
	... 17 more
[2023-11-14 07:01:44,930] INFO Registered kafka:type=kafka.Log4jController MBean (kafka.utils.Log4jControllerRegistration$)
[2023-11-14 07:01:45,521] INFO Setting -D jdk.tls.rejectClientInitiatedRenegotiation=true to disable client-initiated TLS renegotiation (org.apache.zookeeper.common.X509Util)
[2023-11-14 07:01:45,809] INFO Registered signal handlers for TERM, INT, HUP (org.apache.kafka.common.utils.LoggingSignalHandler)
[2023-11-14 07:01:45,813] INFO [ControllerServer id=1] Starting controller (kafka.server.ControllerServer)
[2023-11-14 07:01:45,885] INFO authorizerStart completed for endpoint CONTROLLER. Endpoint is now READY. (org.apache.kafka.server.network.EndpointReadyFutures)
[2023-11-14 07:01:46,597] INFO Updated connection-accept-rate max connection creation rate to 2147483647 (kafka.network.ConnectionQuotas)
[2023-11-14 07:01:46,683] INFO [SocketServer listenerType=CONTROLLER, nodeId=1] Created data-plane acceptor and processors for endpoint : ListenerName(CONTROLLER) (kafka.network.SocketServer)
[2023-11-14 07:01:46,686] INFO [SharedServer id=1] Starting SharedServer (kafka.server.SharedServer)
[2023-11-14 07:01:46,790] INFO [LogLoader partition=__cluster_metadata-0, dir=/usr/local/kafka/kraft-combined-logs] Recovering unflushed segment 0. 0/1 recovered for __cluster_metadata-0. (kafka.log.LogLoader)
[2023-11-14 07:01:46,793] INFO [LogLoader partition=__cluster_metadata-0, dir=/usr/local/kafka/kraft-combined-logs] Loading producer state till offset 0 with message format version 2 (kafka.log.UnifiedLog$)
[2023-11-14 07:01:46,795] INFO [LogLoader partition=__cluster_metadata-0, dir=/usr/local/kafka/kraft-combined-logs] Reloading from producer snapshot and rebuilding producer state from offset 0 (kafka.log.UnifiedLog$)
[2023-11-14 07:01:46,795] INFO Deleted producer state snapshot /usr/local/kafka/kraft-combined-logs/__cluster_metadata-0/00000000000000000711.snapshot (org.apache.kafka.storage.internals.log.SnapshotFile)
[2023-11-14 07:01:46,795] INFO [LogLoader partition=__cluster_metadata-0, dir=/usr/local/kafka/kraft-combined-logs] Producer state recovery took 0ms for snapshot load and 0ms for segment recovery from offset 0 (kafka.log.UnifiedLog$)
[2023-11-14 07:01:46,882] WARN Found invalid messages in log segment /usr/local/kafka/kraft-combined-logs/__cluster_metadata-0/00000000000000000000.log at byte offset 51354: Record is corrupt (stored crc = 3007819699, computed crc = 2276104352). null (kafka.log.LogSegment)
[2023-11-14 07:01:46,888] INFO [ProducerStateManager partition=__cluster_metadata-0]Wrote producer snapshot at offset 711 with 0 producer ids in 2 ms. (org.apache.kafka.storage.internals.log.ProducerStateManager)
[2023-11-14 07:01:46,898] WARN [LogLoader partition=__cluster_metadata-0, dir=/usr/local/kafka/kraft-combined-logs] Corruption found in segment 0, truncating to offset 711 (kafka.log.LogLoader)
[2023-11-14 07:01:46,915] INFO [LogLoader partition=__cluster_metadata-0, dir=/usr/local/kafka/kraft-combined-logs] Loading producer state till offset 711 with message format version 2 (kafka.log.UnifiedLog$)
[2023-11-14 07:01:46,915] INFO [LogLoader partition=__cluster_metadata-0, dir=/usr/local/kafka/kraft-combined-logs] Reloading from producer snapshot and rebuilding producer state from offset 711 (kafka.log.UnifiedLog$)
[2023-11-14 07:01:46,915] INFO [ProducerStateManager partition=__cluster_metadata-0]Loading producer state from snapshot file 'SnapshotFile(offset=711, file=/usr/local/kafka/kraft-combined-logs/__cluster_metadata-0/00000000000000000711.snapshot)' (org.apache.kafka.storage.internals.log.ProducerStateManager)
[2023-11-14 07:01:46,919] INFO [LogLoader partition=__cluster_metadata-0, dir=/usr/local/kafka/kraft-combined-logs] Producer state recovery took 3ms for snapshot load and 1ms for segment recovery from offset 711 (kafka.log.UnifiedLog$)
[2023-11-14 07:01:46,975] INFO Initialized snapshots with IDs SortedSet() from /usr/local/kafka/kraft-combined-logs/__cluster_metadata-0 (kafka.raft.KafkaMetadataLog$)
[2023-11-14 07:01:47,001] INFO [raft-expiration-reaper]: Starting (kafka.raft.TimingWheelExpirationService$ExpiredOperationReaper)
[2023-11-14 07:01:47,370] INFO [RaftManager id=1] Completed transition to ResignedState(localId=1, epoch=4, voters=[1], electionTimeoutMs=1499, unackedVoters=[], preferredSuccessors=[]) from null (org.apache.kafka.raft.QuorumState)
[2023-11-14 07:01:47,379] INFO [RaftManager id=1] Completed transition to CandidateState(localId=1, epoch=5, retries=1, voteStates={1=GRANTED}, highWatermark=Optional.empty, electionTimeoutMs=1574) from ResignedState(localId=1, epoch=4, voters=[1], electionTimeoutMs=1499, unackedVoters=[], preferredSuccessors=[]) (org.apache.kafka.raft.QuorumState)
[2023-11-14 07:01:47,392] INFO [RaftManager id=1] Completed transition to Leader(localId=1, epoch=5, epochStartOffset=711, highWatermark=Optional.empty, voterStates={1=ReplicaState(nodeId=1, endOffset=Optional.empty, lastFetchTimestamp=-1, lastCaughtUpTimestamp=-1, hasAcknowledgedLeader=true)}) from CandidateState(localId=1, epoch=5, retries=1, voteStates={1=GRANTED}, highWatermark=Optional.empty, electionTimeoutMs=1574) (org.apache.kafka.raft.QuorumState)
[2023-11-14 07:01:47,421] INFO [kafka-1-raft-outbound-request-thread]: Starting (kafka.raft.RaftSendThread)
[2023-11-14 07:01:47,438] INFO [kafka-1-raft-io-thread]: Starting (kafka.raft.KafkaRaftManager$RaftIoThread)
[2023-11-14 07:01:47,511] INFO [MetadataLoader id=1] initializeNewPublishers: The loader is still catching up because we have loaded up to offset -1, but the high water mark is 712 (org.apache.kafka.image.loader.MetadataLoader)
[2023-11-14 07:01:47,507] INFO [RaftManager id=1] High watermark set to LogOffsetMetadata(offset=712, metadata=Optional[(segmentBaseOffset=0,relativePositionInSegment=51445)]) for the first time for epoch 5 based on indexOfHw 0 and voters [ReplicaState(nodeId=1, endOffset=Optional[LogOffsetMetadata(offset=712, metadata=Optional[(segmentBaseOffset=0,relativePositionInSegment=51445)])], lastFetchTimestamp=-1, lastCaughtUpTimestamp=-1, hasAcknowledgedLeader=true)] (org.apache.kafka.raft.LeaderState)
[2023-11-14 07:01:47,517] INFO [ControllerServer id=1] Waiting for controller quorum voters future (kafka.server.ControllerServer)
[2023-11-14 07:01:47,518] INFO [ControllerServer id=1] Finished waiting for controller quorum voters future (kafka.server.ControllerServer)
[2023-11-14 07:01:47,559] INFO [RaftManager id=1] Registered the listener org.apache.kafka.image.loader.MetadataLoader@722934906 (org.apache.kafka.raft.KafkaRaftClient)
[2023-11-14 07:01:47,582] INFO [MetadataLoader id=1] maybePublishMetadata(LOG_DELTA): The loader is still catching up because we have loaded up to offset 0, but the high water mark is 712 (org.apache.kafka.image.loader.MetadataLoader)
[2023-11-14 07:01:47,607] INFO [RaftManager id=1] Registered the listener org.apache.kafka.controller.QuorumController$QuorumMetaLogListener@43046521 (org.apache.kafka.raft.KafkaRaftClient)
[2023-11-14 07:01:47,674] INFO [controller-1-ThrottledChannelReaper-Fetch]: Starting (kafka.server.ClientQuotaManager$ThrottledChannelReaper)
[2023-11-14 07:01:47,686] INFO [controller-1-ThrottledChannelReaper-Produce]: Starting (kafka.server.ClientQuotaManager$ThrottledChannelReaper)
[2023-11-14 07:01:47,698] INFO [controller-1-ThrottledChannelReaper-Request]: Starting (kafka.server.ClientQuotaManager$ThrottledChannelReaper)
[2023-11-14 07:01:47,702] INFO [controller-1-ThrottledChannelReaper-ControllerMutation]: Starting (kafka.server.ClientQuotaManager$ThrottledChannelReaper)
[2023-11-14 07:01:47,803] INFO [MetadataLoader id=1] maybePublishMetadata(LOG_DELTA): The loader finished catching up to the current high water mark of 712 (org.apache.kafka.image.loader.MetadataLoader)
[2023-11-14 07:01:47,826] INFO [ExpirationReaper-1-AlterAcls]: Starting (kafka.server.DelayedOperationPurgatory$ExpiredOperationReaper)
[2023-11-14 07:01:47,849] INFO [MetadataLoader id=1] InitializeNewPublishers: initializing SnapshotGenerator with a snapshot at offset 711 (org.apache.kafka.image.loader.MetadataLoader)
[2023-11-14 07:01:47,854] INFO [MetadataLoader id=1] InitializeNewPublishers: initializing FeaturesPublisher with a snapshot at offset 711 (org.apache.kafka.image.loader.MetadataLoader)
[2023-11-14 07:01:47,854] INFO [MetadataLoader id=1] InitializeNewPublishers: initializing DynamicConfigPublisher controller id=1 with a snapshot at offset 711 (org.apache.kafka.image.loader.MetadataLoader)
[2023-11-14 07:01:47,855] INFO [MetadataLoader id=1] InitializeNewPublishers: initializing DynamicClientQuotaPublisher controller id=1 with a snapshot at offset 711 (org.apache.kafka.image.loader.MetadataLoader)
[2023-11-14 07:01:47,856] INFO [MetadataLoader id=1] InitializeNewPublishers: initializing ScramPublisher controller id=1 with a snapshot at offset 711 (org.apache.kafka.image.loader.MetadataLoader)
[2023-11-14 07:01:47,857] INFO [MetadataLoader id=1] InitializeNewPublishers: initializing DelegationTokenPublisher controller id=1 with a snapshot at offset 711 (org.apache.kafka.image.loader.MetadataLoader)
[2023-11-14 07:01:47,858] INFO [MetadataLoader id=1] InitializeNewPublishers: initializing ControllerMetadataMetricsPublisher with a snapshot at offset 711 (org.apache.kafka.image.loader.MetadataLoader)
[2023-11-14 07:01:47,859] INFO [MetadataLoader id=1] InitializeNewPublishers: initializing AclPublisher controller id=1 with a snapshot at offset 711 (org.apache.kafka.image.loader.MetadataLoader)
[2023-11-14 07:01:47,871] INFO [ControllerServer id=1] Waiting for the controller metadata publishers to be installed (kafka.server.ControllerServer)
[2023-11-14 07:01:47,871] INFO [ControllerServer id=1] Finished waiting for the controller metadata publishers to be installed (kafka.server.ControllerServer)
[2023-11-14 07:01:47,871] INFO [SocketServer listenerType=CONTROLLER, nodeId=1] Enabling request processing. (kafka.network.SocketServer)
[2023-11-14 07:01:47,890] ERROR Unable to start acceptor for ListenerName(CONTROLLER) (kafka.network.DataPlaneAcceptor)
org.apache.kafka.common.KafkaException: Socket server failed to bind to 0.0.0.0:9093: Address already in use.
	at kafka.network.Acceptor.openServerSocket(SocketServer.scala:734)
	at kafka.network.Acceptor.liftedTree1$1(SocketServer.scala:637)
	at kafka.network.Acceptor.start(SocketServer.scala:632)
	at kafka.network.SocketServer.$anonfun$enableRequestProcessing$2(SocketServer.scala:222)
	at java.base/java.util.concurrent.CompletableFuture.uniWhenComplete(CompletableFuture.java:859)
	at java.base/java.util.concurrent.CompletableFuture.uniWhenCompleteStage(CompletableFuture.java:883)
	at java.base/java.util.concurrent.CompletableFuture.whenComplete(CompletableFuture.java:2257)
	at kafka.network.SocketServer.chainAcceptorFuture$1(SocketServer.scala:215)
	at kafka.network.SocketServer.$anonfun$enableRequestProcessing$5(SocketServer.scala:229)
	at java.base/java.util.concurrent.ConcurrentHashMap$ValuesView.forEach(ConcurrentHashMap.java:4770)
	at kafka.network.SocketServer.enableRequestProcessing(SocketServer.scala:229)
	at kafka.server.ControllerServer.startup(ControllerServer.scala:389)
	at kafka.server.KafkaRaftServer.$anonfun$startup$1(KafkaRaftServer.scala:95)
	at kafka.server.KafkaRaftServer.$anonfun$startup$1$adapted(KafkaRaftServer.scala:95)
	at scala.Option.foreach(Option.scala:437)
	at kafka.server.KafkaRaftServer.startup(KafkaRaftServer.scala:95)
	at kafka.Kafka$.main(Kafka.scala:113)
	at kafka.Kafka.main(Kafka.scala)
Caused by: java.net.BindException: Address already in use
	at java.base/sun.nio.ch.Net.bind0(Native Method)
	at java.base/sun.nio.ch.Net.bind(Net.java:459)
	at java.base/sun.nio.ch.Net.bind(Net.java:448)
	at java.base/sun.nio.ch.ServerSocketChannelImpl.bind(ServerSocketChannelImpl.java:227)
	at java.base/sun.nio.ch.ServerSocketAdaptor.bind(ServerSocketAdaptor.java:80)
	at kafka.network.Acceptor.openServerSocket(SocketServer.scala:730)
	... 17 more
[2023-11-14 07:01:47,900] INFO [ControllerServer id=1] Waiting for all of the authorizer futures to be completed (kafka.server.ControllerServer)
[2023-11-14 07:01:47,900] INFO [ControllerServer id=1] Finished waiting for all of the authorizer futures to be completed (kafka.server.ControllerServer)
[2023-11-14 07:01:47,900] INFO [ControllerServer id=1] Waiting for all of the SocketServer Acceptors to be started (kafka.server.ControllerServer)
[2023-11-14 07:01:47,900] ERROR [ControllerServer id=1] Received a fatal error while waiting for all of the SocketServer Acceptors to be started (kafka.server.ControllerServer)
java.lang.RuntimeException: Unable to start acceptor for ListenerName(CONTROLLER)
	at kafka.network.Acceptor.liftedTree1$1(SocketServer.scala:652)
	at kafka.network.Acceptor.start(SocketServer.scala:632)
	at kafka.network.SocketServer.$anonfun$enableRequestProcessing$2(SocketServer.scala:222)
	at java.base/java.util.concurrent.CompletableFuture.uniWhenComplete(CompletableFuture.java:859)
	at java.base/java.util.concurrent.CompletableFuture.uniWhenCompleteStage(CompletableFuture.java:883)
	at java.base/java.util.concurrent.CompletableFuture.whenComplete(CompletableFuture.java:2257)
	at kafka.network.SocketServer.chainAcceptorFuture$1(SocketServer.scala:215)
	at kafka.network.SocketServer.$anonfun$enableRequestProcessing$5(SocketServer.scala:229)
	at java.base/java.util.concurrent.ConcurrentHashMap$ValuesView.forEach(ConcurrentHashMap.java:4770)
	at kafka.network.SocketServer.enableRequestProcessing(SocketServer.scala:229)
	at kafka.server.ControllerServer.startup(ControllerServer.scala:389)
	at kafka.server.KafkaRaftServer.$anonfun$startup$1(KafkaRaftServer.scala:95)
	at kafka.server.KafkaRaftServer.$anonfun$startup$1$adapted(KafkaRaftServer.scala:95)
	at scala.Option.foreach(Option.scala:437)
	at kafka.server.KafkaRaftServer.startup(KafkaRaftServer.scala:95)
	at kafka.Kafka$.main(Kafka.scala:113)
	at kafka.Kafka.main(Kafka.scala)
Caused by: org.apache.kafka.common.KafkaException: Socket server failed to bind to 0.0.0.0:9093: Address already in use.
	at kafka.network.Acceptor.openServerSocket(SocketServer.scala:734)
	at kafka.network.Acceptor.liftedTree1$1(SocketServer.scala:637)
	... 16 more
Caused by: java.net.BindException: Address already in use
	at java.base/sun.nio.ch.Net.bind0(Native Method)
	at java.base/sun.nio.ch.Net.bind(Net.java:459)
	at java.base/sun.nio.ch.Net.bind(Net.java:448)
	at java.base/sun.nio.ch.ServerSocketChannelImpl.bind(ServerSocketChannelImpl.java:227)
	at java.base/sun.nio.ch.ServerSocketAdaptor.bind(ServerSocketAdaptor.java:80)
	at kafka.network.Acceptor.openServerSocket(SocketServer.scala:730)
	... 17 more
[2023-11-14 07:01:47,901] ERROR Encountered fatal fault: caught exception (org.apache.kafka.server.fault.ProcessTerminatingFaultHandler)
java.lang.RuntimeException: Received a fatal error while waiting for all of the SocketServer Acceptors to be started
	at org.apache.kafka.server.util.FutureUtils.waitWithLogging(FutureUtils.java:68)
	at kafka.server.ControllerServer.startup(ControllerServer.scala:399)
	at kafka.server.KafkaRaftServer.$anonfun$startup$1(KafkaRaftServer.scala:95)
	at kafka.server.KafkaRaftServer.$anonfun$startup$1$adapted(KafkaRaftServer.scala:95)
	at scala.Option.foreach(Option.scala:437)
	at kafka.server.KafkaRaftServer.startup(KafkaRaftServer.scala:95)
	at kafka.Kafka$.main(Kafka.scala:113)
	at kafka.Kafka.main(Kafka.scala)
Caused by: java.lang.RuntimeException: Unable to start acceptor for ListenerName(CONTROLLER)
	at kafka.network.Acceptor.liftedTree1$1(SocketServer.scala:652)
	at kafka.network.Acceptor.start(SocketServer.scala:632)
	at kafka.network.SocketServer.$anonfun$enableRequestProcessing$2(SocketServer.scala:222)
	at java.base/java.util.concurrent.CompletableFuture.uniWhenComplete(CompletableFuture.java:859)
	at java.base/java.util.concurrent.CompletableFuture.uniWhenCompleteStage(CompletableFuture.java:883)
	at java.base/java.util.concurrent.CompletableFuture.whenComplete(CompletableFuture.java:2257)
	at kafka.network.SocketServer.chainAcceptorFuture$1(SocketServer.scala:215)
	at kafka.network.SocketServer.$anonfun$enableRequestProcessing$5(SocketServer.scala:229)
	at java.base/java.util.concurrent.ConcurrentHashMap$ValuesView.forEach(ConcurrentHashMap.java:4770)
	at kafka.network.SocketServer.enableRequestProcessing(SocketServer.scala:229)
	at kafka.server.ControllerServer.startup(ControllerServer.scala:389)
	... 6 more
Caused by: org.apache.kafka.common.KafkaException: Socket server failed to bind to 0.0.0.0:9093: Address already in use.
	at kafka.network.Acceptor.openServerSocket(SocketServer.scala:734)
	at kafka.network.Acceptor.liftedTree1$1(SocketServer.scala:637)
	... 16 more
Caused by: java.net.BindException: Address already in use
	at java.base/sun.nio.ch.Net.bind0(Native Method)
	at java.base/sun.nio.ch.Net.bind(Net.java:459)
	at java.base/sun.nio.ch.Net.bind(Net.java:448)
	at java.base/sun.nio.ch.ServerSocketChannelImpl.bind(ServerSocketChannelImpl.java:227)
	at java.base/sun.nio.ch.ServerSocketAdaptor.bind(ServerSocketAdaptor.java:80)
	at kafka.network.Acceptor.openServerSocket(SocketServer.scala:730)
	... 17 more
[2023-11-14 07:12:03,875] INFO Registered kafka:type=kafka.Log4jController MBean (kafka.utils.Log4jControllerRegistration$)
[2023-11-14 07:12:06,411] INFO Setting -D jdk.tls.rejectClientInitiatedRenegotiation=true to disable client-initiated TLS renegotiation (org.apache.zookeeper.common.X509Util)
[2023-11-14 07:12:07,267] INFO Registered signal handlers for TERM, INT, HUP (org.apache.kafka.common.utils.LoggingSignalHandler)
[2023-11-14 07:12:07,271] INFO [ControllerServer id=1] Starting controller (kafka.server.ControllerServer)
[2023-11-14 07:12:07,405] INFO authorizerStart completed for endpoint CONTROLLER. Endpoint is now READY. (org.apache.kafka.server.network.EndpointReadyFutures)
[2023-11-14 07:12:08,949] INFO Updated connection-accept-rate max connection creation rate to 2147483647 (kafka.network.ConnectionQuotas)
[2023-11-14 07:12:09,132] INFO [SocketServer listenerType=CONTROLLER, nodeId=1] Created data-plane acceptor and processors for endpoint : ListenerName(CONTROLLER) (kafka.network.SocketServer)
[2023-11-14 07:12:09,135] INFO [SharedServer id=1] Starting SharedServer (kafka.server.SharedServer)
[2023-11-14 07:12:09,337] INFO [LogLoader partition=__cluster_metadata-0, dir=/usr/local/kafka/kraft-combined-logs] Recovering unflushed segment 0. 0/1 recovered for __cluster_metadata-0. (kafka.log.LogLoader)
[2023-11-14 07:12:09,344] INFO [LogLoader partition=__cluster_metadata-0, dir=/usr/local/kafka/kraft-combined-logs] Loading producer state till offset 0 with message format version 2 (kafka.log.UnifiedLog$)
[2023-11-14 07:12:09,346] INFO [LogLoader partition=__cluster_metadata-0, dir=/usr/local/kafka/kraft-combined-logs] Reloading from producer snapshot and rebuilding producer state from offset 0 (kafka.log.UnifiedLog$)
[2023-11-14 07:12:09,356] INFO Deleted producer state snapshot /usr/local/kafka/kraft-combined-logs/__cluster_metadata-0/00000000000000000711.snapshot (org.apache.kafka.storage.internals.log.SnapshotFile)
[2023-11-14 07:12:09,356] INFO [LogLoader partition=__cluster_metadata-0, dir=/usr/local/kafka/kraft-combined-logs] Producer state recovery took 10ms for snapshot load and 0ms for segment recovery from offset 0 (kafka.log.UnifiedLog$)
[2023-11-14 07:12:09,514] WARN Found invalid messages in log segment /usr/local/kafka/kraft-combined-logs/__cluster_metadata-0/00000000000000000000.log at byte offset 51445: Found record size 0 smaller than minimum record overhead (14) in file /usr/local/kafka/kraft-combined-logs/__cluster_metadata-0/00000000000000000000.log.. null (kafka.log.LogSegment)
[2023-11-14 07:12:09,530] INFO [ProducerStateManager partition=__cluster_metadata-0]Wrote producer snapshot at offset 712 with 0 producer ids in 2 ms. (org.apache.kafka.storage.internals.log.ProducerStateManager)
[2023-11-14 07:12:09,546] WARN [LogLoader partition=__cluster_metadata-0, dir=/usr/local/kafka/kraft-combined-logs] Corruption found in segment 0, truncating to offset 712 (kafka.log.LogLoader)
[2023-11-14 07:12:09,592] INFO [LogLoader partition=__cluster_metadata-0, dir=/usr/local/kafka/kraft-combined-logs] Loading producer state till offset 712 with message format version 2 (kafka.log.UnifiedLog$)
[2023-11-14 07:12:09,593] INFO [LogLoader partition=__cluster_metadata-0, dir=/usr/local/kafka/kraft-combined-logs] Reloading from producer snapshot and rebuilding producer state from offset 712 (kafka.log.UnifiedLog$)
[2023-11-14 07:12:09,593] INFO [ProducerStateManager partition=__cluster_metadata-0]Loading producer state from snapshot file 'SnapshotFile(offset=712, file=/usr/local/kafka/kraft-combined-logs/__cluster_metadata-0/00000000000000000712.snapshot)' (org.apache.kafka.storage.internals.log.ProducerStateManager)
[2023-11-14 07:12:09,594] INFO [LogLoader partition=__cluster_metadata-0, dir=/usr/local/kafka/kraft-combined-logs] Producer state recovery took 1ms for snapshot load and 0ms for segment recovery from offset 712 (kafka.log.UnifiedLog$)
[2023-11-14 07:12:09,721] INFO Initialized snapshots with IDs SortedSet() from /usr/local/kafka/kraft-combined-logs/__cluster_metadata-0 (kafka.raft.KafkaMetadataLog$)
[2023-11-14 07:12:09,763] INFO [raft-expiration-reaper]: Starting (kafka.raft.TimingWheelExpirationService$ExpiredOperationReaper)
[2023-11-14 07:12:10,636] INFO [RaftManager id=1] Completed transition to ResignedState(localId=1, epoch=5, voters=[1], electionTimeoutMs=1916, unackedVoters=[], preferredSuccessors=[]) from null (org.apache.kafka.raft.QuorumState)
[2023-11-14 07:12:10,644] INFO [RaftManager id=1] Completed transition to CandidateState(localId=1, epoch=6, retries=1, voteStates={1=GRANTED}, highWatermark=Optional.empty, electionTimeoutMs=1290) from ResignedState(localId=1, epoch=5, voters=[1], electionTimeoutMs=1916, unackedVoters=[], preferredSuccessors=[]) (org.apache.kafka.raft.QuorumState)
[2023-11-14 07:12:10,670] INFO [RaftManager id=1] Completed transition to Leader(localId=1, epoch=6, epochStartOffset=712, highWatermark=Optional.empty, voterStates={1=ReplicaState(nodeId=1, endOffset=Optional.empty, lastFetchTimestamp=-1, lastCaughtUpTimestamp=-1, hasAcknowledgedLeader=true)}) from CandidateState(localId=1, epoch=6, retries=1, voteStates={1=GRANTED}, highWatermark=Optional.empty, electionTimeoutMs=1290) (org.apache.kafka.raft.QuorumState)
[2023-11-14 07:12:10,717] INFO [kafka-1-raft-outbound-request-thread]: Starting (kafka.raft.RaftSendThread)
[2023-11-14 07:12:10,728] INFO [kafka-1-raft-io-thread]: Starting (kafka.raft.KafkaRaftManager$RaftIoThread)
[2023-11-14 07:12:10,867] INFO [RaftManager id=1] High watermark set to LogOffsetMetadata(offset=713, metadata=Optional[(segmentBaseOffset=0,relativePositionInSegment=51536)]) for the first time for epoch 6 based on indexOfHw 0 and voters [ReplicaState(nodeId=1, endOffset=Optional[LogOffsetMetadata(offset=713, metadata=Optional[(segmentBaseOffset=0,relativePositionInSegment=51536)])], lastFetchTimestamp=-1, lastCaughtUpTimestamp=-1, hasAcknowledgedLeader=true)] (org.apache.kafka.raft.LeaderState)
[2023-11-14 07:12:10,928] INFO [MetadataLoader id=1] initializeNewPublishers: The loader is still catching up because we have loaded up to offset -1, but the high water mark is 713 (org.apache.kafka.image.loader.MetadataLoader)
[2023-11-14 07:12:10,930] INFO [RaftManager id=1] Registered the listener org.apache.kafka.image.loader.MetadataLoader@1845135666 (org.apache.kafka.raft.KafkaRaftClient)
[2023-11-14 07:12:10,937] INFO [ControllerServer id=1] Waiting for controller quorum voters future (kafka.server.ControllerServer)
[2023-11-14 07:12:10,937] INFO [ControllerServer id=1] Finished waiting for controller quorum voters future (kafka.server.ControllerServer)
[2023-11-14 07:12:10,968] INFO [MetadataLoader id=1] maybePublishMetadata(LOG_DELTA): The loader is still catching up because we have loaded up to offset 0, but the high water mark is 713 (org.apache.kafka.image.loader.MetadataLoader)
[2023-11-14 07:12:11,188] INFO [RaftManager id=1] Registered the listener org.apache.kafka.controller.QuorumController$QuorumMetaLogListener@1322458140 (org.apache.kafka.raft.KafkaRaftClient)
[2023-11-14 07:12:11,256] INFO [controller-1-ThrottledChannelReaper-Fetch]: Starting (kafka.server.ClientQuotaManager$ThrottledChannelReaper)
[2023-11-14 07:12:11,284] INFO [controller-1-ThrottledChannelReaper-Produce]: Starting (kafka.server.ClientQuotaManager$ThrottledChannelReaper)
[2023-11-14 07:12:11,316] INFO [controller-1-ThrottledChannelReaper-Request]: Starting (kafka.server.ClientQuotaManager$ThrottledChannelReaper)
[2023-11-14 07:12:11,356] INFO [controller-1-ThrottledChannelReaper-ControllerMutation]: Starting (kafka.server.ClientQuotaManager$ThrottledChannelReaper)
[2023-11-14 07:12:11,360] INFO [MetadataLoader id=1] maybePublishMetadata(LOG_DELTA): The loader finished catching up to the current high water mark of 713 (org.apache.kafka.image.loader.MetadataLoader)
[2023-11-14 07:12:11,409] INFO [MetadataLoader id=1] InitializeNewPublishers: initializing SnapshotGenerator with a snapshot at offset 712 (org.apache.kafka.image.loader.MetadataLoader)
[2023-11-14 07:12:11,528] INFO [ExpirationReaper-1-AlterAcls]: Starting (kafka.server.DelayedOperationPurgatory$ExpiredOperationReaper)
[2023-11-14 07:12:11,557] INFO [MetadataLoader id=1] InitializeNewPublishers: initializing FeaturesPublisher with a snapshot at offset 712 (org.apache.kafka.image.loader.MetadataLoader)
[2023-11-14 07:12:11,557] INFO [MetadataLoader id=1] InitializeNewPublishers: initializing DynamicConfigPublisher controller id=1 with a snapshot at offset 712 (org.apache.kafka.image.loader.MetadataLoader)
[2023-11-14 07:12:11,558] INFO [MetadataLoader id=1] InitializeNewPublishers: initializing DynamicClientQuotaPublisher controller id=1 with a snapshot at offset 712 (org.apache.kafka.image.loader.MetadataLoader)
[2023-11-14 07:12:11,586] INFO [MetadataLoader id=1] InitializeNewPublishers: initializing ScramPublisher controller id=1 with a snapshot at offset 712 (org.apache.kafka.image.loader.MetadataLoader)
[2023-11-14 07:12:11,587] INFO [ControllerServer id=1] Waiting for the controller metadata publishers to be installed (kafka.server.ControllerServer)
[2023-11-14 07:12:11,587] INFO [ControllerServer id=1] Finished waiting for the controller metadata publishers to be installed (kafka.server.ControllerServer)
[2023-11-14 07:12:11,587] INFO [SocketServer listenerType=CONTROLLER, nodeId=1] Enabling request processing. (kafka.network.SocketServer)
[2023-11-14 07:12:11,597] INFO [MetadataLoader id=1] InitializeNewPublishers: initializing DelegationTokenPublisher controller id=1 with a snapshot at offset 712 (org.apache.kafka.image.loader.MetadataLoader)
[2023-11-14 07:12:11,598] INFO [MetadataLoader id=1] InitializeNewPublishers: initializing ControllerMetadataMetricsPublisher with a snapshot at offset 712 (org.apache.kafka.image.loader.MetadataLoader)
[2023-11-14 07:12:11,598] INFO [MetadataLoader id=1] InitializeNewPublishers: initializing AclPublisher controller id=1 with a snapshot at offset 712 (org.apache.kafka.image.loader.MetadataLoader)
[2023-11-14 07:12:11,609] INFO Awaiting socket connections on 0.0.0.0:9093. (kafka.network.DataPlaneAcceptor)
[2023-11-14 07:12:11,639] INFO [ControllerServer id=1] Waiting for all of the authorizer futures to be completed (kafka.server.ControllerServer)
[2023-11-14 07:12:11,639] INFO [ControllerServer id=1] Finished waiting for all of the authorizer futures to be completed (kafka.server.ControllerServer)
[2023-11-14 07:12:11,639] INFO [ControllerServer id=1] Waiting for all of the SocketServer Acceptors to be started (kafka.server.ControllerServer)
[2023-11-14 07:12:11,639] INFO [ControllerServer id=1] Finished waiting for all of the SocketServer Acceptors to be started (kafka.server.ControllerServer)
[2023-11-14 07:12:11,642] INFO [BrokerServer id=1] Transition from SHUTDOWN to STARTING (kafka.server.BrokerServer)
[2023-11-14 07:12:11,642] INFO [BrokerServer id=1] Starting broker (kafka.server.BrokerServer)
[2023-11-14 07:12:11,721] INFO [broker-1-ThrottledChannelReaper-Fetch]: Starting (kafka.server.ClientQuotaManager$ThrottledChannelReaper)
[2023-11-14 07:12:11,721] INFO [broker-1-ThrottledChannelReaper-Produce]: Starting (kafka.server.ClientQuotaManager$ThrottledChannelReaper)
[2023-11-14 07:12:11,722] INFO [broker-1-ThrottledChannelReaper-Request]: Starting (kafka.server.ClientQuotaManager$ThrottledChannelReaper)
[2023-11-14 07:12:11,736] INFO [broker-1-ThrottledChannelReaper-ControllerMutation]: Starting (kafka.server.ClientQuotaManager$ThrottledChannelReaper)
[2023-11-14 07:12:11,848] INFO [BrokerServer id=1] Waiting for controller quorum voters future (kafka.server.BrokerServer)
[2023-11-14 07:12:11,848] INFO [BrokerServer id=1] Finished waiting for controller quorum voters future (kafka.server.BrokerServer)
[2023-11-14 07:12:11,880] INFO [broker-1-to-controller-forwarding-channel-manager]: Starting (kafka.server.BrokerToControllerRequestThread)
[2023-11-14 07:12:11,887] INFO [broker-1-to-controller-forwarding-channel-manager]: Recorded new controller, from now on will use node localhost:9093 (id: 1 rack: null) (kafka.server.BrokerToControllerRequestThread)
[2023-11-14 07:12:12,112] INFO Updated connection-accept-rate max connection creation rate to 2147483647 (kafka.network.ConnectionQuotas)
[2023-11-14 07:12:12,179] INFO [SocketServer listenerType=BROKER, nodeId=1] Created data-plane acceptor and processors for endpoint : ListenerName(PLAINTEXT) (kafka.network.SocketServer)
[2023-11-14 07:12:12,224] INFO [broker-1-to-controller-alter-partition-channel-manager]: Starting (kafka.server.BrokerToControllerRequestThread)
[2023-11-14 07:12:12,234] INFO [broker-1-to-controller-alter-partition-channel-manager]: Recorded new controller, from now on will use node localhost:9093 (id: 1 rack: null) (kafka.server.BrokerToControllerRequestThread)
[2023-11-14 07:12:12,311] INFO [ExpirationReaper-1-Produce]: Starting (kafka.server.DelayedOperationPurgatory$ExpiredOperationReaper)
[2023-11-14 07:12:12,319] INFO [ExpirationReaper-1-Fetch]: Starting (kafka.server.DelayedOperationPurgatory$ExpiredOperationReaper)
[2023-11-14 07:12:12,323] INFO [ExpirationReaper-1-DeleteRecords]: Starting (kafka.server.DelayedOperationPurgatory$ExpiredOperationReaper)
[2023-11-14 07:12:12,327] INFO [ExpirationReaper-1-ElectLeader]: Starting (kafka.server.DelayedOperationPurgatory$ExpiredOperationReaper)
[2023-11-14 07:12:12,327] INFO [ExpirationReaper-1-RemoteFetch]: Starting (kafka.server.DelayedOperationPurgatory$ExpiredOperationReaper)
[2023-11-14 07:12:12,444] INFO [ExpirationReaper-1-Heartbeat]: Starting (kafka.server.DelayedOperationPurgatory$ExpiredOperationReaper)
[2023-11-14 07:12:12,444] INFO [ExpirationReaper-1-Rebalance]: Starting (kafka.server.DelayedOperationPurgatory$ExpiredOperationReaper)
[2023-11-14 07:12:12,606] INFO [broker-1-to-controller-heartbeat-channel-manager]: Starting (kafka.server.BrokerToControllerRequestThread)
[2023-11-14 07:12:12,607] INFO [broker-1-to-controller-heartbeat-channel-manager]: Recorded new controller, from now on will use node localhost:9093 (id: 1 rack: null) (kafka.server.BrokerToControllerRequestThread)
[2023-11-14 07:12:12,618] INFO [BrokerLifecycleManager id=1] Incarnation 68ZK5CPrSt-MTgrnNNdl3Q of broker 1 in cluster hSCzevIQRUa-ojqTd_8C5w is now STARTING. (kafka.server.BrokerLifecycleManager)
[2023-11-14 07:12:12,811] INFO [ExpirationReaper-1-AlterAcls]: Starting (kafka.server.DelayedOperationPurgatory$ExpiredOperationReaper)
[2023-11-14 07:12:12,913] INFO [MetadataLoader id=1] InitializeNewPublishers: initializing BrokerMetadataPublisher with a snapshot at offset 714 (org.apache.kafka.image.loader.MetadataLoader)
[2023-11-14 07:12:12,913] INFO [BrokerMetadataPublisher id=1] Publishing initial metadata at offset OffsetAndEpoch(offset=714, epoch=6) with metadata.version 3.6-IV2. (kafka.server.metadata.BrokerMetadataPublisher)
[2023-11-14 07:12:12,914] INFO Loading logs from log dirs ArraySeq(/usr/local/kafka/kraft-combined-logs) (kafka.log.LogManager)
[2023-11-14 07:12:12,928] INFO No logs found to be loaded in /usr/local/kafka/kraft-combined-logs (kafka.log.LogManager)
[2023-11-14 07:12:12,944] INFO [BrokerServer id=1] Waiting for the broker metadata publishers to be installed (kafka.server.BrokerServer)
[2023-11-14 07:12:12,944] INFO [BrokerServer id=1] Finished waiting for the broker metadata publishers to be installed (kafka.server.BrokerServer)
[2023-11-14 07:12:12,944] INFO [BrokerServer id=1] Waiting for the controller to acknowledge that we are caught up (kafka.server.BrokerServer)
[2023-11-14 07:12:12,987] INFO Loaded 0 logs in 72ms (kafka.log.LogManager)
[2023-11-14 07:12:12,995] INFO Starting log cleanup with a period of 300000 ms. (kafka.log.LogManager)
[2023-11-14 07:12:13,007] INFO Starting log flusher with a default period of 9223372036854775807 ms. (kafka.log.LogManager)
[2023-11-14 07:12:13,116] INFO [BrokerLifecycleManager id=1] Unable to register broker 1 because the controller returned error DUPLICATE_BROKER_REGISTRATION (kafka.server.BrokerLifecycleManager)
[2023-11-14 07:12:13,224] INFO [BrokerLifecycleManager id=1] Unable to register broker 1 because the controller returned error DUPLICATE_BROKER_REGISTRATION (kafka.server.BrokerLifecycleManager)
[2023-11-14 07:12:13,430] INFO [BrokerLifecycleManager id=1] Unable to register broker 1 because the controller returned error DUPLICATE_BROKER_REGISTRATION (kafka.server.BrokerLifecycleManager)
[2023-11-14 07:12:13,500] INFO [kafka-log-cleaner-thread-0]: Starting (kafka.log.LogCleaner$CleanerThread)
[2023-11-14 07:12:13,517] INFO [LogDirFailureHandler]: Starting (kafka.server.ReplicaManager$LogDirFailureHandler)
[2023-11-14 07:12:13,539] INFO [AddPartitionsToTxnSenderThread-1]: Starting (kafka.server.AddPartitionsToTxnManager)
[2023-11-14 07:12:13,545] INFO [GroupCoordinator 1]: Starting up. (kafka.coordinator.group.GroupCoordinator)
[2023-11-14 07:12:13,558] INFO [GroupCoordinator 1]: Startup complete. (kafka.coordinator.group.GroupCoordinator)
[2023-11-14 07:12:13,560] INFO [TransactionCoordinator id=1] Starting up. (kafka.coordinator.transaction.TransactionCoordinator)
[2023-11-14 07:12:13,569] INFO [TransactionCoordinator id=1] Startup complete. (kafka.coordinator.transaction.TransactionCoordinator)
[2023-11-14 07:12:13,570] INFO [BrokerMetadataPublisher id=1] Updating metadata.version to 14 at offset OffsetAndEpoch(offset=714, epoch=6). (kafka.server.metadata.BrokerMetadataPublisher)
[2023-11-14 07:12:13,579] INFO [TxnMarkerSenderThread-1]: Starting (kafka.coordinator.transaction.TransactionMarkerChannelManager)
[2023-11-14 07:12:13,830] INFO [BrokerLifecycleManager id=1] Unable to register broker 1 because the controller returned error DUPLICATE_BROKER_REGISTRATION (kafka.server.BrokerLifecycleManager)
[2023-11-14 07:12:14,645] INFO [BrokerLifecycleManager id=1] Unable to register broker 1 because the controller returned error DUPLICATE_BROKER_REGISTRATION (kafka.server.BrokerLifecycleManager)
[2023-11-14 07:12:16,237] INFO [BrokerLifecycleManager id=1] Unable to register broker 1 because the controller returned error DUPLICATE_BROKER_REGISTRATION (kafka.server.BrokerLifecycleManager)
[2023-11-14 07:12:19,381] INFO [BrokerLifecycleManager id=1] Unable to register broker 1 because the controller returned error DUPLICATE_BROKER_REGISTRATION (kafka.server.BrokerLifecycleManager)
[2023-11-14 07:12:25,763] INFO [BrokerLifecycleManager id=1] Successfully registered broker 1 with broker epoch 741 (kafka.server.BrokerLifecycleManager)
[2023-11-14 07:12:25,769] INFO [BrokerLifecycleManager id=1] The broker has caught up. Transitioning from STARTING to RECOVERY. (kafka.server.BrokerLifecycleManager)
[2023-11-14 07:12:25,769] INFO [BrokerServer id=1] Finished waiting for the controller to acknowledge that we are caught up (kafka.server.BrokerServer)
[2023-11-14 07:12:25,769] INFO [BrokerServer id=1] Waiting for the initial broker metadata update to be published (kafka.server.BrokerServer)
[2023-11-14 07:12:25,769] INFO [BrokerServer id=1] Finished waiting for the initial broker metadata update to be published (kafka.server.BrokerServer)
[2023-11-14 07:12:25,770] INFO KafkaConfig values: 
	advertised.listeners = PLAINTEXT://localhost:9092
	alter.config.policy.class.name = null
	alter.log.dirs.replication.quota.window.num = 11
	alter.log.dirs.replication.quota.window.size.seconds = 1
	authorizer.class.name = 
	auto.create.topics.enable = true
	auto.include.jmx.reporter = true
	auto.leader.rebalance.enable = true
	background.threads = 10
	broker.heartbeat.interval.ms = 2000
	broker.id = 1
	broker.id.generation.enable = true
	broker.rack = null
	broker.session.timeout.ms = 9000
	client.quota.callback.class = null
	compression.type = producer
	connection.failed.authentication.delay.ms = 100
	connections.max.idle.ms = 600000
	connections.max.reauth.ms = 0
	control.plane.listener.name = null
	controlled.shutdown.enable = true
	controlled.shutdown.max.retries = 3
	controlled.shutdown.retry.backoff.ms = 5000
	controller.listener.names = CONTROLLER
	controller.quorum.append.linger.ms = 25
	controller.quorum.election.backoff.max.ms = 1000
	controller.quorum.election.timeout.ms = 1000
	controller.quorum.fetch.timeout.ms = 2000
	controller.quorum.request.timeout.ms = 2000
	controller.quorum.retry.backoff.ms = 20
	controller.quorum.voters = [1@localhost:9093]
	controller.quota.window.num = 11
	controller.quota.window.size.seconds = 1
	controller.socket.timeout.ms = 30000
	create.topic.policy.class.name = null
	default.replication.factor = 1
	delegation.token.expiry.check.interval.ms = 3600000
	delegation.token.expiry.time.ms = 86400000
	delegation.token.master.key = null
	delegation.token.max.lifetime.ms = 604800000
	delegation.token.secret.key = null
	delete.records.purgatory.purge.interval.requests = 1
	delete.topic.enable = true
	early.start.listeners = null
	fetch.max.bytes = 57671680
	fetch.purgatory.purge.interval.requests = 1000
	group.consumer.assignors = [org.apache.kafka.coordinator.group.assignor.RangeAssignor]
	group.consumer.heartbeat.interval.ms = 5000
	group.consumer.max.heartbeat.interval.ms = 15000
	group.consumer.max.session.timeout.ms = 60000
	group.consumer.max.size = 2147483647
	group.consumer.min.heartbeat.interval.ms = 5000
	group.consumer.min.session.timeout.ms = 45000
	group.consumer.session.timeout.ms = 45000
	group.coordinator.new.enable = false
	group.coordinator.threads = 1
	group.initial.rebalance.delay.ms = 3000
	group.max.session.timeout.ms = 1800000
	group.max.size = 2147483647
	group.min.session.timeout.ms = 6000
	initial.broker.registration.timeout.ms = 60000
	inter.broker.listener.name = PLAINTEXT
	inter.broker.protocol.version = 3.6-IV2
	kafka.metrics.polling.interval.secs = 10
	kafka.metrics.reporters = []
	leader.imbalance.check.interval.seconds = 300
	leader.imbalance.per.broker.percentage = 10
	listener.security.protocol.map = CONTROLLER:PLAINTEXT,PLAINTEXT:PLAINTEXT,SSL:SSL,SASL_PLAINTEXT:SASL_PLAINTEXT,SASL_SSL:SASL_SSL
	listeners = PLAINTEXT://:9092,CONTROLLER://:9093
	log.cleaner.backoff.ms = 15000
	log.cleaner.dedupe.buffer.size = 134217728
	log.cleaner.delete.retention.ms = 86400000
	log.cleaner.enable = true
	log.cleaner.io.buffer.load.factor = 0.9
	log.cleaner.io.buffer.size = 524288
	log.cleaner.io.max.bytes.per.second = 1.7976931348623157E308
	log.cleaner.max.compaction.lag.ms = 9223372036854775807
	log.cleaner.min.cleanable.ratio = 0.5
	log.cleaner.min.compaction.lag.ms = 0
	log.cleaner.threads = 1
	log.cleanup.policy = [delete]
	log.dir = /tmp/kafka-logs
	log.dirs = /usr/local/kafka/kraft-combined-logs
	log.flush.interval.messages = 9223372036854775807
	log.flush.interval.ms = null
	log.flush.offset.checkpoint.interval.ms = 60000
	log.flush.scheduler.interval.ms = 9223372036854775807
	log.flush.start.offset.checkpoint.interval.ms = 60000
	log.index.interval.bytes = 4096
	log.index.size.max.bytes = 10485760
	log.local.retention.bytes = -2
	log.local.retention.ms = -2
	log.message.downconversion.enable = true
	log.message.format.version = 3.0-IV1
	log.message.timestamp.after.max.ms = 9223372036854775807
	log.message.timestamp.before.max.ms = 9223372036854775807
	log.message.timestamp.difference.max.ms = 9223372036854775807
	log.message.timestamp.type = CreateTime
	log.preallocate = false
	log.retention.bytes = -1
	log.retention.check.interval.ms = 300000
	log.retention.hours = 168
	log.retention.minutes = null
	log.retention.ms = null
	log.roll.hours = 168
	log.roll.jitter.hours = 0
	log.roll.jitter.ms = null
	log.roll.ms = null
	log.segment.bytes = 1073741824
	log.segment.delete.delay.ms = 60000
	max.connection.creation.rate = 2147483647
	max.connections = 2147483647
	max.connections.per.ip = 2147483647
	max.connections.per.ip.overrides = 
	max.incremental.fetch.session.cache.slots = 1000
	message.max.bytes = 1048588
	metadata.log.dir = null
	metadata.log.max.record.bytes.between.snapshots = 20971520
	metadata.log.max.snapshot.interval.ms = 3600000
	metadata.log.segment.bytes = 1073741824
	metadata.log.segment.min.bytes = 8388608
	metadata.log.segment.ms = 604800000
	metadata.max.idle.interval.ms = 500
	metadata.max.retention.bytes = 104857600
	metadata.max.retention.ms = 604800000
	metric.reporters = []
	metrics.num.samples = 2
	metrics.recording.level = INFO
	metrics.sample.window.ms = 30000
	min.insync.replicas = 1
	node.id = 1
	num.io.threads = 8
	num.network.threads = 3
	num.partitions = 1
	num.recovery.threads.per.data.dir = 1
	num.replica.alter.log.dirs.threads = null
	num.replica.fetchers = 1
	offset.metadata.max.bytes = 4096
	offsets.commit.required.acks = -1
	offsets.commit.timeout.ms = 5000
	offsets.load.buffer.size = 5242880
	offsets.retention.check.interval.ms = 600000
	offsets.retention.minutes = 10080
	offsets.topic.compression.codec = 0
	offsets.topic.num.partitions = 50
	offsets.topic.replication.factor = 1
	offsets.topic.segment.bytes = 104857600
	password.encoder.cipher.algorithm = AES/CBC/PKCS5Padding
	password.encoder.iterations = 4096
	password.encoder.key.length = 128
	password.encoder.keyfactory.algorithm = null
	password.encoder.old.secret = null
	password.encoder.secret = null
	principal.builder.class = class org.apache.kafka.common.security.authenticator.DefaultKafkaPrincipalBuilder
	process.roles = [broker, controller]
	producer.id.expiration.check.interval.ms = 600000
	producer.id.expiration.ms = 86400000
	producer.purgatory.purge.interval.requests = 1000
	queued.max.request.bytes = -1
	queued.max.requests = 500
	quota.window.num = 11
	quota.window.size.seconds = 1
	remote.log.index.file.cache.total.size.bytes = 1073741824
	remote.log.manager.task.interval.ms = 30000
	remote.log.manager.task.retry.backoff.max.ms = 30000
	remote.log.manager.task.retry.backoff.ms = 500
	remote.log.manager.task.retry.jitter = 0.2
	remote.log.manager.thread.pool.size = 10
	remote.log.metadata.custom.metadata.max.bytes = 128
	remote.log.metadata.manager.class.name = org.apache.kafka.server.log.remote.metadata.storage.TopicBasedRemoteLogMetadataManager
	remote.log.metadata.manager.class.path = null
	remote.log.metadata.manager.impl.prefix = rlmm.config.
	remote.log.metadata.manager.listener.name = null
	remote.log.reader.max.pending.tasks = 100
	remote.log.reader.threads = 10
	remote.log.storage.manager.class.name = null
	remote.log.storage.manager.class.path = null
	remote.log.storage.manager.impl.prefix = rsm.config.
	remote.log.storage.system.enable = false
	replica.fetch.backoff.ms = 1000
	replica.fetch.max.bytes = 1048576
	replica.fetch.min.bytes = 1
	replica.fetch.response.max.bytes = 10485760
	replica.fetch.wait.max.ms = 500
	replica.high.watermark.checkpoint.interval.ms = 5000
	replica.lag.time.max.ms = 30000
	replica.selector.class = null
	replica.socket.receive.buffer.bytes = 65536
	replica.socket.timeout.ms = 30000
	replication.quota.window.num = 11
	replication.quota.window.size.seconds = 1
	request.timeout.ms = 30000
	reserved.broker.max.id = 1000
	sasl.client.callback.handler.class = null
	sasl.enabled.mechanisms = [GSSAPI]
	sasl.jaas.config = null
	sasl.kerberos.kinit.cmd = /usr/bin/kinit
	sasl.kerberos.min.time.before.relogin = 60000
	sasl.kerberos.principal.to.local.rules = [DEFAULT]
	sasl.kerberos.service.name = null
	sasl.kerberos.ticket.renew.jitter = 0.05
	sasl.kerberos.ticket.renew.window.factor = 0.8
	sasl.login.callback.handler.class = null
	sasl.login.class = null
	sasl.login.connect.timeout.ms = null
	sasl.login.read.timeout.ms = null
	sasl.login.refresh.buffer.seconds = 300
	sasl.login.refresh.min.period.seconds = 60
	sasl.login.refresh.window.factor = 0.8
	sasl.login.refresh.window.jitter = 0.05
	sasl.login.retry.backoff.max.ms = 10000
	sasl.login.retry.backoff.ms = 100
	sasl.mechanism.controller.protocol = GSSAPI
	sasl.mechanism.inter.broker.protocol = GSSAPI
	sasl.oauthbearer.clock.skew.seconds = 30
	sasl.oauthbearer.expected.audience = null
	sasl.oauthbearer.expected.issuer = null
	sasl.oauthbearer.jwks.endpoint.refresh.ms = 3600000
	sasl.oauthbearer.jwks.endpoint.retry.backoff.max.ms = 10000
	sasl.oauthbearer.jwks.endpoint.retry.backoff.ms = 100
	sasl.oauthbearer.jwks.endpoint.url = null
	sasl.oauthbearer.scope.claim.name = scope
	sasl.oauthbearer.sub.claim.name = sub
	sasl.oauthbearer.token.endpoint.url = null
	sasl.server.callback.handler.class = null
	sasl.server.max.receive.size = 524288
	security.inter.broker.protocol = PLAINTEXT
	security.providers = null
	server.max.startup.time.ms = 9223372036854775807
	socket.connection.setup.timeout.max.ms = 30000
	socket.connection.setup.timeout.ms = 10000
	socket.listen.backlog.size = 50
	socket.receive.buffer.bytes = 102400
	socket.request.max.bytes = 104857600
	socket.send.buffer.bytes = 102400
	ssl.cipher.suites = []
	ssl.client.auth = none
	ssl.enabled.protocols = [TLSv1.2, TLSv1.3]
	ssl.endpoint.identification.algorithm = https
	ssl.engine.factory.class = null
	ssl.key.password = null
	ssl.keymanager.algorithm = SunX509
	ssl.keystore.certificate.chain = null
	ssl.keystore.key = null
	ssl.keystore.location = null
	ssl.keystore.password = null
	ssl.keystore.type = JKS
	ssl.principal.mapping.rules = DEFAULT
	ssl.protocol = TLSv1.3
	ssl.provider = null
	ssl.secure.random.implementation = null
	ssl.trustmanager.algorithm = PKIX
	ssl.truststore.certificates = null
	ssl.truststore.location = null
	ssl.truststore.password = null
	ssl.truststore.type = JKS
	transaction.abort.timed.out.transaction.cleanup.interval.ms = 10000
	transaction.max.timeout.ms = 900000
	transaction.partition.verification.enable = true
	transaction.remove.expired.transaction.cleanup.interval.ms = 3600000
	transaction.state.log.load.buffer.size = 5242880
	transaction.state.log.min.isr = 1
	transaction.state.log.num.partitions = 50
	transaction.state.log.replication.factor = 1
	transaction.state.log.segment.bytes = 104857600
	transactional.id.expiration.ms = 604800000
	unclean.leader.election.enable = false
	unstable.api.versions.enable = false
	zookeeper.clientCnxnSocket = null
	zookeeper.connect = null
	zookeeper.connection.timeout.ms = null
	zookeeper.max.in.flight.requests = 10
	zookeeper.metadata.migration.enable = false
	zookeeper.session.timeout.ms = 18000
	zookeeper.set.acl = false
	zookeeper.ssl.cipher.suites = null
	zookeeper.ssl.client.enable = false
	zookeeper.ssl.crl.enable = false
	zookeeper.ssl.enabled.protocols = null
	zookeeper.ssl.endpoint.identification.algorithm = HTTPS
	zookeeper.ssl.keystore.location = null
	zookeeper.ssl.keystore.password = null
	zookeeper.ssl.keystore.type = null
	zookeeper.ssl.ocsp.enable = false
	zookeeper.ssl.protocol = TLSv1.2
	zookeeper.ssl.truststore.location = null
	zookeeper.ssl.truststore.password = null
	zookeeper.ssl.truststore.type = null
 (kafka.server.KafkaConfig)
[2023-11-14 07:12:25,796] INFO [BrokerServer id=1] Waiting for the broker to be unfenced (kafka.server.BrokerServer)
[2023-11-14 07:12:25,835] INFO [BrokerLifecycleManager id=1] The broker has been unfenced. Transitioning from RECOVERY to RUNNING. (kafka.server.BrokerLifecycleManager)
[2023-11-14 07:12:25,836] INFO [BrokerServer id=1] Finished waiting for the broker to be unfenced (kafka.server.BrokerServer)
[2023-11-14 07:12:25,837] INFO authorizerStart completed for endpoint PLAINTEXT. Endpoint is now READY. (org.apache.kafka.server.network.EndpointReadyFutures)
[2023-11-14 07:12:25,837] INFO [SocketServer listenerType=BROKER, nodeId=1] Enabling request processing. (kafka.network.SocketServer)
[2023-11-14 07:12:25,837] INFO Awaiting socket connections on 0.0.0.0:9092. (kafka.network.DataPlaneAcceptor)
[2023-11-14 07:12:25,840] INFO [BrokerServer id=1] Waiting for all of the authorizer futures to be completed (kafka.server.BrokerServer)
[2023-11-14 07:12:25,841] INFO [BrokerServer id=1] Finished waiting for all of the authorizer futures to be completed (kafka.server.BrokerServer)
[2023-11-14 07:12:25,841] INFO [BrokerServer id=1] Waiting for all of the SocketServer Acceptors to be started (kafka.server.BrokerServer)
[2023-11-14 07:12:25,841] INFO [BrokerServer id=1] Finished waiting for all of the SocketServer Acceptors to be started (kafka.server.BrokerServer)
[2023-11-14 07:12:25,841] INFO [BrokerServer id=1] Transition from STARTING to STARTED (kafka.server.BrokerServer)
[2023-11-14 07:12:25,841] INFO Kafka version: 3.6.0 (org.apache.kafka.common.utils.AppInfoParser)
[2023-11-14 07:12:25,841] INFO Kafka commitId: 60e845626d8a465a (org.apache.kafka.common.utils.AppInfoParser)
[2023-11-14 07:12:25,841] INFO Kafka startTimeMs: 1699945945841 (org.apache.kafka.common.utils.AppInfoParser)
[2023-11-14 07:12:25,843] INFO [KafkaRaftServer nodeId=1] Kafka Server started (kafka.server.KafkaRaftServer)
