[2023-11-17 07:06:50,848] INFO [Broker id=1] Transitioning 86 partition(s) to local followers. (state.change.logger)
[2023-11-17 07:06:50,850] INFO [Broker id=1] Follower connect-offsets-8 starts at leader epoch 17 from offset 0 with partition epoch 17 and high watermark 0. Current leader is -1. Previous leader Some(-1) and previous leader epoch was 17. (state.change.logger)
[2023-11-17 07:06:50,850] INFO [Broker id=1] Follower __consumer_offsets-13 starts at leader epoch 17 from offset 43 with partition epoch 17 and high watermark 43. Current leader is -1. Previous leader Some(-1) and previous leader epoch was 17. (state.change.logger)
[2023-11-17 07:06:50,850] INFO [Broker id=1] Follower __consumer_offsets-46 starts at leader epoch 17 from offset 3 with partition epoch 17 and high watermark 3. Current leader is -1. Previous leader Some(-1) and previous leader epoch was 17. (state.change.logger)
[2023-11-17 07:06:50,850] INFO [Broker id=1] Follower connect-offsets-12 starts at leader epoch 17 from offset 0 with partition epoch 17 and high watermark 0. Current leader is -1. Previous leader Some(-1) and previous leader epoch was 17. (state.change.logger)
[2023-11-17 07:06:50,850] INFO [Broker id=1] Follower __consumer_offsets-9 starts at leader epoch 17 from offset 3 with partition epoch 17 and high watermark 3. Current leader is -1. Previous leader Some(-1) and previous leader epoch was 17. (state.change.logger)
[2023-11-17 07:06:50,850] INFO [Broker id=1] Follower __consumer_offsets-42 starts at leader epoch 17 from offset 3 with partition epoch 17 and high watermark 3. Current leader is -1. Previous leader Some(-1) and previous leader epoch was 17. (state.change.logger)
[2023-11-17 07:06:50,850] INFO [Broker id=1] Follower connect-offsets-0 starts at leader epoch 17 from offset 0 with partition epoch 17 and high watermark 0. Current leader is -1. Previous leader Some(-1) and previous leader epoch was 17. (state.change.logger)
[2023-11-17 07:06:50,850] INFO [Broker id=1] Follower __consumer_offsets-21 starts at leader epoch 17 from offset 0 with partition epoch 17 and high watermark 0. Current leader is -1. Previous leader Some(-1) and previous leader epoch was 17. (state.change.logger)
[2023-11-17 07:06:50,850] INFO [Broker id=1] Follower test-t-0 starts at leader epoch 15 from offset 2 with partition epoch 15 and high watermark 2. Current leader is -1. Previous leader Some(-1) and previous leader epoch was 15. (state.change.logger)
[2023-11-17 07:06:50,850] INFO [Broker id=1] Follower connect-offsets-4 starts at leader epoch 17 from offset 6 with partition epoch 17 and high watermark 6. Current leader is -1. Previous leader Some(-1) and previous leader epoch was 17. (state.change.logger)
[2023-11-17 07:06:50,850] INFO [Broker id=1] Follower __consumer_offsets-17 starts at leader epoch 17 from offset 0 with partition epoch 17 and high watermark 0. Current leader is -1. Previous leader Some(-1) and previous leader epoch was 17. (state.change.logger)
[2023-11-17 07:06:50,850] INFO [Broker id=1] Follower coord-0 starts at leader epoch 1 from offset 0 with partition epoch 1 and high watermark 0. Current leader is -1. Previous leader Some(-1) and previous leader epoch was 1. (state.change.logger)
[2023-11-17 07:06:50,850] INFO [Broker id=1] Follower connect-offsets-24 starts at leader epoch 17 from offset 0 with partition epoch 17 and high watermark 0. Current leader is -1. Previous leader Some(-1) and previous leader epoch was 17. (state.change.logger)
[2023-11-17 07:06:50,850] INFO [Broker id=1] Follower __consumer_offsets-30 starts at leader epoch 17 from offset 3 with partition epoch 17 and high watermark 3. Current leader is -1. Previous leader Some(-1) and previous leader epoch was 17. (state.change.logger)
[2023-11-17 07:06:50,850] INFO [Broker id=1] Follower __consumer_offsets-26 starts at leader epoch 17 from offset 0 with partition epoch 17 and high watermark 0. Current leader is -1. Previous leader Some(-1) and previous leader epoch was 17. (state.change.logger)
[2023-11-17 07:06:50,851] INFO [Broker id=1] Follower connect-offsets-16 starts at leader epoch 17 from offset 0 with partition epoch 17 and high watermark 0. Current leader is -1. Previous leader Some(-1) and previous leader epoch was 17. (state.change.logger)
[2023-11-17 07:06:50,851] INFO [Broker id=1] Follower __consumer_offsets-5 starts at leader epoch 17 from offset 0 with partition epoch 17 and high watermark 0. Current leader is -1. Previous leader Some(-1) and previous leader epoch was 17. (state.change.logger)
[2023-11-17 07:06:50,851] INFO [Broker id=1] Follower __consumer_offsets-38 starts at leader epoch 17 from offset 3 with partition epoch 17 and high watermark 3. Current leader is -1. Previous leader Some(-1) and previous leader epoch was 17. (state.change.logger)
[2023-11-17 07:06:50,851] INFO [Broker id=1] Follower connect-status-0 starts at leader epoch 17 from offset 0 with partition epoch 17 and high watermark 0. Current leader is -1. Previous leader Some(-1) and previous leader epoch was 17. (state.change.logger)
[2023-11-17 07:06:50,851] INFO [Broker id=1] Follower connect-offsets-20 starts at leader epoch 17 from offset 0 with partition epoch 17 and high watermark 0. Current leader is -1. Previous leader Some(-1) and previous leader epoch was 17. (state.change.logger)
[2023-11-17 07:06:50,851] INFO [Broker id=1] Follower __consumer_offsets-1 starts at leader epoch 17 from offset 3 with partition epoch 17 and high watermark 3. Current leader is -1. Previous leader Some(-1) and previous leader epoch was 17. (state.change.logger)
[2023-11-17 07:06:50,851] INFO [Broker id=1] Follower __consumer_offsets-34 starts at leader epoch 17 from offset 0 with partition epoch 17 and high watermark 0. Current leader is -1. Previous leader Some(-1) and previous leader epoch was 17. (state.change.logger)
[2023-11-17 07:06:50,851] INFO [Broker id=1] Follower connect-status-4 starts at leader epoch 17 from offset 3 with partition epoch 17 and high watermark 3. Current leader is -1. Previous leader Some(-1) and previous leader epoch was 17. (state.change.logger)
[2023-11-17 07:06:50,852] INFO [Broker id=1] Follower connect-offsets-9 starts at leader epoch 17 from offset 0 with partition epoch 17 and high watermark 0. Current leader is -1. Previous leader Some(-1) and previous leader epoch was 17. (state.change.logger)
[2023-11-17 07:06:50,852] INFO [Broker id=1] Follower __consumer_offsets-16 starts at leader epoch 17 from offset 0 with partition epoch 17 and high watermark 0. Current leader is -1. Previous leader Some(-1) and previous leader epoch was 17. (state.change.logger)
[2023-11-17 07:06:50,852] INFO [Broker id=1] Follower __consumer_offsets-45 starts at leader epoch 17 from offset 0 with partition epoch 17 and high watermark 0. Current leader is -1. Previous leader Some(-1) and previous leader epoch was 17. (state.change.logger)
[2023-11-17 07:06:50,852] INFO [Broker id=1] Follower connect-offsets-13 starts at leader epoch 17 from offset 0 with partition epoch 17 and high watermark 0. Current leader is -1. Previous leader Some(-1) and previous leader epoch was 17. (state.change.logger)
[2023-11-17 07:06:50,852] INFO [Broker id=1] Follower __consumer_offsets-12 starts at leader epoch 17 from offset 0 with partition epoch 17 and high watermark 0. Current leader is -1. Previous leader Some(-1) and previous leader epoch was 17. (state.change.logger)
[2023-11-17 07:06:50,852] INFO [Broker id=1] Follower __consumer_offsets-41 starts at leader epoch 17 from offset 0 with partition epoch 17 and high watermark 0. Current leader is -1. Previous leader Some(-1) and previous leader epoch was 17. (state.change.logger)
[2023-11-17 07:06:50,852] INFO [Broker id=1] Follower connect-offsets-1 starts at leader epoch 17 from offset 0 with partition epoch 17 and high watermark 0. Current leader is -1. Previous leader Some(-1) and previous leader epoch was 17. (state.change.logger)
[2023-11-17 07:06:50,852] INFO [Broker id=1] Follower __consumer_offsets-24 starts at leader epoch 17 from offset 0 with partition epoch 17 and high watermark 0. Current leader is -1. Previous leader Some(-1) and previous leader epoch was 17. (state.change.logger)
[2023-11-17 07:06:50,852] INFO [Broker id=1] Follower connect-offsets-5 starts at leader epoch 17 from offset 0 with partition epoch 17 and high watermark 0. Current leader is -1. Previous leader Some(-1) and previous leader epoch was 17. (state.change.logger)
[2023-11-17 07:06:50,852] INFO [Broker id=1] Follower __consumer_offsets-20 starts at leader epoch 17 from offset 0 with partition epoch 17 and high watermark 0. Current leader is -1. Previous leader Some(-1) and previous leader epoch was 17. (state.change.logger)
[2023-11-17 07:06:50,852] INFO [Broker id=1] Follower __consumer_offsets-49 starts at leader epoch 17 from offset 0 with partition epoch 17 and high watermark 0. Current leader is -1. Previous leader Some(-1) and previous leader epoch was 17. (state.change.logger)
[2023-11-17 07:06:50,852] INFO [Broker id=1] Follower __consumer_offsets-0 starts at leader epoch 17 from offset 0 with partition epoch 17 and high watermark 0. Current leader is -1. Previous leader Some(-1) and previous leader epoch was 17. (state.change.logger)
[2023-11-17 07:06:50,852] INFO [Broker id=1] Follower __consumer_offsets-29 starts at leader epoch 17 from offset 0 with partition epoch 17 and high watermark 0. Current leader is -1. Previous leader Some(-1) and previous leader epoch was 17. (state.change.logger)
[2023-11-17 07:06:50,852] INFO [Broker id=1] Follower __consumer_offsets-25 starts at leader epoch 17 from offset 3 with partition epoch 17 and high watermark 3. Current leader is -1. Previous leader Some(-1) and previous leader epoch was 17. (state.change.logger)
[2023-11-17 07:06:50,852] INFO [Broker id=1] Follower coffee-0 starts at leader epoch 15 from offset 7 with partition epoch 15 and high watermark 7. Current leader is -1. Previous leader Some(-1) and previous leader epoch was 15. (state.change.logger)
[2023-11-17 07:06:50,852] INFO [Broker id=1] Follower connect-offsets-17 starts at leader epoch 17 from offset 0 with partition epoch 17 and high watermark 0. Current leader is -1. Previous leader Some(-1) and previous leader epoch was 17. (state.change.logger)
[2023-11-17 07:06:50,852] INFO [Broker id=1] Follower __consumer_offsets-8 starts at leader epoch 17 from offset 3 with partition epoch 17 and high watermark 3. Current leader is -1. Previous leader Some(-1) and previous leader epoch was 17. (state.change.logger)
[2023-11-17 07:06:50,852] INFO [Broker id=1] Follower __consumer_offsets-37 starts at leader epoch 17 from offset 0 with partition epoch 17 and high watermark 0. Current leader is -1. Previous leader Some(-1) and previous leader epoch was 17. (state.change.logger)
[2023-11-17 07:06:50,852] INFO [Broker id=1] Follower connect-offsets-21 starts at leader epoch 17 from offset 0 with partition epoch 17 and high watermark 0. Current leader is -1. Previous leader Some(-1) and previous leader epoch was 17. (state.change.logger)
[2023-11-17 07:06:50,852] INFO [Broker id=1] Follower __consumer_offsets-4 starts at leader epoch 17 from offset 3 with partition epoch 17 and high watermark 3. Current leader is -1. Previous leader Some(-1) and previous leader epoch was 17. (state.change.logger)
[2023-11-17 07:06:50,852] INFO [Broker id=1] Follower __consumer_offsets-33 starts at leader epoch 17 from offset 3 with partition epoch 17 and high watermark 3. Current leader is -1. Previous leader Some(-1) and previous leader epoch was 17. (state.change.logger)
[2023-11-17 07:06:50,852] INFO [Broker id=1] Follower connect-status-3 starts at leader epoch 17 from offset 0 with partition epoch 17 and high watermark 0. Current leader is -1. Previous leader Some(-1) and previous leader epoch was 17. (state.change.logger)
[2023-11-17 07:06:50,852] INFO [Broker id=1] Follower connect-offsets-10 starts at leader epoch 17 from offset 0 with partition epoch 17 and high watermark 0. Current leader is -1. Previous leader Some(-1) and previous leader epoch was 17. (state.change.logger)
[2023-11-17 07:06:50,852] INFO [Broker id=1] Follower __consumer_offsets-15 starts at leader epoch 17 from offset 3 with partition epoch 17 and high watermark 3. Current leader is -1. Previous leader Some(-1) and previous leader epoch was 17. (state.change.logger)
[2023-11-17 07:06:50,852] INFO [Broker id=1] Follower connect-configs-0 starts at leader epoch 17 from offset 52 with partition epoch 17 and high watermark 52. Current leader is -1. Previous leader Some(-1) and previous leader epoch was 17. (state.change.logger)
[2023-11-17 07:06:50,853] INFO [Broker id=1] Follower __consumer_offsets-48 starts at leader epoch 17 from offset 0 with partition epoch 17 and high watermark 0. Current leader is -1. Previous leader Some(-1) and previous leader epoch was 17. (state.change.logger)
[2023-11-17 07:06:50,853] INFO [Broker id=1] Follower connect-offsets-14 starts at leader epoch 17 from offset 0 with partition epoch 17 and high watermark 0. Current leader is -1. Previous leader Some(-1) and previous leader epoch was 17. (state.change.logger)
[2023-11-17 07:06:50,853] INFO [Broker id=1] Follower __consumer_offsets-11 starts at leader epoch 17 from offset 3 with partition epoch 17 and high watermark 3. Current leader is -1. Previous leader Some(-1) and previous leader epoch was 17. (state.change.logger)
[2023-11-17 07:06:50,853] INFO [Broker id=1] Follower __consumer_offsets-44 starts at leader epoch 17 from offset 0 with partition epoch 17 and high watermark 0. Current leader is -1. Previous leader Some(-1) and previous leader epoch was 17. (state.change.logger)
[2023-11-17 07:06:50,853] INFO [Broker id=1] Follower connect-offsets-2 starts at leader epoch 17 from offset 0 with partition epoch 17 and high watermark 0. Current leader is -1. Previous leader Some(-1) and previous leader epoch was 17. (state.change.logger)
[2023-11-17 07:06:50,853] INFO [Broker id=1] Follower __consumer_offsets-23 starts at leader epoch 17 from offset 0 with partition epoch 17 and high watermark 0. Current leader is -1. Previous leader Some(-1) and previous leader epoch was 17. (state.change.logger)
[2023-11-17 07:06:50,853] INFO [Broker id=1] Follower connect-offsets-6 starts at leader epoch 17 from offset 0 with partition epoch 17 and high watermark 0. Current leader is -1. Previous leader Some(-1) and previous leader epoch was 17. (state.change.logger)
[2023-11-17 07:06:50,853] INFO [Broker id=1] Follower __consumer_offsets-19 starts at leader epoch 17 from offset 0 with partition epoch 17 and high watermark 0. Current leader is -1. Previous leader Some(-1) and previous leader epoch was 17. (state.change.logger)
[2023-11-17 07:06:50,853] INFO [Broker id=1] Follower __consumer_offsets-32 starts at leader epoch 17 from offset 2 with partition epoch 17 and high watermark 2. Current leader is -1. Previous leader Some(-1) and previous leader epoch was 17. (state.change.logger)
[2023-11-17 07:06:50,853] INFO [Broker id=1] Follower __consumer_offsets-28 starts at leader epoch 17 from offset 3 with partition epoch 17 and high watermark 3. Current leader is -1. Previous leader Some(-1) and previous leader epoch was 17. (state.change.logger)
[2023-11-17 07:06:50,853] INFO [Broker id=1] Follower connect-offsets-18 starts at leader epoch 17 from offset 0 with partition epoch 17 and high watermark 0. Current leader is -1. Previous leader Some(-1) and previous leader epoch was 17. (state.change.logger)
[2023-11-17 07:06:50,853] INFO [Broker id=1] Follower __consumer_offsets-7 starts at leader epoch 17 from offset 3 with partition epoch 17 and high watermark 3. Current leader is -1. Previous leader Some(-1) and previous leader epoch was 17. (state.change.logger)
[2023-11-17 07:06:50,853] INFO [Broker id=1] Follower __consumer_offsets-40 starts at leader epoch 17 from offset 3 with partition epoch 17 and high watermark 3. Current leader is -1. Previous leader Some(-1) and previous leader epoch was 17. (state.change.logger)
[2023-11-17 07:06:50,853] INFO [Broker id=1] Follower connect-status-2 starts at leader epoch 17 from offset 7 with partition epoch 17 and high watermark 7. Current leader is -1. Previous leader Some(-1) and previous leader epoch was 17. (state.change.logger)
[2023-11-17 07:06:50,853] INFO [Broker id=1] Follower connect-offsets-22 starts at leader epoch 17 from offset 0 with partition epoch 17 and high watermark 0. Current leader is -1. Previous leader Some(-1) and previous leader epoch was 17. (state.change.logger)
[2023-11-17 07:06:50,853] INFO [Broker id=1] Follower __consumer_offsets-3 starts at leader epoch 17 from offset 0 with partition epoch 17 and high watermark 0. Current leader is -1. Previous leader Some(-1) and previous leader epoch was 17. (state.change.logger)
[2023-11-17 07:06:50,853] INFO [Broker id=1] Follower __consumer_offsets-36 starts at leader epoch 17 from offset 3 with partition epoch 17 and high watermark 3. Current leader is -1. Previous leader Some(-1) and previous leader epoch was 17. (state.change.logger)
[2023-11-17 07:06:50,853] INFO [Broker id=1] Follower __consumer_offsets-47 starts at leader epoch 17 from offset 9 with partition epoch 17 and high watermark 9. Current leader is -1. Previous leader Some(-1) and previous leader epoch was 17. (state.change.logger)
[2023-11-17 07:06:50,853] INFO [Broker id=1] Follower connect-offsets-7 starts at leader epoch 17 from offset 0 with partition epoch 17 and high watermark 0. Current leader is -1. Previous leader Some(-1) and previous leader epoch was 17. (state.change.logger)
[2023-11-17 07:06:50,853] INFO [Broker id=1] Follower __consumer_offsets-14 starts at leader epoch 17 from offset 0 with partition epoch 17 and high watermark 0. Current leader is -1. Previous leader Some(-1) and previous leader epoch was 17. (state.change.logger)
[2023-11-17 07:06:50,853] INFO [Broker id=1] Follower __consumer_offsets-43 starts at leader epoch 17 from offset 3 with partition epoch 17 and high watermark 3. Current leader is -1. Previous leader Some(-1) and previous leader epoch was 17. (state.change.logger)
[2023-11-17 07:06:50,853] INFO [Broker id=1] Follower connect-offsets-11 starts at leader epoch 17 from offset 0 with partition epoch 17 and high watermark 0. Current leader is -1. Previous leader Some(-1) and previous leader epoch was 17. (state.change.logger)
[2023-11-17 07:06:50,853] INFO [Broker id=1] Follower __consumer_offsets-10 starts at leader epoch 17 from offset 2 with partition epoch 17 and high watermark 2. Current leader is -1. Previous leader Some(-1) and previous leader epoch was 17. (state.change.logger)
[2023-11-17 07:06:50,853] INFO [Broker id=1] Follower _confluent-command-0 starts at leader epoch 1 from offset 0 with partition epoch 1 and high watermark 0. Current leader is -1. Previous leader Some(-1) and previous leader epoch was 1. (state.change.logger)
[2023-11-17 07:06:50,853] INFO [Broker id=1] Follower __consumer_offsets-22 starts at leader epoch 17 from offset 0 with partition epoch 17 and high watermark 0. Current leader is -1. Previous leader Some(-1) and previous leader epoch was 17. (state.change.logger)
[2023-11-17 07:06:50,853] INFO [Broker id=1] Follower connect-offsets-3 starts at leader epoch 17 from offset 0 with partition epoch 17 and high watermark 0. Current leader is -1. Previous leader Some(-1) and previous leader epoch was 17. (state.change.logger)
[2023-11-17 07:06:50,853] INFO [Broker id=1] Follower __consumer_offsets-18 starts at leader epoch 17 from offset 0 with partition epoch 17 and high watermark 0. Current leader is -1. Previous leader Some(-1) and previous leader epoch was 17. (state.change.logger)
[2023-11-17 07:06:50,853] INFO [Broker id=1] Follower __consumer_offsets-31 starts at leader epoch 17 from offset 0 with partition epoch 17 and high watermark 0. Current leader is -1. Previous leader Some(-1) and previous leader epoch was 17. (state.change.logger)
[2023-11-17 07:06:50,853] INFO [Broker id=1] Follower connect-offsets-23 starts at leader epoch 17 from offset 0 with partition epoch 17 and high watermark 0. Current leader is -1. Previous leader Some(-1) and previous leader epoch was 17. (state.change.logger)
[2023-11-17 07:06:50,853] INFO [Broker id=1] Follower __consumer_offsets-27 starts at leader epoch 17 from offset 9 with partition epoch 17 and high watermark 9. Current leader is -1. Previous leader Some(-1) and previous leader epoch was 17. (state.change.logger)
[2023-11-17 07:06:50,854] INFO [Broker id=1] Follower __consumer_offsets-39 starts at leader epoch 17 from offset 3 with partition epoch 17 and high watermark 3. Current leader is -1. Previous leader Some(-1) and previous leader epoch was 17. (state.change.logger)
[2023-11-17 07:06:50,854] INFO [Broker id=1] Follower connect-status-1 starts at leader epoch 17 from offset 41 with partition epoch 17 and high watermark 41. Current leader is -1. Previous leader Some(-1) and previous leader epoch was 17. (state.change.logger)
[2023-11-17 07:06:50,854] INFO [Broker id=1] Follower connect-offsets-15 starts at leader epoch 17 from offset 0 with partition epoch 17 and high watermark 0. Current leader is -1. Previous leader Some(-1) and previous leader epoch was 17. (state.change.logger)
[2023-11-17 07:06:50,854] INFO [Broker id=1] Follower __consumer_offsets-6 starts at leader epoch 17 from offset 0 with partition epoch 17 and high watermark 0. Current leader is -1. Previous leader Some(-1) and previous leader epoch was 17. (state.change.logger)
[2023-11-17 07:06:50,854] INFO [Broker id=1] Follower __consumer_offsets-35 starts at leader epoch 17 from offset 9 with partition epoch 17 and high watermark 9. Current leader is -1. Previous leader Some(-1) and previous leader epoch was 17. (state.change.logger)
[2023-11-17 07:06:50,854] INFO [Broker id=1] Follower connect-offsets-19 starts at leader epoch 17 from offset 0 with partition epoch 17 and high watermark 0. Current leader is -1. Previous leader Some(-1) and previous leader epoch was 17. (state.change.logger)
[2023-11-17 07:06:50,854] INFO [Broker id=1] Follower __consumer_offsets-2 starts at leader epoch 17 from offset 3 with partition epoch 17 and high watermark 3. Current leader is -1. Previous leader Some(-1) and previous leader epoch was 17. (state.change.logger)
[2023-11-17 07:06:50,854] INFO [Broker id=1] Follower test_t-0 starts at leader epoch 15 from offset 0 with partition epoch 15 and high watermark 0. Current leader is -1. Previous leader Some(-1) and previous leader epoch was 15. (state.change.logger)
[2023-11-17 07:06:50,884] INFO [Broker id=1] Stopped fetchers as part of controlled shutdown for 86 partitions (state.change.logger)
[2023-11-17 07:07:35,959] INFO [Broker id=1] Transitioning 86 partition(s) to local followers. (state.change.logger)
[2023-11-17 07:07:35,971] INFO [Broker id=1] Creating new partition connect-offsets-8 with topic id yrdecQqNQ9irg4YiOJZbNA. (state.change.logger)
[2023-11-17 07:07:36,023] INFO [Broker id=1] Follower connect-offsets-8 starts at leader epoch 17 from offset 0 with partition epoch 17 and high watermark 0. Current leader is -1. Previous leader Some(-1) and previous leader epoch was 17. (state.change.logger)
[2023-11-17 07:07:36,023] INFO [Broker id=1] Creating new partition __consumer_offsets-13 with topic id 10LZlZ2BQIeYFrIhNo5bDA. (state.change.logger)
[2023-11-17 07:07:36,024] INFO [Broker id=1] Follower __consumer_offsets-13 starts at leader epoch 17 from offset 43 with partition epoch 17 and high watermark 43. Current leader is -1. Previous leader Some(-1) and previous leader epoch was 17. (state.change.logger)
[2023-11-17 07:07:36,024] INFO [Broker id=1] Creating new partition __consumer_offsets-46 with topic id 10LZlZ2BQIeYFrIhNo5bDA. (state.change.logger)
[2023-11-17 07:07:36,025] INFO [Broker id=1] Follower __consumer_offsets-46 starts at leader epoch 17 from offset 3 with partition epoch 17 and high watermark 3. Current leader is -1. Previous leader Some(-1) and previous leader epoch was 17. (state.change.logger)
[2023-11-17 07:07:36,026] INFO [Broker id=1] Creating new partition connect-offsets-12 with topic id yrdecQqNQ9irg4YiOJZbNA. (state.change.logger)
[2023-11-17 07:07:36,027] INFO [Broker id=1] Follower connect-offsets-12 starts at leader epoch 17 from offset 0 with partition epoch 17 and high watermark 0. Current leader is -1. Previous leader Some(-1) and previous leader epoch was 17. (state.change.logger)
[2023-11-17 07:07:36,027] INFO [Broker id=1] Creating new partition __consumer_offsets-9 with topic id 10LZlZ2BQIeYFrIhNo5bDA. (state.change.logger)
[2023-11-17 07:07:36,028] INFO [Broker id=1] Follower __consumer_offsets-9 starts at leader epoch 17 from offset 3 with partition epoch 17 and high watermark 3. Current leader is -1. Previous leader Some(-1) and previous leader epoch was 17. (state.change.logger)
[2023-11-17 07:07:36,028] INFO [Broker id=1] Creating new partition __consumer_offsets-42 with topic id 10LZlZ2BQIeYFrIhNo5bDA. (state.change.logger)
[2023-11-17 07:07:36,029] INFO [Broker id=1] Follower __consumer_offsets-42 starts at leader epoch 17 from offset 3 with partition epoch 17 and high watermark 3. Current leader is -1. Previous leader Some(-1) and previous leader epoch was 17. (state.change.logger)
[2023-11-17 07:07:36,029] INFO [Broker id=1] Creating new partition connect-offsets-0 with topic id yrdecQqNQ9irg4YiOJZbNA. (state.change.logger)
[2023-11-17 07:07:36,035] INFO [Broker id=1] Follower connect-offsets-0 starts at leader epoch 17 from offset 0 with partition epoch 17 and high watermark 0. Current leader is -1. Previous leader Some(-1) and previous leader epoch was 17. (state.change.logger)
[2023-11-17 07:07:36,035] INFO [Broker id=1] Creating new partition __consumer_offsets-21 with topic id 10LZlZ2BQIeYFrIhNo5bDA. (state.change.logger)
[2023-11-17 07:07:36,038] INFO [Broker id=1] Follower __consumer_offsets-21 starts at leader epoch 17 from offset 0 with partition epoch 17 and high watermark 0. Current leader is -1. Previous leader Some(-1) and previous leader epoch was 17. (state.change.logger)
[2023-11-17 07:07:36,039] INFO [Broker id=1] Creating new partition test-t-0 with topic id 1zPjrev3TGa_QXhIQbOK3A. (state.change.logger)
[2023-11-17 07:07:36,039] INFO [Broker id=1] Follower test-t-0 starts at leader epoch 15 from offset 2 with partition epoch 15 and high watermark 2. Current leader is -1. Previous leader Some(-1) and previous leader epoch was 15. (state.change.logger)
[2023-11-17 07:07:36,039] INFO [Broker id=1] Creating new partition connect-offsets-4 with topic id yrdecQqNQ9irg4YiOJZbNA. (state.change.logger)
[2023-11-17 07:07:36,040] INFO [Broker id=1] Follower connect-offsets-4 starts at leader epoch 17 from offset 6 with partition epoch 17 and high watermark 6. Current leader is -1. Previous leader Some(-1) and previous leader epoch was 17. (state.change.logger)
[2023-11-17 07:07:36,040] INFO [Broker id=1] Creating new partition __consumer_offsets-17 with topic id 10LZlZ2BQIeYFrIhNo5bDA. (state.change.logger)
[2023-11-17 07:07:36,042] INFO [Broker id=1] Follower __consumer_offsets-17 starts at leader epoch 17 from offset 0 with partition epoch 17 and high watermark 0. Current leader is -1. Previous leader Some(-1) and previous leader epoch was 17. (state.change.logger)
[2023-11-17 07:07:36,042] INFO [Broker id=1] Creating new partition coord-0 with topic id jf3uSxE9ReGk9UEKtbsgfA. (state.change.logger)
[2023-11-17 07:07:36,043] INFO [Broker id=1] Follower coord-0 starts at leader epoch 1 from offset 0 with partition epoch 1 and high watermark 0. Current leader is -1. Previous leader Some(-1) and previous leader epoch was 1. (state.change.logger)
[2023-11-17 07:07:36,043] INFO [Broker id=1] Creating new partition connect-offsets-24 with topic id yrdecQqNQ9irg4YiOJZbNA. (state.change.logger)
[2023-11-17 07:07:36,044] INFO [Broker id=1] Follower connect-offsets-24 starts at leader epoch 17 from offset 0 with partition epoch 17 and high watermark 0. Current leader is -1. Previous leader Some(-1) and previous leader epoch was 17. (state.change.logger)
[2023-11-17 07:07:36,044] INFO [Broker id=1] Creating new partition __consumer_offsets-30 with topic id 10LZlZ2BQIeYFrIhNo5bDA. (state.change.logger)
[2023-11-17 07:07:36,046] INFO [Broker id=1] Follower __consumer_offsets-30 starts at leader epoch 17 from offset 3 with partition epoch 17 and high watermark 3. Current leader is -1. Previous leader Some(-1) and previous leader epoch was 17. (state.change.logger)
[2023-11-17 07:07:36,046] INFO [Broker id=1] Creating new partition __consumer_offsets-26 with topic id 10LZlZ2BQIeYFrIhNo5bDA. (state.change.logger)
[2023-11-17 07:07:36,047] INFO [Broker id=1] Follower __consumer_offsets-26 starts at leader epoch 17 from offset 0 with partition epoch 17 and high watermark 0. Current leader is -1. Previous leader Some(-1) and previous leader epoch was 17. (state.change.logger)
[2023-11-17 07:07:36,047] INFO [Broker id=1] Creating new partition connect-offsets-16 with topic id yrdecQqNQ9irg4YiOJZbNA. (state.change.logger)
[2023-11-17 07:07:36,048] INFO [Broker id=1] Follower connect-offsets-16 starts at leader epoch 17 from offset 0 with partition epoch 17 and high watermark 0. Current leader is -1. Previous leader Some(-1) and previous leader epoch was 17. (state.change.logger)
[2023-11-17 07:07:36,048] INFO [Broker id=1] Creating new partition __consumer_offsets-5 with topic id 10LZlZ2BQIeYFrIhNo5bDA. (state.change.logger)
[2023-11-17 07:07:36,049] INFO [Broker id=1] Follower __consumer_offsets-5 starts at leader epoch 17 from offset 0 with partition epoch 17 and high watermark 0. Current leader is -1. Previous leader Some(-1) and previous leader epoch was 17. (state.change.logger)
[2023-11-17 07:07:36,049] INFO [Broker id=1] Creating new partition __consumer_offsets-38 with topic id 10LZlZ2BQIeYFrIhNo5bDA. (state.change.logger)
[2023-11-17 07:07:36,050] INFO [Broker id=1] Follower __consumer_offsets-38 starts at leader epoch 17 from offset 3 with partition epoch 17 and high watermark 3. Current leader is -1. Previous leader Some(-1) and previous leader epoch was 17. (state.change.logger)
[2023-11-17 07:07:36,050] INFO [Broker id=1] Creating new partition connect-status-0 with topic id 3USHIlMkTeWGuyx8tm5LNw. (state.change.logger)
[2023-11-17 07:07:36,051] INFO [Broker id=1] Follower connect-status-0 starts at leader epoch 17 from offset 0 with partition epoch 17 and high watermark 0. Current leader is -1. Previous leader Some(-1) and previous leader epoch was 17. (state.change.logger)
[2023-11-17 07:07:36,051] INFO [Broker id=1] Creating new partition connect-offsets-20 with topic id yrdecQqNQ9irg4YiOJZbNA. (state.change.logger)
[2023-11-17 07:07:36,051] INFO [Broker id=1] Follower connect-offsets-20 starts at leader epoch 17 from offset 0 with partition epoch 17 and high watermark 0. Current leader is -1. Previous leader Some(-1) and previous leader epoch was 17. (state.change.logger)
[2023-11-17 07:07:36,052] INFO [Broker id=1] Creating new partition __consumer_offsets-1 with topic id 10LZlZ2BQIeYFrIhNo5bDA. (state.change.logger)
[2023-11-17 07:07:36,053] INFO [Broker id=1] Follower __consumer_offsets-1 starts at leader epoch 17 from offset 3 with partition epoch 17 and high watermark 3. Current leader is -1. Previous leader Some(-1) and previous leader epoch was 17. (state.change.logger)
[2023-11-17 07:07:36,053] INFO [Broker id=1] Creating new partition __consumer_offsets-34 with topic id 10LZlZ2BQIeYFrIhNo5bDA. (state.change.logger)
[2023-11-17 07:07:36,054] INFO [Broker id=1] Follower __consumer_offsets-34 starts at leader epoch 17 from offset 0 with partition epoch 17 and high watermark 0. Current leader is -1. Previous leader Some(-1) and previous leader epoch was 17. (state.change.logger)
[2023-11-17 07:07:36,054] INFO [Broker id=1] Creating new partition connect-status-4 with topic id 3USHIlMkTeWGuyx8tm5LNw. (state.change.logger)
[2023-11-17 07:07:36,055] INFO [Broker id=1] Follower connect-status-4 starts at leader epoch 17 from offset 3 with partition epoch 17 and high watermark 3. Current leader is -1. Previous leader Some(-1) and previous leader epoch was 17. (state.change.logger)
[2023-11-17 07:07:36,055] INFO [Broker id=1] Creating new partition connect-offsets-9 with topic id yrdecQqNQ9irg4YiOJZbNA. (state.change.logger)
[2023-11-17 07:07:36,055] INFO [Broker id=1] Follower connect-offsets-9 starts at leader epoch 17 from offset 0 with partition epoch 17 and high watermark 0. Current leader is -1. Previous leader Some(-1) and previous leader epoch was 17. (state.change.logger)
[2023-11-17 07:07:36,055] INFO [Broker id=1] Creating new partition __consumer_offsets-16 with topic id 10LZlZ2BQIeYFrIhNo5bDA. (state.change.logger)
[2023-11-17 07:07:36,056] INFO [Broker id=1] Follower __consumer_offsets-16 starts at leader epoch 17 from offset 0 with partition epoch 17 and high watermark 0. Current leader is -1. Previous leader Some(-1) and previous leader epoch was 17. (state.change.logger)
[2023-11-17 07:07:36,056] INFO [Broker id=1] Creating new partition __consumer_offsets-45 with topic id 10LZlZ2BQIeYFrIhNo5bDA. (state.change.logger)
[2023-11-17 07:07:36,058] INFO [Broker id=1] Follower __consumer_offsets-45 starts at leader epoch 17 from offset 0 with partition epoch 17 and high watermark 0. Current leader is -1. Previous leader Some(-1) and previous leader epoch was 17. (state.change.logger)
[2023-11-17 07:07:36,058] INFO [Broker id=1] Creating new partition connect-offsets-13 with topic id yrdecQqNQ9irg4YiOJZbNA. (state.change.logger)
[2023-11-17 07:07:36,059] INFO [Broker id=1] Follower connect-offsets-13 starts at leader epoch 17 from offset 0 with partition epoch 17 and high watermark 0. Current leader is -1. Previous leader Some(-1) and previous leader epoch was 17. (state.change.logger)
[2023-11-17 07:07:36,059] INFO [Broker id=1] Creating new partition __consumer_offsets-12 with topic id 10LZlZ2BQIeYFrIhNo5bDA. (state.change.logger)
[2023-11-17 07:07:36,059] INFO [Broker id=1] Follower __consumer_offsets-12 starts at leader epoch 17 from offset 0 with partition epoch 17 and high watermark 0. Current leader is -1. Previous leader Some(-1) and previous leader epoch was 17. (state.change.logger)
[2023-11-17 07:07:36,059] INFO [Broker id=1] Creating new partition __consumer_offsets-41 with topic id 10LZlZ2BQIeYFrIhNo5bDA. (state.change.logger)
[2023-11-17 07:07:36,060] INFO [Broker id=1] Follower __consumer_offsets-41 starts at leader epoch 17 from offset 0 with partition epoch 17 and high watermark 0. Current leader is -1. Previous leader Some(-1) and previous leader epoch was 17. (state.change.logger)
[2023-11-17 07:07:36,060] INFO [Broker id=1] Creating new partition connect-offsets-1 with topic id yrdecQqNQ9irg4YiOJZbNA. (state.change.logger)
[2023-11-17 07:07:36,060] INFO [Broker id=1] Follower connect-offsets-1 starts at leader epoch 17 from offset 0 with partition epoch 17 and high watermark 0. Current leader is -1. Previous leader Some(-1) and previous leader epoch was 17. (state.change.logger)
[2023-11-17 07:07:36,060] INFO [Broker id=1] Creating new partition __consumer_offsets-24 with topic id 10LZlZ2BQIeYFrIhNo5bDA. (state.change.logger)
[2023-11-17 07:07:36,061] INFO [Broker id=1] Follower __consumer_offsets-24 starts at leader epoch 17 from offset 0 with partition epoch 17 and high watermark 0. Current leader is -1. Previous leader Some(-1) and previous leader epoch was 17. (state.change.logger)
[2023-11-17 07:07:36,061] INFO [Broker id=1] Creating new partition connect-offsets-5 with topic id yrdecQqNQ9irg4YiOJZbNA. (state.change.logger)
[2023-11-17 07:07:36,062] INFO [Broker id=1] Follower connect-offsets-5 starts at leader epoch 17 from offset 0 with partition epoch 17 and high watermark 0. Current leader is -1. Previous leader Some(-1) and previous leader epoch was 17. (state.change.logger)
[2023-11-17 07:07:36,062] INFO [Broker id=1] Creating new partition __consumer_offsets-20 with topic id 10LZlZ2BQIeYFrIhNo5bDA. (state.change.logger)
[2023-11-17 07:07:36,063] INFO [Broker id=1] Follower __consumer_offsets-20 starts at leader epoch 17 from offset 0 with partition epoch 17 and high watermark 0. Current leader is -1. Previous leader Some(-1) and previous leader epoch was 17. (state.change.logger)
[2023-11-17 07:07:36,063] INFO [Broker id=1] Creating new partition __consumer_offsets-49 with topic id 10LZlZ2BQIeYFrIhNo5bDA. (state.change.logger)
[2023-11-17 07:07:36,063] INFO [Broker id=1] Follower __consumer_offsets-49 starts at leader epoch 17 from offset 0 with partition epoch 17 and high watermark 0. Current leader is -1. Previous leader Some(-1) and previous leader epoch was 17. (state.change.logger)
[2023-11-17 07:07:36,063] INFO [Broker id=1] Creating new partition __consumer_offsets-0 with topic id 10LZlZ2BQIeYFrIhNo5bDA. (state.change.logger)
[2023-11-17 07:07:36,064] INFO [Broker id=1] Follower __consumer_offsets-0 starts at leader epoch 17 from offset 0 with partition epoch 17 and high watermark 0. Current leader is -1. Previous leader Some(-1) and previous leader epoch was 17. (state.change.logger)
[2023-11-17 07:07:36,064] INFO [Broker id=1] Creating new partition __consumer_offsets-29 with topic id 10LZlZ2BQIeYFrIhNo5bDA. (state.change.logger)
[2023-11-17 07:07:36,066] INFO [Broker id=1] Follower __consumer_offsets-29 starts at leader epoch 17 from offset 0 with partition epoch 17 and high watermark 0. Current leader is -1. Previous leader Some(-1) and previous leader epoch was 17. (state.change.logger)
[2023-11-17 07:07:36,066] INFO [Broker id=1] Creating new partition __consumer_offsets-25 with topic id 10LZlZ2BQIeYFrIhNo5bDA. (state.change.logger)
[2023-11-17 07:07:36,067] INFO [Broker id=1] Follower __consumer_offsets-25 starts at leader epoch 17 from offset 3 with partition epoch 17 and high watermark 3. Current leader is -1. Previous leader Some(-1) and previous leader epoch was 17. (state.change.logger)
[2023-11-17 07:07:36,068] INFO [Broker id=1] Creating new partition coffee-0 with topic id YrzqAoQYQJuTQEdXR82Irg. (state.change.logger)
[2023-11-17 07:07:36,069] INFO [Broker id=1] Follower coffee-0 starts at leader epoch 15 from offset 7 with partition epoch 15 and high watermark 7. Current leader is -1. Previous leader Some(-1) and previous leader epoch was 15. (state.change.logger)
[2023-11-17 07:07:36,069] INFO [Broker id=1] Creating new partition connect-offsets-17 with topic id yrdecQqNQ9irg4YiOJZbNA. (state.change.logger)
[2023-11-17 07:07:36,070] INFO [Broker id=1] Follower connect-offsets-17 starts at leader epoch 17 from offset 0 with partition epoch 17 and high watermark 0. Current leader is -1. Previous leader Some(-1) and previous leader epoch was 17. (state.change.logger)
[2023-11-17 07:07:36,070] INFO [Broker id=1] Creating new partition __consumer_offsets-8 with topic id 10LZlZ2BQIeYFrIhNo5bDA. (state.change.logger)
[2023-11-17 07:07:36,071] INFO [Broker id=1] Follower __consumer_offsets-8 starts at leader epoch 17 from offset 3 with partition epoch 17 and high watermark 3. Current leader is -1. Previous leader Some(-1) and previous leader epoch was 17. (state.change.logger)
[2023-11-17 07:07:36,071] INFO [Broker id=1] Creating new partition __consumer_offsets-37 with topic id 10LZlZ2BQIeYFrIhNo5bDA. (state.change.logger)
[2023-11-17 07:07:36,073] INFO [Broker id=1] Follower __consumer_offsets-37 starts at leader epoch 17 from offset 0 with partition epoch 17 and high watermark 0. Current leader is -1. Previous leader Some(-1) and previous leader epoch was 17. (state.change.logger)
[2023-11-17 07:07:36,073] INFO [Broker id=1] Creating new partition connect-offsets-21 with topic id yrdecQqNQ9irg4YiOJZbNA. (state.change.logger)
[2023-11-17 07:07:36,074] INFO [Broker id=1] Follower connect-offsets-21 starts at leader epoch 17 from offset 0 with partition epoch 17 and high watermark 0. Current leader is -1. Previous leader Some(-1) and previous leader epoch was 17. (state.change.logger)
[2023-11-17 07:07:36,074] INFO [Broker id=1] Creating new partition __consumer_offsets-4 with topic id 10LZlZ2BQIeYFrIhNo5bDA. (state.change.logger)
[2023-11-17 07:07:36,076] INFO [Broker id=1] Follower __consumer_offsets-4 starts at leader epoch 17 from offset 3 with partition epoch 17 and high watermark 3. Current leader is -1. Previous leader Some(-1) and previous leader epoch was 17. (state.change.logger)
[2023-11-17 07:07:36,076] INFO [Broker id=1] Creating new partition __consumer_offsets-33 with topic id 10LZlZ2BQIeYFrIhNo5bDA. (state.change.logger)
[2023-11-17 07:07:36,077] INFO [Broker id=1] Follower __consumer_offsets-33 starts at leader epoch 17 from offset 3 with partition epoch 17 and high watermark 3. Current leader is -1. Previous leader Some(-1) and previous leader epoch was 17. (state.change.logger)
[2023-11-17 07:07:36,077] INFO [Broker id=1] Creating new partition connect-status-3 with topic id 3USHIlMkTeWGuyx8tm5LNw. (state.change.logger)
[2023-11-17 07:07:36,078] INFO [Broker id=1] Follower connect-status-3 starts at leader epoch 17 from offset 0 with partition epoch 17 and high watermark 0. Current leader is -1. Previous leader Some(-1) and previous leader epoch was 17. (state.change.logger)
[2023-11-17 07:07:36,078] INFO [Broker id=1] Creating new partition connect-offsets-10 with topic id yrdecQqNQ9irg4YiOJZbNA. (state.change.logger)
[2023-11-17 07:07:36,079] INFO [Broker id=1] Follower connect-offsets-10 starts at leader epoch 17 from offset 0 with partition epoch 17 and high watermark 0. Current leader is -1. Previous leader Some(-1) and previous leader epoch was 17. (state.change.logger)
[2023-11-17 07:07:36,079] INFO [Broker id=1] Creating new partition __consumer_offsets-15 with topic id 10LZlZ2BQIeYFrIhNo5bDA. (state.change.logger)
[2023-11-17 07:07:36,080] INFO [Broker id=1] Follower __consumer_offsets-15 starts at leader epoch 17 from offset 3 with partition epoch 17 and high watermark 3. Current leader is -1. Previous leader Some(-1) and previous leader epoch was 17. (state.change.logger)
[2023-11-17 07:07:36,080] INFO [Broker id=1] Creating new partition connect-configs-0 with topic id YiX8cRjpTNCuHfy8zUuVsQ. (state.change.logger)
[2023-11-17 07:07:36,081] INFO [Broker id=1] Follower connect-configs-0 starts at leader epoch 17 from offset 52 with partition epoch 17 and high watermark 52. Current leader is -1. Previous leader Some(-1) and previous leader epoch was 17. (state.change.logger)
[2023-11-17 07:07:36,081] INFO [Broker id=1] Creating new partition __consumer_offsets-48 with topic id 10LZlZ2BQIeYFrIhNo5bDA. (state.change.logger)
[2023-11-17 07:07:36,082] INFO [Broker id=1] Follower __consumer_offsets-48 starts at leader epoch 17 from offset 0 with partition epoch 17 and high watermark 0. Current leader is -1. Previous leader Some(-1) and previous leader epoch was 17. (state.change.logger)
[2023-11-17 07:07:36,082] INFO [Broker id=1] Creating new partition connect-offsets-14 with topic id yrdecQqNQ9irg4YiOJZbNA. (state.change.logger)
[2023-11-17 07:07:36,082] INFO [Broker id=1] Follower connect-offsets-14 starts at leader epoch 17 from offset 0 with partition epoch 17 and high watermark 0. Current leader is -1. Previous leader Some(-1) and previous leader epoch was 17. (state.change.logger)
[2023-11-17 07:07:36,082] INFO [Broker id=1] Creating new partition __consumer_offsets-11 with topic id 10LZlZ2BQIeYFrIhNo5bDA. (state.change.logger)
[2023-11-17 07:07:36,083] INFO [Broker id=1] Follower __consumer_offsets-11 starts at leader epoch 17 from offset 3 with partition epoch 17 and high watermark 3. Current leader is -1. Previous leader Some(-1) and previous leader epoch was 17. (state.change.logger)
[2023-11-17 07:07:36,083] INFO [Broker id=1] Creating new partition __consumer_offsets-44 with topic id 10LZlZ2BQIeYFrIhNo5bDA. (state.change.logger)
[2023-11-17 07:07:36,086] INFO [Broker id=1] Follower __consumer_offsets-44 starts at leader epoch 17 from offset 0 with partition epoch 17 and high watermark 0. Current leader is -1. Previous leader Some(-1) and previous leader epoch was 17. (state.change.logger)
[2023-11-17 07:07:36,086] INFO [Broker id=1] Creating new partition connect-offsets-2 with topic id yrdecQqNQ9irg4YiOJZbNA. (state.change.logger)
[2023-11-17 07:07:36,087] INFO [Broker id=1] Follower connect-offsets-2 starts at leader epoch 17 from offset 0 with partition epoch 17 and high watermark 0. Current leader is -1. Previous leader Some(-1) and previous leader epoch was 17. (state.change.logger)
[2023-11-17 07:07:36,087] INFO [Broker id=1] Creating new partition __consumer_offsets-23 with topic id 10LZlZ2BQIeYFrIhNo5bDA. (state.change.logger)
[2023-11-17 07:07:36,088] INFO [Broker id=1] Follower __consumer_offsets-23 starts at leader epoch 17 from offset 0 with partition epoch 17 and high watermark 0. Current leader is -1. Previous leader Some(-1) and previous leader epoch was 17. (state.change.logger)
[2023-11-17 07:07:36,088] INFO [Broker id=1] Creating new partition connect-offsets-6 with topic id yrdecQqNQ9irg4YiOJZbNA. (state.change.logger)
[2023-11-17 07:07:36,089] INFO [Broker id=1] Follower connect-offsets-6 starts at leader epoch 17 from offset 0 with partition epoch 17 and high watermark 0. Current leader is -1. Previous leader Some(-1) and previous leader epoch was 17. (state.change.logger)
[2023-11-17 07:07:36,089] INFO [Broker id=1] Creating new partition __consumer_offsets-19 with topic id 10LZlZ2BQIeYFrIhNo5bDA. (state.change.logger)
[2023-11-17 07:07:36,090] INFO [Broker id=1] Follower __consumer_offsets-19 starts at leader epoch 17 from offset 0 with partition epoch 17 and high watermark 0. Current leader is -1. Previous leader Some(-1) and previous leader epoch was 17. (state.change.logger)
[2023-11-17 07:07:36,090] INFO [Broker id=1] Creating new partition __consumer_offsets-32 with topic id 10LZlZ2BQIeYFrIhNo5bDA. (state.change.logger)
[2023-11-17 07:07:36,091] INFO [Broker id=1] Follower __consumer_offsets-32 starts at leader epoch 17 from offset 2 with partition epoch 17 and high watermark 2. Current leader is -1. Previous leader Some(-1) and previous leader epoch was 17. (state.change.logger)
[2023-11-17 07:07:36,091] INFO [Broker id=1] Creating new partition __consumer_offsets-28 with topic id 10LZlZ2BQIeYFrIhNo5bDA. (state.change.logger)
[2023-11-17 07:07:36,092] INFO [Broker id=1] Follower __consumer_offsets-28 starts at leader epoch 17 from offset 3 with partition epoch 17 and high watermark 3. Current leader is -1. Previous leader Some(-1) and previous leader epoch was 17. (state.change.logger)
[2023-11-17 07:07:36,092] INFO [Broker id=1] Creating new partition connect-offsets-18 with topic id yrdecQqNQ9irg4YiOJZbNA. (state.change.logger)
[2023-11-17 07:07:36,095] INFO [Broker id=1] Follower connect-offsets-18 starts at leader epoch 17 from offset 0 with partition epoch 17 and high watermark 0. Current leader is -1. Previous leader Some(-1) and previous leader epoch was 17. (state.change.logger)
[2023-11-17 07:07:36,095] INFO [Broker id=1] Creating new partition __consumer_offsets-7 with topic id 10LZlZ2BQIeYFrIhNo5bDA. (state.change.logger)
[2023-11-17 07:07:36,098] INFO [Broker id=1] Follower __consumer_offsets-7 starts at leader epoch 17 from offset 3 with partition epoch 17 and high watermark 3. Current leader is -1. Previous leader Some(-1) and previous leader epoch was 17. (state.change.logger)
[2023-11-17 07:07:36,098] INFO [Broker id=1] Creating new partition __consumer_offsets-40 with topic id 10LZlZ2BQIeYFrIhNo5bDA. (state.change.logger)
[2023-11-17 07:07:36,099] INFO [Broker id=1] Follower __consumer_offsets-40 starts at leader epoch 17 from offset 3 with partition epoch 17 and high watermark 3. Current leader is -1. Previous leader Some(-1) and previous leader epoch was 17. (state.change.logger)
[2023-11-17 07:07:36,099] INFO [Broker id=1] Creating new partition connect-status-2 with topic id 3USHIlMkTeWGuyx8tm5LNw. (state.change.logger)
[2023-11-17 07:07:36,100] INFO [Broker id=1] Follower connect-status-2 starts at leader epoch 17 from offset 7 with partition epoch 17 and high watermark 7. Current leader is -1. Previous leader Some(-1) and previous leader epoch was 17. (state.change.logger)
[2023-11-17 07:07:36,100] INFO [Broker id=1] Creating new partition connect-offsets-22 with topic id yrdecQqNQ9irg4YiOJZbNA. (state.change.logger)
[2023-11-17 07:07:36,102] INFO [Broker id=1] Follower connect-offsets-22 starts at leader epoch 17 from offset 0 with partition epoch 17 and high watermark 0. Current leader is -1. Previous leader Some(-1) and previous leader epoch was 17. (state.change.logger)
[2023-11-17 07:07:36,103] INFO [Broker id=1] Creating new partition __consumer_offsets-3 with topic id 10LZlZ2BQIeYFrIhNo5bDA. (state.change.logger)
[2023-11-17 07:07:36,104] INFO [Broker id=1] Follower __consumer_offsets-3 starts at leader epoch 17 from offset 0 with partition epoch 17 and high watermark 0. Current leader is -1. Previous leader Some(-1) and previous leader epoch was 17. (state.change.logger)
[2023-11-17 07:07:36,104] INFO [Broker id=1] Creating new partition __consumer_offsets-36 with topic id 10LZlZ2BQIeYFrIhNo5bDA. (state.change.logger)
[2023-11-17 07:07:36,105] INFO [Broker id=1] Follower __consumer_offsets-36 starts at leader epoch 17 from offset 3 with partition epoch 17 and high watermark 3. Current leader is -1. Previous leader Some(-1) and previous leader epoch was 17. (state.change.logger)
[2023-11-17 07:07:36,105] INFO [Broker id=1] Creating new partition __consumer_offsets-47 with topic id 10LZlZ2BQIeYFrIhNo5bDA. (state.change.logger)
[2023-11-17 07:07:36,105] INFO [Broker id=1] Follower __consumer_offsets-47 starts at leader epoch 17 from offset 9 with partition epoch 17 and high watermark 9. Current leader is -1. Previous leader Some(-1) and previous leader epoch was 17. (state.change.logger)
[2023-11-17 07:07:36,105] INFO [Broker id=1] Creating new partition connect-offsets-7 with topic id yrdecQqNQ9irg4YiOJZbNA. (state.change.logger)
[2023-11-17 07:07:36,106] INFO [Broker id=1] Follower connect-offsets-7 starts at leader epoch 17 from offset 0 with partition epoch 17 and high watermark 0. Current leader is -1. Previous leader Some(-1) and previous leader epoch was 17. (state.change.logger)
[2023-11-17 07:07:36,106] INFO [Broker id=1] Creating new partition __consumer_offsets-14 with topic id 10LZlZ2BQIeYFrIhNo5bDA. (state.change.logger)
[2023-11-17 07:07:36,106] INFO [Broker id=1] Follower __consumer_offsets-14 starts at leader epoch 17 from offset 0 with partition epoch 17 and high watermark 0. Current leader is -1. Previous leader Some(-1) and previous leader epoch was 17. (state.change.logger)
[2023-11-17 07:07:36,106] INFO [Broker id=1] Creating new partition __consumer_offsets-43 with topic id 10LZlZ2BQIeYFrIhNo5bDA. (state.change.logger)
[2023-11-17 07:07:36,107] INFO [Broker id=1] Follower __consumer_offsets-43 starts at leader epoch 17 from offset 3 with partition epoch 17 and high watermark 3. Current leader is -1. Previous leader Some(-1) and previous leader epoch was 17. (state.change.logger)
[2023-11-17 07:07:36,107] INFO [Broker id=1] Creating new partition connect-offsets-11 with topic id yrdecQqNQ9irg4YiOJZbNA. (state.change.logger)
[2023-11-17 07:07:36,109] INFO [Broker id=1] Follower connect-offsets-11 starts at leader epoch 17 from offset 0 with partition epoch 17 and high watermark 0. Current leader is -1. Previous leader Some(-1) and previous leader epoch was 17. (state.change.logger)
[2023-11-17 07:07:36,110] INFO [Broker id=1] Creating new partition __consumer_offsets-10 with topic id 10LZlZ2BQIeYFrIhNo5bDA. (state.change.logger)
[2023-11-17 07:07:36,110] INFO [Broker id=1] Follower __consumer_offsets-10 starts at leader epoch 17 from offset 2 with partition epoch 17 and high watermark 2. Current leader is -1. Previous leader Some(-1) and previous leader epoch was 17. (state.change.logger)
[2023-11-17 07:07:36,110] INFO [Broker id=1] Creating new partition _confluent-command-0 with topic id O7jpOgwlTx2krA9YqfAYwg. (state.change.logger)
[2023-11-17 07:07:36,111] INFO [Broker id=1] Follower _confluent-command-0 starts at leader epoch 1 from offset 0 with partition epoch 1 and high watermark 0. Current leader is -1. Previous leader Some(-1) and previous leader epoch was 1. (state.change.logger)
[2023-11-17 07:07:36,111] INFO [Broker id=1] Creating new partition __consumer_offsets-22 with topic id 10LZlZ2BQIeYFrIhNo5bDA. (state.change.logger)
[2023-11-17 07:07:36,111] INFO [Broker id=1] Follower __consumer_offsets-22 starts at leader epoch 17 from offset 0 with partition epoch 17 and high watermark 0. Current leader is -1. Previous leader Some(-1) and previous leader epoch was 17. (state.change.logger)
[2023-11-17 07:07:36,111] INFO [Broker id=1] Creating new partition connect-offsets-3 with topic id yrdecQqNQ9irg4YiOJZbNA. (state.change.logger)
[2023-11-17 07:07:36,112] INFO [Broker id=1] Follower connect-offsets-3 starts at leader epoch 17 from offset 0 with partition epoch 17 and high watermark 0. Current leader is -1. Previous leader Some(-1) and previous leader epoch was 17. (state.change.logger)
[2023-11-17 07:07:36,112] INFO [Broker id=1] Creating new partition __consumer_offsets-18 with topic id 10LZlZ2BQIeYFrIhNo5bDA. (state.change.logger)
[2023-11-17 07:07:36,112] INFO [Broker id=1] Follower __consumer_offsets-18 starts at leader epoch 17 from offset 0 with partition epoch 17 and high watermark 0. Current leader is -1. Previous leader Some(-1) and previous leader epoch was 17. (state.change.logger)
[2023-11-17 07:07:36,112] INFO [Broker id=1] Creating new partition __consumer_offsets-31 with topic id 10LZlZ2BQIeYFrIhNo5bDA. (state.change.logger)
[2023-11-17 07:07:36,113] INFO [Broker id=1] Follower __consumer_offsets-31 starts at leader epoch 17 from offset 0 with partition epoch 17 and high watermark 0. Current leader is -1. Previous leader Some(-1) and previous leader epoch was 17. (state.change.logger)
[2023-11-17 07:07:36,113] INFO [Broker id=1] Creating new partition connect-offsets-23 with topic id yrdecQqNQ9irg4YiOJZbNA. (state.change.logger)
[2023-11-17 07:07:36,113] INFO [Broker id=1] Follower connect-offsets-23 starts at leader epoch 17 from offset 0 with partition epoch 17 and high watermark 0. Current leader is -1. Previous leader Some(-1) and previous leader epoch was 17. (state.change.logger)
[2023-11-17 07:07:36,113] INFO [Broker id=1] Creating new partition __consumer_offsets-27 with topic id 10LZlZ2BQIeYFrIhNo5bDA. (state.change.logger)
[2023-11-17 07:07:36,114] INFO [Broker id=1] Follower __consumer_offsets-27 starts at leader epoch 17 from offset 9 with partition epoch 17 and high watermark 9. Current leader is -1. Previous leader Some(-1) and previous leader epoch was 17. (state.change.logger)
[2023-11-17 07:07:36,114] INFO [Broker id=1] Creating new partition __consumer_offsets-39 with topic id 10LZlZ2BQIeYFrIhNo5bDA. (state.change.logger)
[2023-11-17 07:07:36,115] INFO [Broker id=1] Follower __consumer_offsets-39 starts at leader epoch 17 from offset 3 with partition epoch 17 and high watermark 3. Current leader is -1. Previous leader Some(-1) and previous leader epoch was 17. (state.change.logger)
[2023-11-17 07:07:36,115] INFO [Broker id=1] Creating new partition connect-status-1 with topic id 3USHIlMkTeWGuyx8tm5LNw. (state.change.logger)
[2023-11-17 07:07:36,117] INFO [Broker id=1] Follower connect-status-1 starts at leader epoch 17 from offset 41 with partition epoch 17 and high watermark 41. Current leader is -1. Previous leader Some(-1) and previous leader epoch was 17. (state.change.logger)
[2023-11-17 07:07:36,117] INFO [Broker id=1] Creating new partition connect-offsets-15 with topic id yrdecQqNQ9irg4YiOJZbNA. (state.change.logger)
[2023-11-17 07:07:36,118] INFO [Broker id=1] Follower connect-offsets-15 starts at leader epoch 17 from offset 0 with partition epoch 17 and high watermark 0. Current leader is -1. Previous leader Some(-1) and previous leader epoch was 17. (state.change.logger)
[2023-11-17 07:07:36,118] INFO [Broker id=1] Creating new partition __consumer_offsets-6 with topic id 10LZlZ2BQIeYFrIhNo5bDA. (state.change.logger)
[2023-11-17 07:07:36,118] INFO [Broker id=1] Follower __consumer_offsets-6 starts at leader epoch 17 from offset 0 with partition epoch 17 and high watermark 0. Current leader is -1. Previous leader Some(-1) and previous leader epoch was 17. (state.change.logger)
[2023-11-17 07:07:36,118] INFO [Broker id=1] Creating new partition __consumer_offsets-35 with topic id 10LZlZ2BQIeYFrIhNo5bDA. (state.change.logger)
[2023-11-17 07:07:36,119] INFO [Broker id=1] Follower __consumer_offsets-35 starts at leader epoch 17 from offset 9 with partition epoch 17 and high watermark 9. Current leader is -1. Previous leader Some(-1) and previous leader epoch was 17. (state.change.logger)
[2023-11-17 07:07:36,119] INFO [Broker id=1] Creating new partition connect-offsets-19 with topic id yrdecQqNQ9irg4YiOJZbNA. (state.change.logger)
[2023-11-17 07:07:36,121] INFO [Broker id=1] Follower connect-offsets-19 starts at leader epoch 17 from offset 0 with partition epoch 17 and high watermark 0. Current leader is -1. Previous leader Some(-1) and previous leader epoch was 17. (state.change.logger)
[2023-11-17 07:07:36,121] INFO [Broker id=1] Creating new partition __consumer_offsets-2 with topic id 10LZlZ2BQIeYFrIhNo5bDA. (state.change.logger)
[2023-11-17 07:07:36,122] INFO [Broker id=1] Follower __consumer_offsets-2 starts at leader epoch 17 from offset 3 with partition epoch 17 and high watermark 3. Current leader is -1. Previous leader Some(-1) and previous leader epoch was 17. (state.change.logger)
[2023-11-17 07:07:36,122] INFO [Broker id=1] Creating new partition test_t-0 with topic id QTaBxZNjTl-WZYF7P9p-oQ. (state.change.logger)
[2023-11-17 07:07:36,122] INFO [Broker id=1] Follower test_t-0 starts at leader epoch 15 from offset 0 with partition epoch 15 and high watermark 0. Current leader is -1. Previous leader Some(-1) and previous leader epoch was 15. (state.change.logger)
[2023-11-17 07:07:36,124] INFO [Broker id=1] Stopped fetchers as part of become-follower for 86 partitions (state.change.logger)
[2023-11-17 07:07:36,130] INFO [Broker id=1] Started fetchers as part of become-follower for 86 partitions (state.change.logger)
[2023-11-17 07:07:36,304] INFO [Broker id=1] Transitioning 86 partition(s) to local leaders. (state.change.logger)
[2023-11-17 07:07:36,322] INFO [Broker id=1] Leader connect-offsets-8 with topic id Some(yrdecQqNQ9irg4YiOJZbNA) starts at leader epoch 18 from offset 0 with partition epoch 18, high watermark 0, ISR [1], adding replicas [] and removing replicas [] . Previous leader Some(-1) and previous leader epoch was 17. (state.change.logger)
[2023-11-17 07:07:36,332] INFO [Broker id=1] Leader __consumer_offsets-13 with topic id Some(10LZlZ2BQIeYFrIhNo5bDA) starts at leader epoch 18 from offset 43 with partition epoch 18, high watermark 43, ISR [1], adding replicas [] and removing replicas [] . Previous leader Some(-1) and previous leader epoch was 17. (state.change.logger)
[2023-11-17 07:07:36,340] INFO [Broker id=1] Leader __consumer_offsets-46 with topic id Some(10LZlZ2BQIeYFrIhNo5bDA) starts at leader epoch 18 from offset 3 with partition epoch 18, high watermark 3, ISR [1], adding replicas [] and removing replicas [] . Previous leader Some(-1) and previous leader epoch was 17. (state.change.logger)
[2023-11-17 07:07:36,346] INFO [Broker id=1] Leader connect-offsets-12 with topic id Some(yrdecQqNQ9irg4YiOJZbNA) starts at leader epoch 18 from offset 0 with partition epoch 18, high watermark 0, ISR [1], adding replicas [] and removing replicas [] . Previous leader Some(-1) and previous leader epoch was 17. (state.change.logger)
[2023-11-17 07:07:36,351] INFO [Broker id=1] Leader __consumer_offsets-9 with topic id Some(10LZlZ2BQIeYFrIhNo5bDA) starts at leader epoch 18 from offset 3 with partition epoch 18, high watermark 3, ISR [1], adding replicas [] and removing replicas [] . Previous leader Some(-1) and previous leader epoch was 17. (state.change.logger)
[2023-11-17 07:07:36,356] INFO [Broker id=1] Leader __consumer_offsets-42 with topic id Some(10LZlZ2BQIeYFrIhNo5bDA) starts at leader epoch 18 from offset 3 with partition epoch 18, high watermark 3, ISR [1], adding replicas [] and removing replicas [] . Previous leader Some(-1) and previous leader epoch was 17. (state.change.logger)
[2023-11-17 07:07:36,362] INFO [Broker id=1] Leader connect-offsets-0 with topic id Some(yrdecQqNQ9irg4YiOJZbNA) starts at leader epoch 18 from offset 0 with partition epoch 18, high watermark 0, ISR [1], adding replicas [] and removing replicas [] . Previous leader Some(-1) and previous leader epoch was 17. (state.change.logger)
[2023-11-17 07:07:36,367] INFO [Broker id=1] Leader __consumer_offsets-21 with topic id Some(10LZlZ2BQIeYFrIhNo5bDA) starts at leader epoch 18 from offset 0 with partition epoch 18, high watermark 0, ISR [1], adding replicas [] and removing replicas [] . Previous leader Some(-1) and previous leader epoch was 17. (state.change.logger)
[2023-11-17 07:07:36,373] INFO [Broker id=1] Leader test-t-0 with topic id Some(1zPjrev3TGa_QXhIQbOK3A) starts at leader epoch 16 from offset 2 with partition epoch 16, high watermark 2, ISR [1], adding replicas [] and removing replicas [] . Previous leader Some(-1) and previous leader epoch was 15. (state.change.logger)
[2023-11-17 07:07:36,378] INFO [Broker id=1] Leader connect-offsets-4 with topic id Some(yrdecQqNQ9irg4YiOJZbNA) starts at leader epoch 18 from offset 6 with partition epoch 18, high watermark 6, ISR [1], adding replicas [] and removing replicas [] . Previous leader Some(-1) and previous leader epoch was 17. (state.change.logger)
[2023-11-17 07:07:36,384] INFO [Broker id=1] Leader __consumer_offsets-17 with topic id Some(10LZlZ2BQIeYFrIhNo5bDA) starts at leader epoch 18 from offset 0 with partition epoch 18, high watermark 0, ISR [1], adding replicas [] and removing replicas [] . Previous leader Some(-1) and previous leader epoch was 17. (state.change.logger)
[2023-11-17 07:07:36,389] INFO [Broker id=1] Leader coord-0 with topic id Some(jf3uSxE9ReGk9UEKtbsgfA) starts at leader epoch 2 from offset 0 with partition epoch 2, high watermark 0, ISR [1], adding replicas [] and removing replicas [] . Previous leader Some(-1) and previous leader epoch was 1. (state.change.logger)
[2023-11-17 07:07:36,394] INFO [Broker id=1] Leader connect-offsets-24 with topic id Some(yrdecQqNQ9irg4YiOJZbNA) starts at leader epoch 18 from offset 0 with partition epoch 18, high watermark 0, ISR [1], adding replicas [] and removing replicas [] . Previous leader Some(-1) and previous leader epoch was 17. (state.change.logger)
[2023-11-17 07:07:36,399] INFO [Broker id=1] Leader __consumer_offsets-30 with topic id Some(10LZlZ2BQIeYFrIhNo5bDA) starts at leader epoch 18 from offset 3 with partition epoch 18, high watermark 3, ISR [1], adding replicas [] and removing replicas [] . Previous leader Some(-1) and previous leader epoch was 17. (state.change.logger)
[2023-11-17 07:07:36,404] INFO [Broker id=1] Leader __consumer_offsets-26 with topic id Some(10LZlZ2BQIeYFrIhNo5bDA) starts at leader epoch 18 from offset 0 with partition epoch 18, high watermark 0, ISR [1], adding replicas [] and removing replicas [] . Previous leader Some(-1) and previous leader epoch was 17. (state.change.logger)
[2023-11-17 07:07:36,410] INFO [Broker id=1] Leader connect-offsets-16 with topic id Some(yrdecQqNQ9irg4YiOJZbNA) starts at leader epoch 18 from offset 0 with partition epoch 18, high watermark 0, ISR [1], adding replicas [] and removing replicas [] . Previous leader Some(-1) and previous leader epoch was 17. (state.change.logger)
[2023-11-17 07:07:36,415] INFO [Broker id=1] Leader __consumer_offsets-5 with topic id Some(10LZlZ2BQIeYFrIhNo5bDA) starts at leader epoch 18 from offset 0 with partition epoch 18, high watermark 0, ISR [1], adding replicas [] and removing replicas [] . Previous leader Some(-1) and previous leader epoch was 17. (state.change.logger)
[2023-11-17 07:07:36,420] INFO [Broker id=1] Leader __consumer_offsets-38 with topic id Some(10LZlZ2BQIeYFrIhNo5bDA) starts at leader epoch 18 from offset 3 with partition epoch 18, high watermark 3, ISR [1], adding replicas [] and removing replicas [] . Previous leader Some(-1) and previous leader epoch was 17. (state.change.logger)
[2023-11-17 07:07:36,425] INFO [Broker id=1] Leader connect-status-0 with topic id Some(3USHIlMkTeWGuyx8tm5LNw) starts at leader epoch 18 from offset 0 with partition epoch 18, high watermark 0, ISR [1], adding replicas [] and removing replicas [] . Previous leader Some(-1) and previous leader epoch was 17. (state.change.logger)
[2023-11-17 07:07:36,430] INFO [Broker id=1] Leader connect-offsets-20 with topic id Some(yrdecQqNQ9irg4YiOJZbNA) starts at leader epoch 18 from offset 0 with partition epoch 18, high watermark 0, ISR [1], adding replicas [] and removing replicas [] . Previous leader Some(-1) and previous leader epoch was 17. (state.change.logger)
[2023-11-17 07:07:36,435] INFO [Broker id=1] Leader __consumer_offsets-1 with topic id Some(10LZlZ2BQIeYFrIhNo5bDA) starts at leader epoch 18 from offset 3 with partition epoch 18, high watermark 3, ISR [1], adding replicas [] and removing replicas [] . Previous leader Some(-1) and previous leader epoch was 17. (state.change.logger)
[2023-11-17 07:07:36,441] INFO [Broker id=1] Leader __consumer_offsets-34 with topic id Some(10LZlZ2BQIeYFrIhNo5bDA) starts at leader epoch 18 from offset 0 with partition epoch 18, high watermark 0, ISR [1], adding replicas [] and removing replicas [] . Previous leader Some(-1) and previous leader epoch was 17. (state.change.logger)
[2023-11-17 07:07:36,446] INFO [Broker id=1] Leader connect-status-4 with topic id Some(3USHIlMkTeWGuyx8tm5LNw) starts at leader epoch 18 from offset 3 with partition epoch 18, high watermark 3, ISR [1], adding replicas [] and removing replicas [] . Previous leader Some(-1) and previous leader epoch was 17. (state.change.logger)
[2023-11-17 07:07:36,451] INFO [Broker id=1] Leader connect-offsets-9 with topic id Some(yrdecQqNQ9irg4YiOJZbNA) starts at leader epoch 18 from offset 0 with partition epoch 18, high watermark 0, ISR [1], adding replicas [] and removing replicas [] . Previous leader Some(-1) and previous leader epoch was 17. (state.change.logger)
[2023-11-17 07:07:36,457] INFO [Broker id=1] Leader __consumer_offsets-16 with topic id Some(10LZlZ2BQIeYFrIhNo5bDA) starts at leader epoch 18 from offset 0 with partition epoch 18, high watermark 0, ISR [1], adding replicas [] and removing replicas [] . Previous leader Some(-1) and previous leader epoch was 17. (state.change.logger)
[2023-11-17 07:07:36,462] INFO [Broker id=1] Leader __consumer_offsets-45 with topic id Some(10LZlZ2BQIeYFrIhNo5bDA) starts at leader epoch 18 from offset 0 with partition epoch 18, high watermark 0, ISR [1], adding replicas [] and removing replicas [] . Previous leader Some(-1) and previous leader epoch was 17. (state.change.logger)
[2023-11-17 07:07:36,467] INFO [Broker id=1] Leader connect-offsets-13 with topic id Some(yrdecQqNQ9irg4YiOJZbNA) starts at leader epoch 18 from offset 0 with partition epoch 18, high watermark 0, ISR [1], adding replicas [] and removing replicas [] . Previous leader Some(-1) and previous leader epoch was 17. (state.change.logger)
[2023-11-17 07:07:36,473] INFO [Broker id=1] Leader __consumer_offsets-12 with topic id Some(10LZlZ2BQIeYFrIhNo5bDA) starts at leader epoch 18 from offset 0 with partition epoch 18, high watermark 0, ISR [1], adding replicas [] and removing replicas [] . Previous leader Some(-1) and previous leader epoch was 17. (state.change.logger)
[2023-11-17 07:07:36,478] INFO [Broker id=1] Leader __consumer_offsets-41 with topic id Some(10LZlZ2BQIeYFrIhNo5bDA) starts at leader epoch 18 from offset 0 with partition epoch 18, high watermark 0, ISR [1], adding replicas [] and removing replicas [] . Previous leader Some(-1) and previous leader epoch was 17. (state.change.logger)
[2023-11-17 07:07:36,483] INFO [Broker id=1] Leader connect-offsets-1 with topic id Some(yrdecQqNQ9irg4YiOJZbNA) starts at leader epoch 18 from offset 0 with partition epoch 18, high watermark 0, ISR [1], adding replicas [] and removing replicas [] . Previous leader Some(-1) and previous leader epoch was 17. (state.change.logger)
[2023-11-17 07:07:36,488] INFO [Broker id=1] Leader __consumer_offsets-24 with topic id Some(10LZlZ2BQIeYFrIhNo5bDA) starts at leader epoch 18 from offset 0 with partition epoch 18, high watermark 0, ISR [1], adding replicas [] and removing replicas [] . Previous leader Some(-1) and previous leader epoch was 17. (state.change.logger)
[2023-11-17 07:07:36,493] INFO [Broker id=1] Leader connect-offsets-5 with topic id Some(yrdecQqNQ9irg4YiOJZbNA) starts at leader epoch 18 from offset 0 with partition epoch 18, high watermark 0, ISR [1], adding replicas [] and removing replicas [] . Previous leader Some(-1) and previous leader epoch was 17. (state.change.logger)
[2023-11-17 07:07:36,499] INFO [Broker id=1] Leader __consumer_offsets-20 with topic id Some(10LZlZ2BQIeYFrIhNo5bDA) starts at leader epoch 18 from offset 0 with partition epoch 18, high watermark 0, ISR [1], adding replicas [] and removing replicas [] . Previous leader Some(-1) and previous leader epoch was 17. (state.change.logger)
[2023-11-17 07:07:36,511] INFO [Broker id=1] Leader __consumer_offsets-49 with topic id Some(10LZlZ2BQIeYFrIhNo5bDA) starts at leader epoch 18 from offset 0 with partition epoch 18, high watermark 0, ISR [1], adding replicas [] and removing replicas [] . Previous leader Some(-1) and previous leader epoch was 17. (state.change.logger)
[2023-11-17 07:07:36,516] INFO [Broker id=1] Leader __consumer_offsets-0 with topic id Some(10LZlZ2BQIeYFrIhNo5bDA) starts at leader epoch 18 from offset 0 with partition epoch 18, high watermark 0, ISR [1], adding replicas [] and removing replicas [] . Previous leader Some(-1) and previous leader epoch was 17. (state.change.logger)
[2023-11-17 07:07:36,522] INFO [Broker id=1] Leader __consumer_offsets-29 with topic id Some(10LZlZ2BQIeYFrIhNo5bDA) starts at leader epoch 18 from offset 0 with partition epoch 18, high watermark 0, ISR [1], adding replicas [] and removing replicas [] . Previous leader Some(-1) and previous leader epoch was 17. (state.change.logger)
[2023-11-17 07:07:36,527] INFO [Broker id=1] Leader __consumer_offsets-25 with topic id Some(10LZlZ2BQIeYFrIhNo5bDA) starts at leader epoch 18 from offset 3 with partition epoch 18, high watermark 3, ISR [1], adding replicas [] and removing replicas [] . Previous leader Some(-1) and previous leader epoch was 17. (state.change.logger)
[2023-11-17 07:07:36,533] INFO [Broker id=1] Leader coffee-0 with topic id Some(YrzqAoQYQJuTQEdXR82Irg) starts at leader epoch 16 from offset 7 with partition epoch 16, high watermark 7, ISR [1], adding replicas [] and removing replicas [] . Previous leader Some(-1) and previous leader epoch was 15. (state.change.logger)
[2023-11-17 07:07:36,539] INFO [Broker id=1] Leader connect-offsets-17 with topic id Some(yrdecQqNQ9irg4YiOJZbNA) starts at leader epoch 18 from offset 0 with partition epoch 18, high watermark 0, ISR [1], adding replicas [] and removing replicas [] . Previous leader Some(-1) and previous leader epoch was 17. (state.change.logger)
[2023-11-17 07:07:36,544] INFO [Broker id=1] Leader __consumer_offsets-8 with topic id Some(10LZlZ2BQIeYFrIhNo5bDA) starts at leader epoch 18 from offset 3 with partition epoch 18, high watermark 3, ISR [1], adding replicas [] and removing replicas [] . Previous leader Some(-1) and previous leader epoch was 17. (state.change.logger)
[2023-11-17 07:07:36,550] INFO [Broker id=1] Leader __consumer_offsets-37 with topic id Some(10LZlZ2BQIeYFrIhNo5bDA) starts at leader epoch 18 from offset 0 with partition epoch 18, high watermark 0, ISR [1], adding replicas [] and removing replicas [] . Previous leader Some(-1) and previous leader epoch was 17. (state.change.logger)
[2023-11-17 07:07:36,555] INFO [Broker id=1] Leader connect-offsets-21 with topic id Some(yrdecQqNQ9irg4YiOJZbNA) starts at leader epoch 18 from offset 0 with partition epoch 18, high watermark 0, ISR [1], adding replicas [] and removing replicas [] . Previous leader Some(-1) and previous leader epoch was 17. (state.change.logger)
[2023-11-17 07:07:36,561] INFO [Broker id=1] Leader __consumer_offsets-4 with topic id Some(10LZlZ2BQIeYFrIhNo5bDA) starts at leader epoch 18 from offset 3 with partition epoch 18, high watermark 3, ISR [1], adding replicas [] and removing replicas [] . Previous leader Some(-1) and previous leader epoch was 17. (state.change.logger)
[2023-11-17 07:07:36,566] INFO [Broker id=1] Leader __consumer_offsets-33 with topic id Some(10LZlZ2BQIeYFrIhNo5bDA) starts at leader epoch 18 from offset 3 with partition epoch 18, high watermark 3, ISR [1], adding replicas [] and removing replicas [] . Previous leader Some(-1) and previous leader epoch was 17. (state.change.logger)
[2023-11-17 07:07:36,572] INFO [Broker id=1] Leader connect-status-3 with topic id Some(3USHIlMkTeWGuyx8tm5LNw) starts at leader epoch 18 from offset 0 with partition epoch 18, high watermark 0, ISR [1], adding replicas [] and removing replicas [] . Previous leader Some(-1) and previous leader epoch was 17. (state.change.logger)
[2023-11-17 07:07:36,578] INFO [Broker id=1] Leader connect-offsets-10 with topic id Some(yrdecQqNQ9irg4YiOJZbNA) starts at leader epoch 18 from offset 0 with partition epoch 18, high watermark 0, ISR [1], adding replicas [] and removing replicas [] . Previous leader Some(-1) and previous leader epoch was 17. (state.change.logger)
[2023-11-17 07:07:36,584] INFO [Broker id=1] Leader __consumer_offsets-15 with topic id Some(10LZlZ2BQIeYFrIhNo5bDA) starts at leader epoch 18 from offset 3 with partition epoch 18, high watermark 3, ISR [1], adding replicas [] and removing replicas [] . Previous leader Some(-1) and previous leader epoch was 17. (state.change.logger)
[2023-11-17 07:07:36,590] INFO [Broker id=1] Leader connect-configs-0 with topic id Some(YiX8cRjpTNCuHfy8zUuVsQ) starts at leader epoch 18 from offset 52 with partition epoch 18, high watermark 52, ISR [1], adding replicas [] and removing replicas [] . Previous leader Some(-1) and previous leader epoch was 17. (state.change.logger)
[2023-11-17 07:07:36,596] INFO [Broker id=1] Leader __consumer_offsets-48 with topic id Some(10LZlZ2BQIeYFrIhNo5bDA) starts at leader epoch 18 from offset 0 with partition epoch 18, high watermark 0, ISR [1], adding replicas [] and removing replicas [] . Previous leader Some(-1) and previous leader epoch was 17. (state.change.logger)
[2023-11-17 07:07:36,603] INFO [Broker id=1] Leader connect-offsets-14 with topic id Some(yrdecQqNQ9irg4YiOJZbNA) starts at leader epoch 18 from offset 0 with partition epoch 18, high watermark 0, ISR [1], adding replicas [] and removing replicas [] . Previous leader Some(-1) and previous leader epoch was 17. (state.change.logger)
[2023-11-17 07:07:36,614] INFO [Broker id=1] Leader __consumer_offsets-11 with topic id Some(10LZlZ2BQIeYFrIhNo5bDA) starts at leader epoch 18 from offset 3 with partition epoch 18, high watermark 3, ISR [1], adding replicas [] and removing replicas [] . Previous leader Some(-1) and previous leader epoch was 17. (state.change.logger)
[2023-11-17 07:07:36,619] INFO [Broker id=1] Leader __consumer_offsets-44 with topic id Some(10LZlZ2BQIeYFrIhNo5bDA) starts at leader epoch 18 from offset 0 with partition epoch 18, high watermark 0, ISR [1], adding replicas [] and removing replicas [] . Previous leader Some(-1) and previous leader epoch was 17. (state.change.logger)
[2023-11-17 07:07:36,624] INFO [Broker id=1] Leader connect-offsets-2 with topic id Some(yrdecQqNQ9irg4YiOJZbNA) starts at leader epoch 18 from offset 0 with partition epoch 18, high watermark 0, ISR [1], adding replicas [] and removing replicas [] . Previous leader Some(-1) and previous leader epoch was 17. (state.change.logger)
[2023-11-17 07:07:36,629] INFO [Broker id=1] Leader __consumer_offsets-23 with topic id Some(10LZlZ2BQIeYFrIhNo5bDA) starts at leader epoch 18 from offset 0 with partition epoch 18, high watermark 0, ISR [1], adding replicas [] and removing replicas [] . Previous leader Some(-1) and previous leader epoch was 17. (state.change.logger)
[2023-11-17 07:07:36,635] INFO [Broker id=1] Leader connect-offsets-6 with topic id Some(yrdecQqNQ9irg4YiOJZbNA) starts at leader epoch 18 from offset 0 with partition epoch 18, high watermark 0, ISR [1], adding replicas [] and removing replicas [] . Previous leader Some(-1) and previous leader epoch was 17. (state.change.logger)
[2023-11-17 07:07:36,640] INFO [Broker id=1] Leader __consumer_offsets-19 with topic id Some(10LZlZ2BQIeYFrIhNo5bDA) starts at leader epoch 18 from offset 0 with partition epoch 18, high watermark 0, ISR [1], adding replicas [] and removing replicas [] . Previous leader Some(-1) and previous leader epoch was 17. (state.change.logger)
[2023-11-17 07:07:36,646] INFO [Broker id=1] Leader __consumer_offsets-32 with topic id Some(10LZlZ2BQIeYFrIhNo5bDA) starts at leader epoch 18 from offset 2 with partition epoch 18, high watermark 2, ISR [1], adding replicas [] and removing replicas [] . Previous leader Some(-1) and previous leader epoch was 17. (state.change.logger)
[2023-11-17 07:07:36,652] INFO [Broker id=1] Leader __consumer_offsets-28 with topic id Some(10LZlZ2BQIeYFrIhNo5bDA) starts at leader epoch 18 from offset 3 with partition epoch 18, high watermark 3, ISR [1], adding replicas [] and removing replicas [] . Previous leader Some(-1) and previous leader epoch was 17. (state.change.logger)
[2023-11-17 07:07:36,658] INFO [Broker id=1] Leader connect-offsets-18 with topic id Some(yrdecQqNQ9irg4YiOJZbNA) starts at leader epoch 18 from offset 0 with partition epoch 18, high watermark 0, ISR [1], adding replicas [] and removing replicas [] . Previous leader Some(-1) and previous leader epoch was 17. (state.change.logger)
[2023-11-17 07:07:36,663] INFO [Broker id=1] Leader __consumer_offsets-7 with topic id Some(10LZlZ2BQIeYFrIhNo5bDA) starts at leader epoch 18 from offset 3 with partition epoch 18, high watermark 3, ISR [1], adding replicas [] and removing replicas [] . Previous leader Some(-1) and previous leader epoch was 17. (state.change.logger)
[2023-11-17 07:07:36,668] INFO [Broker id=1] Leader __consumer_offsets-40 with topic id Some(10LZlZ2BQIeYFrIhNo5bDA) starts at leader epoch 18 from offset 3 with partition epoch 18, high watermark 3, ISR [1], adding replicas [] and removing replicas [] . Previous leader Some(-1) and previous leader epoch was 17. (state.change.logger)
[2023-11-17 07:07:36,673] INFO [Broker id=1] Leader connect-status-2 with topic id Some(3USHIlMkTeWGuyx8tm5LNw) starts at leader epoch 18 from offset 7 with partition epoch 18, high watermark 7, ISR [1], adding replicas [] and removing replicas [] . Previous leader Some(-1) and previous leader epoch was 17. (state.change.logger)
[2023-11-17 07:07:36,679] INFO [Broker id=1] Leader connect-offsets-22 with topic id Some(yrdecQqNQ9irg4YiOJZbNA) starts at leader epoch 18 from offset 0 with partition epoch 18, high watermark 0, ISR [1], adding replicas [] and removing replicas [] . Previous leader Some(-1) and previous leader epoch was 17. (state.change.logger)
[2023-11-17 07:07:36,684] INFO [Broker id=1] Leader __consumer_offsets-3 with topic id Some(10LZlZ2BQIeYFrIhNo5bDA) starts at leader epoch 18 from offset 0 with partition epoch 18, high watermark 0, ISR [1], adding replicas [] and removing replicas [] . Previous leader Some(-1) and previous leader epoch was 17. (state.change.logger)
[2023-11-17 07:07:36,690] INFO [Broker id=1] Leader __consumer_offsets-36 with topic id Some(10LZlZ2BQIeYFrIhNo5bDA) starts at leader epoch 18 from offset 3 with partition epoch 18, high watermark 3, ISR [1], adding replicas [] and removing replicas [] . Previous leader Some(-1) and previous leader epoch was 17. (state.change.logger)
[2023-11-17 07:07:36,695] INFO [Broker id=1] Leader __consumer_offsets-47 with topic id Some(10LZlZ2BQIeYFrIhNo5bDA) starts at leader epoch 18 from offset 9 with partition epoch 18, high watermark 9, ISR [1], adding replicas [] and removing replicas [] . Previous leader Some(-1) and previous leader epoch was 17. (state.change.logger)
[2023-11-17 07:07:36,700] INFO [Broker id=1] Leader connect-offsets-7 with topic id Some(yrdecQqNQ9irg4YiOJZbNA) starts at leader epoch 18 from offset 0 with partition epoch 18, high watermark 0, ISR [1], adding replicas [] and removing replicas [] . Previous leader Some(-1) and previous leader epoch was 17. (state.change.logger)
[2023-11-17 07:07:36,705] INFO [Broker id=1] Leader __consumer_offsets-14 with topic id Some(10LZlZ2BQIeYFrIhNo5bDA) starts at leader epoch 18 from offset 0 with partition epoch 18, high watermark 0, ISR [1], adding replicas [] and removing replicas [] . Previous leader Some(-1) and previous leader epoch was 17. (state.change.logger)
[2023-11-17 07:07:36,710] INFO [Broker id=1] Leader __consumer_offsets-43 with topic id Some(10LZlZ2BQIeYFrIhNo5bDA) starts at leader epoch 18 from offset 3 with partition epoch 18, high watermark 3, ISR [1], adding replicas [] and removing replicas [] . Previous leader Some(-1) and previous leader epoch was 17. (state.change.logger)
[2023-11-17 07:07:36,716] INFO [Broker id=1] Leader connect-offsets-11 with topic id Some(yrdecQqNQ9irg4YiOJZbNA) starts at leader epoch 18 from offset 0 with partition epoch 18, high watermark 0, ISR [1], adding replicas [] and removing replicas [] . Previous leader Some(-1) and previous leader epoch was 17. (state.change.logger)
[2023-11-17 07:07:36,721] INFO [Broker id=1] Leader __consumer_offsets-10 with topic id Some(10LZlZ2BQIeYFrIhNo5bDA) starts at leader epoch 18 from offset 2 with partition epoch 18, high watermark 2, ISR [1], adding replicas [] and removing replicas [] . Previous leader Some(-1) and previous leader epoch was 17. (state.change.logger)
[2023-11-17 07:07:36,726] INFO [Broker id=1] Leader _confluent-command-0 with topic id Some(O7jpOgwlTx2krA9YqfAYwg) starts at leader epoch 2 from offset 0 with partition epoch 2, high watermark 0, ISR [1], adding replicas [] and removing replicas [] . Previous leader Some(-1) and previous leader epoch was 1. (state.change.logger)
[2023-11-17 07:07:36,731] INFO [Broker id=1] Leader __consumer_offsets-22 with topic id Some(10LZlZ2BQIeYFrIhNo5bDA) starts at leader epoch 18 from offset 0 with partition epoch 18, high watermark 0, ISR [1], adding replicas [] and removing replicas [] . Previous leader Some(-1) and previous leader epoch was 17. (state.change.logger)
[2023-11-17 07:07:36,736] INFO [Broker id=1] Leader connect-offsets-3 with topic id Some(yrdecQqNQ9irg4YiOJZbNA) starts at leader epoch 18 from offset 0 with partition epoch 18, high watermark 0, ISR [1], adding replicas [] and removing replicas [] . Previous leader Some(-1) and previous leader epoch was 17. (state.change.logger)
[2023-11-17 07:07:36,741] INFO [Broker id=1] Leader __consumer_offsets-18 with topic id Some(10LZlZ2BQIeYFrIhNo5bDA) starts at leader epoch 18 from offset 0 with partition epoch 18, high watermark 0, ISR [1], adding replicas [] and removing replicas [] . Previous leader Some(-1) and previous leader epoch was 17. (state.change.logger)
[2023-11-17 07:07:36,747] INFO [Broker id=1] Leader __consumer_offsets-31 with topic id Some(10LZlZ2BQIeYFrIhNo5bDA) starts at leader epoch 18 from offset 0 with partition epoch 18, high watermark 0, ISR [1], adding replicas [] and removing replicas [] . Previous leader Some(-1) and previous leader epoch was 17. (state.change.logger)
[2023-11-17 07:07:36,752] INFO [Broker id=1] Leader connect-offsets-23 with topic id Some(yrdecQqNQ9irg4YiOJZbNA) starts at leader epoch 18 from offset 0 with partition epoch 18, high watermark 0, ISR [1], adding replicas [] and removing replicas [] . Previous leader Some(-1) and previous leader epoch was 17. (state.change.logger)
[2023-11-17 07:07:36,757] INFO [Broker id=1] Leader __consumer_offsets-27 with topic id Some(10LZlZ2BQIeYFrIhNo5bDA) starts at leader epoch 18 from offset 9 with partition epoch 18, high watermark 9, ISR [1], adding replicas [] and removing replicas [] . Previous leader Some(-1) and previous leader epoch was 17. (state.change.logger)
[2023-11-17 07:07:36,762] INFO [Broker id=1] Leader __consumer_offsets-39 with topic id Some(10LZlZ2BQIeYFrIhNo5bDA) starts at leader epoch 18 from offset 3 with partition epoch 18, high watermark 3, ISR [1], adding replicas [] and removing replicas [] . Previous leader Some(-1) and previous leader epoch was 17. (state.change.logger)
[2023-11-17 07:07:36,767] INFO [Broker id=1] Leader connect-status-1 with topic id Some(3USHIlMkTeWGuyx8tm5LNw) starts at leader epoch 18 from offset 41 with partition epoch 18, high watermark 41, ISR [1], adding replicas [] and removing replicas [] . Previous leader Some(-1) and previous leader epoch was 17. (state.change.logger)
[2023-11-17 07:07:36,772] INFO [Broker id=1] Leader connect-offsets-15 with topic id Some(yrdecQqNQ9irg4YiOJZbNA) starts at leader epoch 18 from offset 0 with partition epoch 18, high watermark 0, ISR [1], adding replicas [] and removing replicas [] . Previous leader Some(-1) and previous leader epoch was 17. (state.change.logger)
[2023-11-17 07:07:36,778] INFO [Broker id=1] Leader __consumer_offsets-6 with topic id Some(10LZlZ2BQIeYFrIhNo5bDA) starts at leader epoch 18 from offset 0 with partition epoch 18, high watermark 0, ISR [1], adding replicas [] and removing replicas [] . Previous leader Some(-1) and previous leader epoch was 17. (state.change.logger)
[2023-11-17 07:07:36,783] INFO [Broker id=1] Leader __consumer_offsets-35 with topic id Some(10LZlZ2BQIeYFrIhNo5bDA) starts at leader epoch 18 from offset 9 with partition epoch 18, high watermark 9, ISR [1], adding replicas [] and removing replicas [] . Previous leader Some(-1) and previous leader epoch was 17. (state.change.logger)
[2023-11-17 07:07:36,788] INFO [Broker id=1] Leader connect-offsets-19 with topic id Some(yrdecQqNQ9irg4YiOJZbNA) starts at leader epoch 18 from offset 0 with partition epoch 18, high watermark 0, ISR [1], adding replicas [] and removing replicas [] . Previous leader Some(-1) and previous leader epoch was 17. (state.change.logger)
[2023-11-17 07:07:36,793] INFO [Broker id=1] Leader __consumer_offsets-2 with topic id Some(10LZlZ2BQIeYFrIhNo5bDA) starts at leader epoch 18 from offset 3 with partition epoch 18, high watermark 3, ISR [1], adding replicas [] and removing replicas [] . Previous leader Some(-1) and previous leader epoch was 17. (state.change.logger)
[2023-11-17 07:07:36,799] INFO [Broker id=1] Leader test_t-0 with topic id Some(QTaBxZNjTl-WZYF7P9p-oQ) starts at leader epoch 16 from offset 0 with partition epoch 16, high watermark 0, ISR [1], adding replicas [] and removing replicas [] . Previous leader Some(-1) and previous leader epoch was 15. (state.change.logger)
